[0.200s] DEBUG:colcon:Command line arguments: ['/usr/bin/colcon', 'build', '--allow-overriding', 'ros2_control_demo_description', 'ros2_control_demo_example_7']
[0.200s] DEBUG:colcon:Parsed command line arguments: Namespace(log_base=None, log_level=None, verb_name='build', build_base='build', install_base='install', merge_install=False, symlink_install=False, test_result_base=None, continue_on_error=False, executor='parallel', parallel_workers=20, event_handlers=None, ignore_user_meta=False, metas=['./colcon.meta'], base_paths=['.'], packages_ignore=None, packages_ignore_regex=None, paths=None, packages_up_to=None, packages_up_to_regex=None, packages_above=None, packages_above_and_dependencies=None, packages_above_depth=None, packages_select_by_dep=None, packages_skip_by_dep=None, packages_skip_up_to=None, packages_select_build_failed=False, packages_skip_build_finished=False, packages_select_test_failures=False, packages_skip_test_passed=False, packages_select=None, packages_skip=None, packages_select_regex=None, packages_skip_regex=None, packages_start=None, packages_end=None, allow_overriding=['ros2_control_demo_description', 'ros2_control_demo_example_7'], cmake_args=None, cmake_target=None, cmake_target_skip_unavailable=False, cmake_clean_cache=False, cmake_clean_first=False, cmake_force_configure=False, ament_cmake_args=None, catkin_cmake_args=None, catkin_skip_building_tests=False, mixin_files=None, mixin=None, verb_parser=<colcon_mixin.mixin.mixin_argument.MixinArgumentDecorator object at 0x7f08f290bca0>, verb_extension=<colcon_core.verb.build.BuildVerb object at 0x7f08f2adcb80>, main=<bound method BuildVerb.main of <colcon_core.verb.build.BuildVerb object at 0x7f08f2adcb80>>, mixin_verb=('build',))
[0.459s] Level 1:colcon.colcon_core.package_discovery:discover_packages(colcon_meta) check parameters
[0.459s] Level 1:colcon.colcon_core.package_discovery:discover_packages(recursive) check parameters
[0.459s] Level 1:colcon.colcon_core.package_discovery:discover_packages(ignore) check parameters
[0.459s] Level 1:colcon.colcon_core.package_discovery:discover_packages(path) check parameters
[0.459s] Level 1:colcon.colcon_core.package_discovery:discover_packages(colcon_meta) discover
[0.459s] Level 1:colcon.colcon_core.package_discovery:discover_packages(recursive) discover
[0.459s] INFO:colcon.colcon_core.package_discovery:Crawling recursively for packages in '/home/sonvv/ros_control/Robots_6_axes_basic'
[0.459s] Level 1:colcon.colcon_core.package_identification:_identify(.) by extensions ['ignore', 'ignore_ament_install']
[0.459s] Level 1:colcon.colcon_core.package_identification:_identify(.) by extension 'ignore'
[0.459s] Level 1:colcon.colcon_core.package_identification:_identify(.) by extension 'ignore_ament_install'
[0.459s] Level 1:colcon.colcon_core.package_identification:_identify(.) by extensions ['colcon_pkg']
[0.459s] Level 1:colcon.colcon_core.package_identification:_identify(.) by extension 'colcon_pkg'
[0.459s] Level 1:colcon.colcon_core.package_identification:_identify(.) by extensions ['colcon_meta']
[0.460s] Level 1:colcon.colcon_core.package_identification:_identify(.) by extension 'colcon_meta'
[0.460s] Level 1:colcon.colcon_core.package_identification:_identify(.) by extensions ['ros']
[0.460s] Level 1:colcon.colcon_core.package_identification:_identify(.) by extension 'ros'
[0.472s] Level 1:colcon.colcon_core.package_identification:_identify(.) by extensions ['cmake', 'python']
[0.472s] Level 1:colcon.colcon_core.package_identification:_identify(.) by extension 'cmake'
[0.473s] Level 1:colcon.colcon_core.package_identification:_identify(.) by extension 'python'
[0.473s] Level 1:colcon.colcon_core.package_identification:_identify(.) by extensions ['python_setup_py']
[0.473s] Level 1:colcon.colcon_core.package_identification:_identify(.) by extension 'python_setup_py'
[0.473s] Level 1:colcon.colcon_core.package_identification:_identify(build) by extensions ['ignore', 'ignore_ament_install']
[0.473s] Level 1:colcon.colcon_core.package_identification:_identify(build) by extension 'ignore'
[0.473s] Level 1:colcon.colcon_core.package_identification:_identify(build) ignored
[0.473s] Level 1:colcon.colcon_core.package_identification:_identify(install) by extensions ['ignore', 'ignore_ament_install']
[0.473s] Level 1:colcon.colcon_core.package_identification:_identify(install) by extension 'ignore'
[0.473s] Level 1:colcon.colcon_core.package_identification:_identify(install) ignored
[0.473s] Level 1:colcon.colcon_core.package_identification:_identify(log) by extensions ['ignore', 'ignore_ament_install']
[0.473s] Level 1:colcon.colcon_core.package_identification:_identify(log) by extension 'ignore'
[0.473s] Level 1:colcon.colcon_core.package_identification:_identify(log) ignored
[0.473s] Level 1:colcon.colcon_core.package_identification:_identify(src) by extensions ['ignore', 'ignore_ament_install']
[0.473s] Level 1:colcon.colcon_core.package_identification:_identify(src) by extension 'ignore'
[0.473s] Level 1:colcon.colcon_core.package_identification:_identify(src) by extension 'ignore_ament_install'
[0.473s] Level 1:colcon.colcon_core.package_identification:_identify(src) by extensions ['colcon_pkg']
[0.473s] Level 1:colcon.colcon_core.package_identification:_identify(src) by extension 'colcon_pkg'
[0.473s] Level 1:colcon.colcon_core.package_identification:_identify(src) by extensions ['colcon_meta']
[0.473s] Level 1:colcon.colcon_core.package_identification:_identify(src) by extension 'colcon_meta'
[0.473s] Level 1:colcon.colcon_core.package_identification:_identify(src) by extensions ['ros']
[0.473s] Level 1:colcon.colcon_core.package_identification:_identify(src) by extension 'ros'
[0.474s] Level 1:colcon.colcon_core.package_identification:_identify(src) by extensions ['cmake', 'python']
[0.474s] Level 1:colcon.colcon_core.package_identification:_identify(src) by extension 'cmake'
[0.474s] Level 1:colcon.colcon_core.package_identification:_identify(src) by extension 'python'
[0.474s] Level 1:colcon.colcon_core.package_identification:_identify(src) by extensions ['python_setup_py']
[0.474s] Level 1:colcon.colcon_core.package_identification:_identify(src) by extension 'python_setup_py'
[0.474s] Level 1:colcon.colcon_core.package_identification:_identify(src/core) by extensions ['ignore', 'ignore_ament_install']
[0.474s] Level 1:colcon.colcon_core.package_identification:_identify(src/core) by extension 'ignore'
[0.474s] Level 1:colcon.colcon_core.package_identification:_identify(src/core) by extension 'ignore_ament_install'
[0.474s] Level 1:colcon.colcon_core.package_identification:_identify(src/core) by extensions ['colcon_pkg']
[0.474s] Level 1:colcon.colcon_core.package_identification:_identify(src/core) by extension 'colcon_pkg'
[0.474s] Level 1:colcon.colcon_core.package_identification:_identify(src/core) by extensions ['colcon_meta']
[0.474s] Level 1:colcon.colcon_core.package_identification:_identify(src/core) by extension 'colcon_meta'
[0.474s] Level 1:colcon.colcon_core.package_identification:_identify(src/core) by extensions ['ros']
[0.474s] Level 1:colcon.colcon_core.package_identification:_identify(src/core) by extension 'ros'
[0.477s] DEBUG:colcon.colcon_core.package_identification:Package 'src/core' with type 'ros.ament_cmake' and name 'ros2_control_demo_example_7'
[0.478s] Level 1:colcon.colcon_core.package_identification:_identify(src/ros2_control_demo_description) by extensions ['ignore', 'ignore_ament_install']
[0.478s] Level 1:colcon.colcon_core.package_identification:_identify(src/ros2_control_demo_description) by extension 'ignore'
[0.478s] Level 1:colcon.colcon_core.package_identification:_identify(src/ros2_control_demo_description) by extension 'ignore_ament_install'
[0.478s] Level 1:colcon.colcon_core.package_identification:_identify(src/ros2_control_demo_description) by extensions ['colcon_pkg']
[0.478s] Level 1:colcon.colcon_core.package_identification:_identify(src/ros2_control_demo_description) by extension 'colcon_pkg'
[0.478s] Level 1:colcon.colcon_core.package_identification:_identify(src/ros2_control_demo_description) by extensions ['colcon_meta']
[0.478s] Level 1:colcon.colcon_core.package_identification:_identify(src/ros2_control_demo_description) by extension 'colcon_meta'
[0.478s] Level 1:colcon.colcon_core.package_identification:_identify(src/ros2_control_demo_description) by extensions ['ros']
[0.478s] Level 1:colcon.colcon_core.package_identification:_identify(src/ros2_control_demo_description) by extension 'ros'
[0.479s] DEBUG:colcon.colcon_core.package_identification:Package 'src/ros2_control_demo_description' with type 'ros.ament_cmake' and name 'ros2_control_demo_description'
[0.479s] Level 1:colcon.colcon_core.package_discovery:discover_packages(recursive) using defaults
[0.479s] Level 1:colcon.colcon_core.package_discovery:discover_packages(ignore) discover
[0.479s] Level 1:colcon.colcon_core.package_discovery:discover_packages(ignore) using defaults
[0.479s] Level 1:colcon.colcon_core.package_discovery:discover_packages(path) discover
[0.479s] Level 1:colcon.colcon_core.package_discovery:discover_packages(path) using defaults
[0.514s] Level 1:colcon.colcon_core.package_discovery:discover_packages(prefix_path) check parameters
[0.514s] Level 1:colcon.colcon_core.package_discovery:discover_packages(prefix_path) discover
[0.534s] DEBUG:colcon.colcon_installed_package_information.package_discovery:Found 61 installed packages in /home/sonvv/ros2_ws/install
[0.535s] DEBUG:colcon.colcon_installed_package_information.package_discovery:Found 18 installed packages in /home/sonvv/ros2_control_demo/install
[0.538s] DEBUG:colcon.colcon_installed_package_information.package_discovery:Found 322 installed packages in /opt/ros/humble
[0.540s] Level 1:colcon.colcon_core.package_discovery:discover_packages(prefix_path) using defaults
[0.647s] Level 5:colcon.colcon_core.verb:set package 'ros2_control_demo_description' build argument 'cmake_args' from command line to 'None'
[0.647s] Level 5:colcon.colcon_core.verb:set package 'ros2_control_demo_description' build argument 'cmake_target' from command line to 'None'
[0.647s] Level 5:colcon.colcon_core.verb:set package 'ros2_control_demo_description' build argument 'cmake_target_skip_unavailable' from command line to 'False'
[0.647s] Level 5:colcon.colcon_core.verb:set package 'ros2_control_demo_description' build argument 'cmake_clean_cache' from command line to 'False'
[0.647s] Level 5:colcon.colcon_core.verb:set package 'ros2_control_demo_description' build argument 'cmake_clean_first' from command line to 'False'
[0.647s] Level 5:colcon.colcon_core.verb:set package 'ros2_control_demo_description' build argument 'cmake_force_configure' from command line to 'False'
[0.647s] Level 5:colcon.colcon_core.verb:set package 'ros2_control_demo_description' build argument 'ament_cmake_args' from command line to 'None'
[0.647s] Level 5:colcon.colcon_core.verb:set package 'ros2_control_demo_description' build argument 'catkin_cmake_args' from command line to 'None'
[0.647s] Level 5:colcon.colcon_core.verb:set package 'ros2_control_demo_description' build argument 'catkin_skip_building_tests' from command line to 'False'
[0.647s] DEBUG:colcon.colcon_core.verb:Building package 'ros2_control_demo_description' with the following arguments: {'ament_cmake_args': None, 'build_base': '/home/sonvv/ros_control/Robots_6_axes_basic/build/ros2_control_demo_description', 'catkin_cmake_args': None, 'catkin_skip_building_tests': False, 'cmake_args': None, 'cmake_clean_cache': False, 'cmake_clean_first': False, 'cmake_force_configure': False, 'cmake_target': None, 'cmake_target_skip_unavailable': False, 'install_base': '/home/sonvv/ros_control/Robots_6_axes_basic/install/ros2_control_demo_description', 'merge_install': False, 'path': '/home/sonvv/ros_control/Robots_6_axes_basic/src/ros2_control_demo_description', 'symlink_install': False, 'test_result_base': None}
[0.647s] Level 5:colcon.colcon_core.verb:set package 'ros2_control_demo_example_7' build argument 'cmake_args' from command line to 'None'
[0.647s] Level 5:colcon.colcon_core.verb:set package 'ros2_control_demo_example_7' build argument 'cmake_target' from command line to 'None'
[0.647s] Level 5:colcon.colcon_core.verb:set package 'ros2_control_demo_example_7' build argument 'cmake_target_skip_unavailable' from command line to 'False'
[0.647s] Level 5:colcon.colcon_core.verb:set package 'ros2_control_demo_example_7' build argument 'cmake_clean_cache' from command line to 'False'
[0.647s] Level 5:colcon.colcon_core.verb:set package 'ros2_control_demo_example_7' build argument 'cmake_clean_first' from command line to 'False'
[0.647s] Level 5:colcon.colcon_core.verb:set package 'ros2_control_demo_example_7' build argument 'cmake_force_configure' from command line to 'False'
[0.647s] Level 5:colcon.colcon_core.verb:set package 'ros2_control_demo_example_7' build argument 'ament_cmake_args' from command line to 'None'
[0.647s] Level 5:colcon.colcon_core.verb:set package 'ros2_control_demo_example_7' build argument 'catkin_cmake_args' from command line to 'None'
[0.647s] Level 5:colcon.colcon_core.verb:set package 'ros2_control_demo_example_7' build argument 'catkin_skip_building_tests' from command line to 'False'
[0.647s] DEBUG:colcon.colcon_core.verb:Building package 'ros2_control_demo_example_7' with the following arguments: {'ament_cmake_args': None, 'build_base': '/home/sonvv/ros_control/Robots_6_axes_basic/build/ros2_control_demo_example_7', 'catkin_cmake_args': None, 'catkin_skip_building_tests': False, 'cmake_args': None, 'cmake_clean_cache': False, 'cmake_clean_first': False, 'cmake_force_configure': False, 'cmake_target': None, 'cmake_target_skip_unavailable': False, 'install_base': '/home/sonvv/ros_control/Robots_6_axes_basic/install/ros2_control_demo_example_7', 'merge_install': False, 'path': '/home/sonvv/ros_control/Robots_6_axes_basic/src/core', 'symlink_install': False, 'test_result_base': None}
[0.647s] INFO:colcon.colcon_core.executor:Executing jobs using 'parallel' executor
[0.648s] DEBUG:colcon.colcon_parallel_executor.executor.parallel:run_until_complete
[0.649s] INFO:colcon.colcon_ros.task.ament_cmake.build:Building ROS package in '/home/sonvv/ros_control/Robots_6_axes_basic/src/ros2_control_demo_description' with build type 'ament_cmake'
[0.649s] INFO:colcon.colcon_cmake.task.cmake.build:Building CMake package in '/home/sonvv/ros_control/Robots_6_axes_basic/src/ros2_control_demo_description'
[0.655s] INFO:colcon.colcon_core.plugin_system:Skipping extension 'colcon_core.shell.bat': Not used on non-Windows systems
[0.655s] INFO:colcon.colcon_core.shell:Skip shell extension 'powershell' for command environment: Not usable outside of PowerShell
[0.655s] DEBUG:colcon.colcon_core.shell:Skip shell extension 'dsv' for command environment
[0.667s] DEBUG:colcon.colcon_core.event_handler.log_command:Invoking command in '/home/sonvv/ros_control/Robots_6_axes_basic/build/ros2_control_demo_description': CMAKE_PREFIX_PATH=${CMAKE_PREFIX_PATH}:/home/sonvv/ros2_ws/install/rqt_joint_trajectory_controller:/home/sonvv/ros2_ws/install/rqt_controller_manager:/home/sonvv/ros2_ws/install/ros2controlcli:/home/sonvv/ros2_ws/install/ros2_controllers_test_nodes:/home/sonvv/ros2_ws/install/ros2_control_demo_testing:/home/sonvv/ros2_control_demo/install/ros2_control_demo_testing:/opt/ros/humble /usr/local/bin/cmake --build /home/sonvv/ros_control/Robots_6_axes_basic/build/ros2_control_demo_description -- -j20 -l20
[0.707s] DEBUG:colcon.colcon_core.event_handler.log_command:Invoked command in '/home/sonvv/ros_control/Robots_6_axes_basic/build/ros2_control_demo_description' returned '0': CMAKE_PREFIX_PATH=${CMAKE_PREFIX_PATH}:/home/sonvv/ros2_ws/install/rqt_joint_trajectory_controller:/home/sonvv/ros2_ws/install/rqt_controller_manager:/home/sonvv/ros2_ws/install/ros2controlcli:/home/sonvv/ros2_ws/install/ros2_controllers_test_nodes:/home/sonvv/ros2_ws/install/ros2_control_demo_testing:/home/sonvv/ros2_control_demo/install/ros2_control_demo_testing:/opt/ros/humble /usr/local/bin/cmake --build /home/sonvv/ros_control/Robots_6_axes_basic/build/ros2_control_demo_description -- -j20 -l20
[0.714s] DEBUG:colcon.colcon_core.event_handler.log_command:Invoking command in '/home/sonvv/ros_control/Robots_6_axes_basic/build/ros2_control_demo_description': CMAKE_PREFIX_PATH=${CMAKE_PREFIX_PATH}:/home/sonvv/ros2_ws/install/rqt_joint_trajectory_controller:/home/sonvv/ros2_ws/install/rqt_controller_manager:/home/sonvv/ros2_ws/install/ros2controlcli:/home/sonvv/ros2_ws/install/ros2_controllers_test_nodes:/home/sonvv/ros2_ws/install/ros2_control_demo_testing:/home/sonvv/ros2_control_demo/install/ros2_control_demo_testing:/opt/ros/humble /usr/local/bin/cmake --install /home/sonvv/ros_control/Robots_6_axes_basic/build/ros2_control_demo_description
[0.726s] Level 1:colcon.colcon_core.environment:create_environment_scripts_only(ros2_control_demo_description)
[0.728s] DEBUG:colcon.colcon_core.event_handler.log_command:Invoked command in '/home/sonvv/ros_control/Robots_6_axes_basic/build/ros2_control_demo_description' returned '0': CMAKE_PREFIX_PATH=${CMAKE_PREFIX_PATH}:/home/sonvv/ros2_ws/install/rqt_joint_trajectory_controller:/home/sonvv/ros2_ws/install/rqt_controller_manager:/home/sonvv/ros2_ws/install/ros2controlcli:/home/sonvv/ros2_ws/install/ros2_controllers_test_nodes:/home/sonvv/ros2_ws/install/ros2_control_demo_testing:/home/sonvv/ros2_control_demo/install/ros2_control_demo_testing:/opt/ros/humble /usr/local/bin/cmake --install /home/sonvv/ros_control/Robots_6_axes_basic/build/ros2_control_demo_description
[0.733s] Level 1:colcon.colcon_core.environment:checking '/home/sonvv/ros_control/Robots_6_axes_basic/install/ros2_control_demo_description' for CMake module files
[0.733s] Level 1:colcon.colcon_core.environment:checking '/home/sonvv/ros_control/Robots_6_axes_basic/install/ros2_control_demo_description' for CMake config files
[0.734s] Level 1:colcon.colcon_core.shell:create_environment_hook('ros2_control_demo_description', 'cmake_prefix_path')
[0.734s] INFO:colcon.colcon_core.shell:Creating environment hook '/home/sonvv/ros_control/Robots_6_axes_basic/install/ros2_control_demo_description/share/ros2_control_demo_description/hook/cmake_prefix_path.ps1'
[0.734s] INFO:colcon.colcon_core.shell:Creating environment descriptor '/home/sonvv/ros_control/Robots_6_axes_basic/install/ros2_control_demo_description/share/ros2_control_demo_description/hook/cmake_prefix_path.dsv'
[0.735s] INFO:colcon.colcon_core.shell:Creating environment hook '/home/sonvv/ros_control/Robots_6_axes_basic/install/ros2_control_demo_description/share/ros2_control_demo_description/hook/cmake_prefix_path.sh'
[0.736s] Level 1:colcon.colcon_core.environment:checking '/home/sonvv/ros_control/Robots_6_axes_basic/install/ros2_control_demo_description/bin'
[0.736s] Level 1:colcon.colcon_core.environment:checking '/home/sonvv/ros_control/Robots_6_axes_basic/install/ros2_control_demo_description/lib/pkgconfig/ros2_control_demo_description.pc'
[0.736s] Level 1:colcon.colcon_core.environment:checking '/home/sonvv/ros_control/Robots_6_axes_basic/install/ros2_control_demo_description/lib/python3.10/site-packages'
[0.736s] Level 1:colcon.colcon_core.environment:checking '/home/sonvv/ros_control/Robots_6_axes_basic/install/ros2_control_demo_description/bin'
[0.736s] INFO:colcon.colcon_core.shell:Creating package script '/home/sonvv/ros_control/Robots_6_axes_basic/install/ros2_control_demo_description/share/ros2_control_demo_description/package.ps1'
[0.737s] INFO:colcon.colcon_core.shell:Creating package descriptor '/home/sonvv/ros_control/Robots_6_axes_basic/install/ros2_control_demo_description/share/ros2_control_demo_description/package.dsv'
[0.737s] INFO:colcon.colcon_core.shell:Creating package script '/home/sonvv/ros_control/Robots_6_axes_basic/install/ros2_control_demo_description/share/ros2_control_demo_description/package.sh'
[0.738s] INFO:colcon.colcon_core.shell:Creating package script '/home/sonvv/ros_control/Robots_6_axes_basic/install/ros2_control_demo_description/share/ros2_control_demo_description/package.bash'
[0.739s] INFO:colcon.colcon_core.shell:Creating package script '/home/sonvv/ros_control/Robots_6_axes_basic/install/ros2_control_demo_description/share/ros2_control_demo_description/package.zsh'
[0.739s] Level 1:colcon.colcon_core.environment:create_file_with_runtime_dependencies(/home/sonvv/ros_control/Robots_6_axes_basic/install/ros2_control_demo_description/share/colcon-core/packages/ros2_control_demo_description)
[0.740s] Level 1:colcon.colcon_core.environment:create_environment_scripts_only(ros2_control_demo_description)
[0.740s] Level 1:colcon.colcon_core.environment:checking '/home/sonvv/ros_control/Robots_6_axes_basic/install/ros2_control_demo_description' for CMake module files
[0.741s] Level 1:colcon.colcon_core.environment:checking '/home/sonvv/ros_control/Robots_6_axes_basic/install/ros2_control_demo_description' for CMake config files
[0.741s] Level 1:colcon.colcon_core.shell:create_environment_hook('ros2_control_demo_description', 'cmake_prefix_path')
[0.741s] INFO:colcon.colcon_core.shell:Creating environment hook '/home/sonvv/ros_control/Robots_6_axes_basic/install/ros2_control_demo_description/share/ros2_control_demo_description/hook/cmake_prefix_path.ps1'
[0.741s] INFO:colcon.colcon_core.shell:Creating environment descriptor '/home/sonvv/ros_control/Robots_6_axes_basic/install/ros2_control_demo_description/share/ros2_control_demo_description/hook/cmake_prefix_path.dsv'
[0.742s] INFO:colcon.colcon_core.shell:Creating environment hook '/home/sonvv/ros_control/Robots_6_axes_basic/install/ros2_control_demo_description/share/ros2_control_demo_description/hook/cmake_prefix_path.sh'
[0.742s] Level 1:colcon.colcon_core.environment:checking '/home/sonvv/ros_control/Robots_6_axes_basic/install/ros2_control_demo_description/bin'
[0.742s] Level 1:colcon.colcon_core.environment:checking '/home/sonvv/ros_control/Robots_6_axes_basic/install/ros2_control_demo_description/lib/pkgconfig/ros2_control_demo_description.pc'
[0.742s] Level 1:colcon.colcon_core.environment:checking '/home/sonvv/ros_control/Robots_6_axes_basic/install/ros2_control_demo_description/lib/python3.10/site-packages'
[0.742s] Level 1:colcon.colcon_core.environment:checking '/home/sonvv/ros_control/Robots_6_axes_basic/install/ros2_control_demo_description/bin'
[0.743s] INFO:colcon.colcon_core.shell:Creating package script '/home/sonvv/ros_control/Robots_6_axes_basic/install/ros2_control_demo_description/share/ros2_control_demo_description/package.ps1'
[0.743s] INFO:colcon.colcon_core.shell:Creating package descriptor '/home/sonvv/ros_control/Robots_6_axes_basic/install/ros2_control_demo_description/share/ros2_control_demo_description/package.dsv'
[0.743s] INFO:colcon.colcon_core.shell:Creating package script '/home/sonvv/ros_control/Robots_6_axes_basic/install/ros2_control_demo_description/share/ros2_control_demo_description/package.sh'
[0.743s] INFO:colcon.colcon_core.shell:Creating package script '/home/sonvv/ros_control/Robots_6_axes_basic/install/ros2_control_demo_description/share/ros2_control_demo_description/package.bash'
[0.744s] INFO:colcon.colcon_core.shell:Creating package script '/home/sonvv/ros_control/Robots_6_axes_basic/install/ros2_control_demo_description/share/ros2_control_demo_description/package.zsh'
[0.744s] Level 1:colcon.colcon_core.environment:create_file_with_runtime_dependencies(/home/sonvv/ros_control/Robots_6_axes_basic/install/ros2_control_demo_description/share/colcon-core/packages/ros2_control_demo_description)
[0.744s] INFO:colcon.colcon_ros.task.ament_cmake.build:Building ROS package in '/home/sonvv/ros_control/Robots_6_axes_basic/src/core' with build type 'ament_cmake'
[0.745s] INFO:colcon.colcon_cmake.task.cmake.build:Building CMake package in '/home/sonvv/ros_control/Robots_6_axes_basic/src/core'
[0.745s] INFO:colcon.colcon_core.shell:Skip shell extension 'powershell' for command environment: Not usable outside of PowerShell
[0.745s] DEBUG:colcon.colcon_core.shell:Skip shell extension 'dsv' for command environment
[0.780s] DEBUG:colcon.colcon_core.event_handler.log_command:Invoking command in '/home/sonvv/ros_control/Robots_6_axes_basic/build/ros2_control_demo_example_7': AMENT_PREFIX_PATH=/home/sonvv/ros_control/Robots_6_axes_basic/install/ros2_control_demo_description:${AMENT_PREFIX_PATH} CMAKE_PREFIX_PATH=/home/sonvv/ros_control/Robots_6_axes_basic/install/ros2_control_demo_description:/home/sonvv/ros2_ws/install/ros2_controllers:/home/sonvv/ros2_ws/install/ros2_control_demos:/home/sonvv/ros2_ws/install/ros2_control_demo_example_3:/home/sonvv/ros2_ws/install/ign_ros2_control_demos:/home/sonvv/ros2_ws/install/gazebo_ros2_control_demos:/home/sonvv/ros2_ws/install/velocity_controllers:/home/sonvv/ros2_ws/install/tricycle_steering_controller:/home/sonvv/ros2_ws/install/tricycle_controller:/home/sonvv/ros2_ws/install/ros2_control_demo_example_8:/home/sonvv/ros2_ws/install/ros2_control:/home/sonvv/ros2_ws/install/transmission_interface:/home/sonvv/ros2_ws/install/ros2_control_demo_example_11:/home/sonvv/ros2_ws/install/bicycle_steering_controller:/home/sonvv/ros2_ws/install/ackermann_steering_controller:/home/sonvv/ros2_ws/install/steering_controllers_library:/home/sonvv/ros2_ws/install/ros2_control_demo_example_9:/home/sonvv/ros2_ws/install/ros2_control_demo_example_7:/home/sonvv/ros2_ws/install/ros2_control_demo_example_6:/home/sonvv/ros2_ws/install/ros2_control_demo_example_15:/home/sonvv/ros2_ws/install/ros2_control_demo_example_13:/home/sonvv/ros2_ws/install/ros2_control_demo_example_5:/home/sonvv/ros2_ws/install/ros2_control_demo_example_4:/home/sonvv/ros2_ws/install/ros2_control_demo_example_2:/home/sonvv/ros2_ws/install/ros2_control_demo_example_14:/home/sonvv/ros2_ws/install/ros2_control_demo_example_12:/home/sonvv/ros2_ws/install/ros2_control_demo_example_10:/home/sonvv/ros2_ws/install/ros2_control_demo_example_1:/home/sonvv/ros2_ws/install/gz_ros2_control_tests:/home/sonvv/ros2_ws/install/ign_ros2_control:/home/sonvv/ros2_ws/install/hardware_interface_testing:/home/sonvv/ros2_ws/install/gazebo_ros2_control:/home/sonvv/ros2_ws/install/controller_manager:/home/sonvv/ros2_ws/install/ros2_control_test_assets:/home/sonvv/ros2_ws/install/ros2_control_demo_description:/home/sonvv/ros2_ws/install/range_sensor_broadcaster:/home/sonvv/ros2_ws/install/position_controllers:/home/sonvv/ros2_ws/install/pose_broadcaster:/home/sonvv/ros2_ws/install/pid_controller:/home/sonvv/ros2_ws/install/admittance_controller:/home/sonvv/ros2_ws/install/joint_trajectory_controller:/home/sonvv/ros2_ws/install/joint_state_broadcaster:/home/sonvv/ros2_ws/install/imu_sensor_broadcaster:/home/sonvv/ros2_ws/install/gripper_controllers:/home/sonvv/ros2_ws/install/effort_controllers:/home/sonvv/ros2_ws/install/forward_command_controller:/home/sonvv/ros2_ws/install/force_torque_sensor_broadcaster:/home/sonvv/ros2_ws/install/diff_drive_controller:/home/sonvv/ros2_ws/install/control_toolbox:/home/sonvv/ros2_ws/install/realtime_tools:/home/sonvv/ros2_ws/install/kinematics_interface_kdl:/home/sonvv/ros2_ws/install/kinematics_interface:/home/sonvv/ros2_ws/install/joint_limits:/home/sonvv/ros2_ws/install/controller_interface:/home/sonvv/ros2_ws/install/hardware_interface:/home/sonvv/ros2_ws/install/controller_manager_msgs:/home/sonvv/ros2_ws/install/control_msgs:/home/sonvv/ros2_control_demo/install/ros2_control_demos:/home/sonvv/ros2_control_demo/install/ros2_control_demo_example_9:/home/sonvv/ros2_control_demo/install/ros2_control_demo_example_8:/home/sonvv/ros2_control_demo/install/ros2_control_demo_example_7:/home/sonvv/ros2_control_demo/install/ros2_control_demo_example_6:/home/sonvv/ros2_control_demo/install/ros2_control_demo_example_15:/home/sonvv/ros2_control_demo/install/ros2_control_demo_example_13:/home/sonvv/ros2_control_demo/install/ros2_control_demo_example_5:/home/sonvv/ros2_control_demo/install/ros2_control_demo_example_4:/home/sonvv/ros2_control_demo/install/ros2_control_demo_example_3:/home/sonvv/ros2_control_demo/install/ros2_control_demo_example_2:/home/sonvv/ros2_control_demo/install/ros2_control_demo_example_14:/home/sonvv/ros2_control_demo/install/ros2_control_demo_example_12:/home/sonvv/ros2_control_demo/install/ros2_control_demo_example_11:/home/sonvv/ros2_control_demo/install/ros2_control_demo_example_10:/home/sonvv/ros2_control_demo/install/ros2_control_demo_example_1:/home/sonvv/ros2_control_demo/install/ros2_control_demo_description:/home/sonvv/ros2_ws/install/rqt_joint_trajectory_controller:/home/sonvv/ros2_ws/install/rqt_controller_manager:/home/sonvv/ros2_ws/install/ros2controlcli:/home/sonvv/ros2_ws/install/ros2_controllers_test_nodes:/home/sonvv/ros2_ws/install/ros2_control_demo_testing:/home/sonvv/ros2_control_demo/install/ros2_control_demo_testing:/opt/ros/humble /usr/local/bin/cmake --build /home/sonvv/ros_control/Robots_6_axes_basic/build/ros2_control_demo_example_7 -- -j20 -l20
[0.821s] DEBUG:colcon.colcon_core.event_handler.log_command:Invoked command in '/home/sonvv/ros_control/Robots_6_axes_basic/build/ros2_control_demo_example_7' returned '0': AMENT_PREFIX_PATH=/home/sonvv/ros_control/Robots_6_axes_basic/install/ros2_control_demo_description:${AMENT_PREFIX_PATH} CMAKE_PREFIX_PATH=/home/sonvv/ros_control/Robots_6_axes_basic/install/ros2_control_demo_description:/home/sonvv/ros2_ws/install/ros2_controllers:/home/sonvv/ros2_ws/install/ros2_control_demos:/home/sonvv/ros2_ws/install/ros2_control_demo_example_3:/home/sonvv/ros2_ws/install/ign_ros2_control_demos:/home/sonvv/ros2_ws/install/gazebo_ros2_control_demos:/home/sonvv/ros2_ws/install/velocity_controllers:/home/sonvv/ros2_ws/install/tricycle_steering_controller:/home/sonvv/ros2_ws/install/tricycle_controller:/home/sonvv/ros2_ws/install/ros2_control_demo_example_8:/home/sonvv/ros2_ws/install/ros2_control:/home/sonvv/ros2_ws/install/transmission_interface:/home/sonvv/ros2_ws/install/ros2_control_demo_example_11:/home/sonvv/ros2_ws/install/bicycle_steering_controller:/home/sonvv/ros2_ws/install/ackermann_steering_controller:/home/sonvv/ros2_ws/install/steering_controllers_library:/home/sonvv/ros2_ws/install/ros2_control_demo_example_9:/home/sonvv/ros2_ws/install/ros2_control_demo_example_7:/home/sonvv/ros2_ws/install/ros2_control_demo_example_6:/home/sonvv/ros2_ws/install/ros2_control_demo_example_15:/home/sonvv/ros2_ws/install/ros2_control_demo_example_13:/home/sonvv/ros2_ws/install/ros2_control_demo_example_5:/home/sonvv/ros2_ws/install/ros2_control_demo_example_4:/home/sonvv/ros2_ws/install/ros2_control_demo_example_2:/home/sonvv/ros2_ws/install/ros2_control_demo_example_14:/home/sonvv/ros2_ws/install/ros2_control_demo_example_12:/home/sonvv/ros2_ws/install/ros2_control_demo_example_10:/home/sonvv/ros2_ws/install/ros2_control_demo_example_1:/home/sonvv/ros2_ws/install/gz_ros2_control_tests:/home/sonvv/ros2_ws/install/ign_ros2_control:/home/sonvv/ros2_ws/install/hardware_interface_testing:/home/sonvv/ros2_ws/install/gazebo_ros2_control:/home/sonvv/ros2_ws/install/controller_manager:/home/sonvv/ros2_ws/install/ros2_control_test_assets:/home/sonvv/ros2_ws/install/ros2_control_demo_description:/home/sonvv/ros2_ws/install/range_sensor_broadcaster:/home/sonvv/ros2_ws/install/position_controllers:/home/sonvv/ros2_ws/install/pose_broadcaster:/home/sonvv/ros2_ws/install/pid_controller:/home/sonvv/ros2_ws/install/admittance_controller:/home/sonvv/ros2_ws/install/joint_trajectory_controller:/home/sonvv/ros2_ws/install/joint_state_broadcaster:/home/sonvv/ros2_ws/install/imu_sensor_broadcaster:/home/sonvv/ros2_ws/install/gripper_controllers:/home/sonvv/ros2_ws/install/effort_controllers:/home/sonvv/ros2_ws/install/forward_command_controller:/home/sonvv/ros2_ws/install/force_torque_sensor_broadcaster:/home/sonvv/ros2_ws/install/diff_drive_controller:/home/sonvv/ros2_ws/install/control_toolbox:/home/sonvv/ros2_ws/install/realtime_tools:/home/sonvv/ros2_ws/install/kinematics_interface_kdl:/home/sonvv/ros2_ws/install/kinematics_interface:/home/sonvv/ros2_ws/install/joint_limits:/home/sonvv/ros2_ws/install/controller_interface:/home/sonvv/ros2_ws/install/hardware_interface:/home/sonvv/ros2_ws/install/controller_manager_msgs:/home/sonvv/ros2_ws/install/control_msgs:/home/sonvv/ros2_control_demo/install/ros2_control_demos:/home/sonvv/ros2_control_demo/install/ros2_control_demo_example_9:/home/sonvv/ros2_control_demo/install/ros2_control_demo_example_8:/home/sonvv/ros2_control_demo/install/ros2_control_demo_example_7:/home/sonvv/ros2_control_demo/install/ros2_control_demo_example_6:/home/sonvv/ros2_control_demo/install/ros2_control_demo_example_15:/home/sonvv/ros2_control_demo/install/ros2_control_demo_example_13:/home/sonvv/ros2_control_demo/install/ros2_control_demo_example_5:/home/sonvv/ros2_control_demo/install/ros2_control_demo_example_4:/home/sonvv/ros2_control_demo/install/ros2_control_demo_example_3:/home/sonvv/ros2_control_demo/install/ros2_control_demo_example_2:/home/sonvv/ros2_control_demo/install/ros2_control_demo_example_14:/home/sonvv/ros2_control_demo/install/ros2_control_demo_example_12:/home/sonvv/ros2_control_demo/install/ros2_control_demo_example_11:/home/sonvv/ros2_control_demo/install/ros2_control_demo_example_10:/home/sonvv/ros2_control_demo/install/ros2_control_demo_example_1:/home/sonvv/ros2_control_demo/install/ros2_control_demo_description:/home/sonvv/ros2_ws/install/rqt_joint_trajectory_controller:/home/sonvv/ros2_ws/install/rqt_controller_manager:/home/sonvv/ros2_ws/install/ros2controlcli:/home/sonvv/ros2_ws/install/ros2_controllers_test_nodes:/home/sonvv/ros2_ws/install/ros2_control_demo_testing:/home/sonvv/ros2_control_demo/install/ros2_control_demo_testing:/opt/ros/humble /usr/local/bin/cmake --build /home/sonvv/ros_control/Robots_6_axes_basic/build/ros2_control_demo_example_7 -- -j20 -l20
[0.823s] DEBUG:colcon.colcon_core.event_handler.log_command:Invoking command in '/home/sonvv/ros_control/Robots_6_axes_basic/build/ros2_control_demo_example_7': AMENT_PREFIX_PATH=/home/sonvv/ros_control/Robots_6_axes_basic/install/ros2_control_demo_description:${AMENT_PREFIX_PATH} CMAKE_PREFIX_PATH=/home/sonvv/ros_control/Robots_6_axes_basic/install/ros2_control_demo_description:/home/sonvv/ros2_ws/install/ros2_controllers:/home/sonvv/ros2_ws/install/ros2_control_demos:/home/sonvv/ros2_ws/install/ros2_control_demo_example_3:/home/sonvv/ros2_ws/install/ign_ros2_control_demos:/home/sonvv/ros2_ws/install/gazebo_ros2_control_demos:/home/sonvv/ros2_ws/install/velocity_controllers:/home/sonvv/ros2_ws/install/tricycle_steering_controller:/home/sonvv/ros2_ws/install/tricycle_controller:/home/sonvv/ros2_ws/install/ros2_control_demo_example_8:/home/sonvv/ros2_ws/install/ros2_control:/home/sonvv/ros2_ws/install/transmission_interface:/home/sonvv/ros2_ws/install/ros2_control_demo_example_11:/home/sonvv/ros2_ws/install/bicycle_steering_controller:/home/sonvv/ros2_ws/install/ackermann_steering_controller:/home/sonvv/ros2_ws/install/steering_controllers_library:/home/sonvv/ros2_ws/install/ros2_control_demo_example_9:/home/sonvv/ros2_ws/install/ros2_control_demo_example_7:/home/sonvv/ros2_ws/install/ros2_control_demo_example_6:/home/sonvv/ros2_ws/install/ros2_control_demo_example_15:/home/sonvv/ros2_ws/install/ros2_control_demo_example_13:/home/sonvv/ros2_ws/install/ros2_control_demo_example_5:/home/sonvv/ros2_ws/install/ros2_control_demo_example_4:/home/sonvv/ros2_ws/install/ros2_control_demo_example_2:/home/sonvv/ros2_ws/install/ros2_control_demo_example_14:/home/sonvv/ros2_ws/install/ros2_control_demo_example_12:/home/sonvv/ros2_ws/install/ros2_control_demo_example_10:/home/sonvv/ros2_ws/install/ros2_control_demo_example_1:/home/sonvv/ros2_ws/install/gz_ros2_control_tests:/home/sonvv/ros2_ws/install/ign_ros2_control:/home/sonvv/ros2_ws/install/hardware_interface_testing:/home/sonvv/ros2_ws/install/gazebo_ros2_control:/home/sonvv/ros2_ws/install/controller_manager:/home/sonvv/ros2_ws/install/ros2_control_test_assets:/home/sonvv/ros2_ws/install/ros2_control_demo_description:/home/sonvv/ros2_ws/install/range_sensor_broadcaster:/home/sonvv/ros2_ws/install/position_controllers:/home/sonvv/ros2_ws/install/pose_broadcaster:/home/sonvv/ros2_ws/install/pid_controller:/home/sonvv/ros2_ws/install/admittance_controller:/home/sonvv/ros2_ws/install/joint_trajectory_controller:/home/sonvv/ros2_ws/install/joint_state_broadcaster:/home/sonvv/ros2_ws/install/imu_sensor_broadcaster:/home/sonvv/ros2_ws/install/gripper_controllers:/home/sonvv/ros2_ws/install/effort_controllers:/home/sonvv/ros2_ws/install/forward_command_controller:/home/sonvv/ros2_ws/install/force_torque_sensor_broadcaster:/home/sonvv/ros2_ws/install/diff_drive_controller:/home/sonvv/ros2_ws/install/control_toolbox:/home/sonvv/ros2_ws/install/realtime_tools:/home/sonvv/ros2_ws/install/kinematics_interface_kdl:/home/sonvv/ros2_ws/install/kinematics_interface:/home/sonvv/ros2_ws/install/joint_limits:/home/sonvv/ros2_ws/install/controller_interface:/home/sonvv/ros2_ws/install/hardware_interface:/home/sonvv/ros2_ws/install/controller_manager_msgs:/home/sonvv/ros2_ws/install/control_msgs:/home/sonvv/ros2_control_demo/install/ros2_control_demos:/home/sonvv/ros2_control_demo/install/ros2_control_demo_example_9:/home/sonvv/ros2_control_demo/install/ros2_control_demo_example_8:/home/sonvv/ros2_control_demo/install/ros2_control_demo_example_7:/home/sonvv/ros2_control_demo/install/ros2_control_demo_example_6:/home/sonvv/ros2_control_demo/install/ros2_control_demo_example_15:/home/sonvv/ros2_control_demo/install/ros2_control_demo_example_13:/home/sonvv/ros2_control_demo/install/ros2_control_demo_example_5:/home/sonvv/ros2_control_demo/install/ros2_control_demo_example_4:/home/sonvv/ros2_control_demo/install/ros2_control_demo_example_3:/home/sonvv/ros2_control_demo/install/ros2_control_demo_example_2:/home/sonvv/ros2_control_demo/install/ros2_control_demo_example_14:/home/sonvv/ros2_control_demo/install/ros2_control_demo_example_12:/home/sonvv/ros2_control_demo/install/ros2_control_demo_example_11:/home/sonvv/ros2_control_demo/install/ros2_control_demo_example_10:/home/sonvv/ros2_control_demo/install/ros2_control_demo_example_1:/home/sonvv/ros2_control_demo/install/ros2_control_demo_description:/home/sonvv/ros2_ws/install/rqt_joint_trajectory_controller:/home/sonvv/ros2_ws/install/rqt_controller_manager:/home/sonvv/ros2_ws/install/ros2controlcli:/home/sonvv/ros2_ws/install/ros2_controllers_test_nodes:/home/sonvv/ros2_ws/install/ros2_control_demo_testing:/home/sonvv/ros2_control_demo/install/ros2_control_demo_testing:/opt/ros/humble /usr/local/bin/cmake --install /home/sonvv/ros_control/Robots_6_axes_basic/build/ros2_control_demo_example_7
[0.831s] Level 1:colcon.colcon_core.environment:create_environment_scripts_only(ros2_control_demo_example_7)
[0.831s] Level 1:colcon.colcon_core.environment:checking '/home/sonvv/ros_control/Robots_6_axes_basic/install/ros2_control_demo_example_7' for CMake module files
[0.831s] DEBUG:colcon.colcon_core.event_handler.log_command:Invoked command in '/home/sonvv/ros_control/Robots_6_axes_basic/build/ros2_control_demo_example_7' returned '0': AMENT_PREFIX_PATH=/home/sonvv/ros_control/Robots_6_axes_basic/install/ros2_control_demo_description:${AMENT_PREFIX_PATH} CMAKE_PREFIX_PATH=/home/sonvv/ros_control/Robots_6_axes_basic/install/ros2_control_demo_description:/home/sonvv/ros2_ws/install/ros2_controllers:/home/sonvv/ros2_ws/install/ros2_control_demos:/home/sonvv/ros2_ws/install/ros2_control_demo_example_3:/home/sonvv/ros2_ws/install/ign_ros2_control_demos:/home/sonvv/ros2_ws/install/gazebo_ros2_control_demos:/home/sonvv/ros2_ws/install/velocity_controllers:/home/sonvv/ros2_ws/install/tricycle_steering_controller:/home/sonvv/ros2_ws/install/tricycle_controller:/home/sonvv/ros2_ws/install/ros2_control_demo_example_8:/home/sonvv/ros2_ws/install/ros2_control:/home/sonvv/ros2_ws/install/transmission_interface:/home/sonvv/ros2_ws/install/ros2_control_demo_example_11:/home/sonvv/ros2_ws/install/bicycle_steering_controller:/home/sonvv/ros2_ws/install/ackermann_steering_controller:/home/sonvv/ros2_ws/install/steering_controllers_library:/home/sonvv/ros2_ws/install/ros2_control_demo_example_9:/home/sonvv/ros2_ws/install/ros2_control_demo_example_7:/home/sonvv/ros2_ws/install/ros2_control_demo_example_6:/home/sonvv/ros2_ws/install/ros2_control_demo_example_15:/home/sonvv/ros2_ws/install/ros2_control_demo_example_13:/home/sonvv/ros2_ws/install/ros2_control_demo_example_5:/home/sonvv/ros2_ws/install/ros2_control_demo_example_4:/home/sonvv/ros2_ws/install/ros2_control_demo_example_2:/home/sonvv/ros2_ws/install/ros2_control_demo_example_14:/home/sonvv/ros2_ws/install/ros2_control_demo_example_12:/home/sonvv/ros2_ws/install/ros2_control_demo_example_10:/home/sonvv/ros2_ws/install/ros2_control_demo_example_1:/home/sonvv/ros2_ws/install/gz_ros2_control_tests:/home/sonvv/ros2_ws/install/ign_ros2_control:/home/sonvv/ros2_ws/install/hardware_interface_testing:/home/sonvv/ros2_ws/install/gazebo_ros2_control:/home/sonvv/ros2_ws/install/controller_manager:/home/sonvv/ros2_ws/install/ros2_control_test_assets:/home/sonvv/ros2_ws/install/ros2_control_demo_description:/home/sonvv/ros2_ws/install/range_sensor_broadcaster:/home/sonvv/ros2_ws/install/position_controllers:/home/sonvv/ros2_ws/install/pose_broadcaster:/home/sonvv/ros2_ws/install/pid_controller:/home/sonvv/ros2_ws/install/admittance_controller:/home/sonvv/ros2_ws/install/joint_trajectory_controller:/home/sonvv/ros2_ws/install/joint_state_broadcaster:/home/sonvv/ros2_ws/install/imu_sensor_broadcaster:/home/sonvv/ros2_ws/install/gripper_controllers:/home/sonvv/ros2_ws/install/effort_controllers:/home/sonvv/ros2_ws/install/forward_command_controller:/home/sonvv/ros2_ws/install/force_torque_sensor_broadcaster:/home/sonvv/ros2_ws/install/diff_drive_controller:/home/sonvv/ros2_ws/install/control_toolbox:/home/sonvv/ros2_ws/install/realtime_tools:/home/sonvv/ros2_ws/install/kinematics_interface_kdl:/home/sonvv/ros2_ws/install/kinematics_interface:/home/sonvv/ros2_ws/install/joint_limits:/home/sonvv/ros2_ws/install/controller_interface:/home/sonvv/ros2_ws/install/hardware_interface:/home/sonvv/ros2_ws/install/controller_manager_msgs:/home/sonvv/ros2_ws/install/control_msgs:/home/sonvv/ros2_control_demo/install/ros2_control_demos:/home/sonvv/ros2_control_demo/install/ros2_control_demo_example_9:/home/sonvv/ros2_control_demo/install/ros2_control_demo_example_8:/home/sonvv/ros2_control_demo/install/ros2_control_demo_example_7:/home/sonvv/ros2_control_demo/install/ros2_control_demo_example_6:/home/sonvv/ros2_control_demo/install/ros2_control_demo_example_15:/home/sonvv/ros2_control_demo/install/ros2_control_demo_example_13:/home/sonvv/ros2_control_demo/install/ros2_control_demo_example_5:/home/sonvv/ros2_control_demo/install/ros2_control_demo_example_4:/home/sonvv/ros2_control_demo/install/ros2_control_demo_example_3:/home/sonvv/ros2_control_demo/install/ros2_control_demo_example_2:/home/sonvv/ros2_control_demo/install/ros2_control_demo_example_14:/home/sonvv/ros2_control_demo/install/ros2_control_demo_example_12:/home/sonvv/ros2_control_demo/install/ros2_control_demo_example_11:/home/sonvv/ros2_control_demo/install/ros2_control_demo_example_10:/home/sonvv/ros2_control_demo/install/ros2_control_demo_example_1:/home/sonvv/ros2_control_demo/install/ros2_control_demo_description:/home/sonvv/ros2_ws/install/rqt_joint_trajectory_controller:/home/sonvv/ros2_ws/install/rqt_controller_manager:/home/sonvv/ros2_ws/install/ros2controlcli:/home/sonvv/ros2_ws/install/ros2_controllers_test_nodes:/home/sonvv/ros2_ws/install/ros2_control_demo_testing:/home/sonvv/ros2_control_demo/install/ros2_control_demo_testing:/opt/ros/humble /usr/local/bin/cmake --install /home/sonvv/ros_control/Robots_6_axes_basic/build/ros2_control_demo_example_7
[0.831s] Level 1:colcon.colcon_core.environment:checking '/home/sonvv/ros_control/Robots_6_axes_basic/install/ros2_control_demo_example_7' for CMake config files
[0.832s] Level 1:colcon.colcon_core.shell:create_environment_hook('ros2_control_demo_example_7', 'cmake_prefix_path')
[0.832s] INFO:colcon.colcon_core.shell:Creating environment hook '/home/sonvv/ros_control/Robots_6_axes_basic/install/ros2_control_demo_example_7/share/ros2_control_demo_example_7/hook/cmake_prefix_path.ps1'
[0.832s] INFO:colcon.colcon_core.shell:Creating environment descriptor '/home/sonvv/ros_control/Robots_6_axes_basic/install/ros2_control_demo_example_7/share/ros2_control_demo_example_7/hook/cmake_prefix_path.dsv'
[0.832s] INFO:colcon.colcon_core.shell:Creating environment hook '/home/sonvv/ros_control/Robots_6_axes_basic/install/ros2_control_demo_example_7/share/ros2_control_demo_example_7/hook/cmake_prefix_path.sh'
[0.833s] Level 1:colcon.colcon_core.environment:checking '/home/sonvv/ros_control/Robots_6_axes_basic/install/ros2_control_demo_example_7/lib'
[0.833s] Level 1:colcon.colcon_core.shell:create_environment_hook('ros2_control_demo_example_7', 'ld_library_path_lib')
[0.833s] INFO:colcon.colcon_core.shell:Creating environment hook '/home/sonvv/ros_control/Robots_6_axes_basic/install/ros2_control_demo_example_7/share/ros2_control_demo_example_7/hook/ld_library_path_lib.ps1'
[0.833s] INFO:colcon.colcon_core.shell:Creating environment descriptor '/home/sonvv/ros_control/Robots_6_axes_basic/install/ros2_control_demo_example_7/share/ros2_control_demo_example_7/hook/ld_library_path_lib.dsv'
[0.834s] INFO:colcon.colcon_core.shell:Creating environment hook '/home/sonvv/ros_control/Robots_6_axes_basic/install/ros2_control_demo_example_7/share/ros2_control_demo_example_7/hook/ld_library_path_lib.sh'
[0.834s] Level 1:colcon.colcon_core.environment:checking '/home/sonvv/ros_control/Robots_6_axes_basic/install/ros2_control_demo_example_7/bin'
[0.834s] Level 1:colcon.colcon_core.environment:checking '/home/sonvv/ros_control/Robots_6_axes_basic/install/ros2_control_demo_example_7/lib/pkgconfig/ros2_control_demo_example_7.pc'
[0.834s] Level 1:colcon.colcon_core.environment:checking '/home/sonvv/ros_control/Robots_6_axes_basic/install/ros2_control_demo_example_7/lib/python3.10/site-packages'
[0.834s] Level 1:colcon.colcon_core.environment:checking '/home/sonvv/ros_control/Robots_6_axes_basic/install/ros2_control_demo_example_7/bin'
[0.834s] INFO:colcon.colcon_core.shell:Creating package script '/home/sonvv/ros_control/Robots_6_axes_basic/install/ros2_control_demo_example_7/share/ros2_control_demo_example_7/package.ps1'
[0.835s] INFO:colcon.colcon_core.shell:Creating package descriptor '/home/sonvv/ros_control/Robots_6_axes_basic/install/ros2_control_demo_example_7/share/ros2_control_demo_example_7/package.dsv'
[0.835s] INFO:colcon.colcon_core.shell:Creating package script '/home/sonvv/ros_control/Robots_6_axes_basic/install/ros2_control_demo_example_7/share/ros2_control_demo_example_7/package.sh'
[0.835s] INFO:colcon.colcon_core.shell:Creating package script '/home/sonvv/ros_control/Robots_6_axes_basic/install/ros2_control_demo_example_7/share/ros2_control_demo_example_7/package.bash'
[0.835s] INFO:colcon.colcon_core.shell:Creating package script '/home/sonvv/ros_control/Robots_6_axes_basic/install/ros2_control_demo_example_7/share/ros2_control_demo_example_7/package.zsh'
[0.836s] Level 1:colcon.colcon_core.environment:create_file_with_runtime_dependencies(/home/sonvv/ros_control/Robots_6_axes_basic/install/ros2_control_demo_example_7/share/colcon-core/packages/ros2_control_demo_example_7)
[0.836s] Level 1:colcon.colcon_core.environment:create_environment_scripts_only(ros2_control_demo_example_7)
[0.836s] Level 1:colcon.colcon_core.environment:checking '/home/sonvv/ros_control/Robots_6_axes_basic/install/ros2_control_demo_example_7' for CMake module files
[0.836s] Level 1:colcon.colcon_core.environment:checking '/home/sonvv/ros_control/Robots_6_axes_basic/install/ros2_control_demo_example_7' for CMake config files
[0.836s] Level 1:colcon.colcon_core.shell:create_environment_hook('ros2_control_demo_example_7', 'cmake_prefix_path')
[0.837s] INFO:colcon.colcon_core.shell:Creating environment hook '/home/sonvv/ros_control/Robots_6_axes_basic/install/ros2_control_demo_example_7/share/ros2_control_demo_example_7/hook/cmake_prefix_path.ps1'
[0.837s] INFO:colcon.colcon_core.shell:Creating environment descriptor '/home/sonvv/ros_control/Robots_6_axes_basic/install/ros2_control_demo_example_7/share/ros2_control_demo_example_7/hook/cmake_prefix_path.dsv'
[0.837s] INFO:colcon.colcon_core.shell:Creating environment hook '/home/sonvv/ros_control/Robots_6_axes_basic/install/ros2_control_demo_example_7/share/ros2_control_demo_example_7/hook/cmake_prefix_path.sh'
[0.837s] Level 1:colcon.colcon_core.environment:checking '/home/sonvv/ros_control/Robots_6_axes_basic/install/ros2_control_demo_example_7/lib'
[0.837s] Level 1:colcon.colcon_core.shell:create_environment_hook('ros2_control_demo_example_7', 'ld_library_path_lib')
[0.837s] INFO:colcon.colcon_core.shell:Creating environment hook '/home/sonvv/ros_control/Robots_6_axes_basic/install/ros2_control_demo_example_7/share/ros2_control_demo_example_7/hook/ld_library_path_lib.ps1'
[0.838s] INFO:colcon.colcon_core.shell:Creating environment descriptor '/home/sonvv/ros_control/Robots_6_axes_basic/install/ros2_control_demo_example_7/share/ros2_control_demo_example_7/hook/ld_library_path_lib.dsv'
[0.838s] INFO:colcon.colcon_core.shell:Creating environment hook '/home/sonvv/ros_control/Robots_6_axes_basic/install/ros2_control_demo_example_7/share/ros2_control_demo_example_7/hook/ld_library_path_lib.sh'
[0.838s] Level 1:colcon.colcon_core.environment:checking '/home/sonvv/ros_control/Robots_6_axes_basic/install/ros2_control_demo_example_7/bin'
[0.838s] Level 1:colcon.colcon_core.environment:checking '/home/sonvv/ros_control/Robots_6_axes_basic/install/ros2_control_demo_example_7/lib/pkgconfig/ros2_control_demo_example_7.pc'
[0.838s] Level 1:colcon.colcon_core.environment:checking '/home/sonvv/ros_control/Robots_6_axes_basic/install/ros2_control_demo_example_7/lib/python3.10/site-packages'
[0.838s] Level 1:colcon.colcon_core.environment:checking '/home/sonvv/ros_control/Robots_6_axes_basic/install/ros2_control_demo_example_7/bin'
[0.839s] INFO:colcon.colcon_core.shell:Creating package script '/home/sonvv/ros_control/Robots_6_axes_basic/install/ros2_control_demo_example_7/share/ros2_control_demo_example_7/package.ps1'
[0.839s] INFO:colcon.colcon_core.shell:Creating package descriptor '/home/sonvv/ros_control/Robots_6_axes_basic/install/ros2_control_demo_example_7/share/ros2_control_demo_example_7/package.dsv'
[0.839s] INFO:colcon.colcon_core.shell:Creating package script '/home/sonvv/ros_control/Robots_6_axes_basic/install/ros2_control_demo_example_7/share/ros2_control_demo_example_7/package.sh'
[0.840s] INFO:colcon.colcon_core.shell:Creating package script '/home/sonvv/ros_control/Robots_6_axes_basic/install/ros2_control_demo_example_7/share/ros2_control_demo_example_7/package.bash'
[0.840s] INFO:colcon.colcon_core.shell:Creating package script '/home/sonvv/ros_control/Robots_6_axes_basic/install/ros2_control_demo_example_7/share/ros2_control_demo_example_7/package.zsh'
[0.840s] Level 1:colcon.colcon_core.environment:create_file_with_runtime_dependencies(/home/sonvv/ros_control/Robots_6_axes_basic/install/ros2_control_demo_example_7/share/colcon-core/packages/ros2_control_demo_example_7)
[0.840s] DEBUG:colcon.colcon_parallel_executor.executor.parallel:closing loop
[0.841s] DEBUG:colcon.colcon_parallel_executor.executor.parallel:loop closed
[0.841s] DEBUG:colcon.colcon_parallel_executor.executor.parallel:run_until_complete finished with '0'
[0.841s] DEBUG:colcon.colcon_core.event_reactor:joining thread
[0.871s] INFO:colcon.colcon_core.plugin_system:Skipping extension 'colcon_notification.desktop_notification.notify_send': Could not find 'notify-send'
[0.871s] INFO:colcon.colcon_core.plugin_system:Skipping extension 'colcon_notification.desktop_notification.terminal_notifier': Not used on non-Darwin systems
[0.871s] INFO:colcon.colcon_core.plugin_system:Skipping extension 'colcon_notification.desktop_notification.win32': Not used on non-Windows systems
[0.871s] INFO:colcon.colcon_notification.desktop_notification:Sending desktop notification using 'notify2'
[0.871s] DEBUG:colcon.colcon_notification.desktop_notification.notify2:Failed to initialize notify2: org.freedesktop.DBus.Error.FileNotFound: Failed to connect to socket /run/user/1000/bus: No such file or directory
[0.871s] DEBUG:colcon.colcon_core.event_reactor:joined thread
[0.871s] INFO:colcon.colcon_core.shell:Creating prefix script '/home/sonvv/ros_control/Robots_6_axes_basic/install/local_setup.ps1'
[0.872s] INFO:colcon.colcon_core.shell:Creating prefix util module '/home/sonvv/ros_control/Robots_6_axes_basic/install/_local_setup_util_ps1.py'
[0.873s] INFO:colcon.colcon_core.shell:Creating prefix chain script '/home/sonvv/ros_control/Robots_6_axes_basic/install/setup.ps1'
[0.876s] INFO:colcon.colcon_core.shell:Creating prefix script '/home/sonvv/ros_control/Robots_6_axes_basic/install/local_setup.sh'
[0.876s] INFO:colcon.colcon_core.shell:Creating prefix util module '/home/sonvv/ros_control/Robots_6_axes_basic/install/_local_setup_util_sh.py'
[0.877s] INFO:colcon.colcon_core.shell:Creating prefix chain script '/home/sonvv/ros_control/Robots_6_axes_basic/install/setup.sh'
[0.879s] INFO:colcon.colcon_core.shell:Creating prefix script '/home/sonvv/ros_control/Robots_6_axes_basic/install/local_setup.bash'
[0.879s] INFO:colcon.colcon_core.shell:Creating prefix chain script '/home/sonvv/ros_control/Robots_6_axes_basic/install/setup.bash'
[0.881s] INFO:colcon.colcon_core.shell:Creating prefix script '/home/sonvv/ros_control/Robots_6_axes_basic/install/local_setup.zsh'
[0.882s] INFO:colcon.colcon_core.shell:Creating prefix chain script '/home/sonvv/ros_control/Robots_6_axes_basic/install/setup.zsh'
