[0.018s] Invoking command in '/home/sonvv/ros_control/Robots_6_axes_basic/build/ros2_control_demo_description': CMAKE_PREFIX_PATH=${CMAKE_PREFIX_PATH}:/home/sonvv/ros2_ws/install/rqt_joint_trajectory_controller:/home/sonvv/ros2_ws/install/rqt_controller_manager:/home/sonvv/ros2_ws/install/ros2controlcli:/home/sonvv/ros2_ws/install/ros2_controllers_test_nodes:/home/sonvv/ros2_ws/install/ros2_control_demo_testing:/home/sonvv/ros2_control_demo/install/ros2_control_demo_testing:/opt/ros/humble /usr/local/bin/cmake --build /home/sonvv/ros_control/Robots_6_axes_basic/build/ros2_control_demo_description -- -j20 -l20
[0.058s] Invoked command in '/home/sonvv/ros_control/Robots_6_axes_basic/build/ros2_control_demo_description' returned '0': CMAKE_PREFIX_PATH=${CMAKE_PREFIX_PATH}:/home/sonvv/ros2_ws/install/rqt_joint_trajectory_controller:/home/sonvv/ros2_ws/install/rqt_controller_manager:/home/sonvv/ros2_ws/install/ros2controlcli:/home/sonvv/ros2_ws/install/ros2_controllers_test_nodes:/home/sonvv/ros2_ws/install/ros2_control_demo_testing:/home/sonvv/ros2_control_demo/install/ros2_control_demo_testing:/opt/ros/humble /usr/local/bin/cmake --build /home/sonvv/ros_control/Robots_6_axes_basic/build/ros2_control_demo_description -- -j20 -l20
[0.065s] Invoking command in '/home/sonvv/ros_control/Robots_6_axes_basic/build/ros2_control_demo_description': CMAKE_PREFIX_PATH=${CMAKE_PREFIX_PATH}:/home/sonvv/ros2_ws/install/rqt_joint_trajectory_controller:/home/sonvv/ros2_ws/install/rqt_controller_manager:/home/sonvv/ros2_ws/install/ros2controlcli:/home/sonvv/ros2_ws/install/ros2_controllers_test_nodes:/home/sonvv/ros2_ws/install/ros2_control_demo_testing:/home/sonvv/ros2_control_demo/install/ros2_control_demo_testing:/opt/ros/humble /usr/local/bin/cmake --install /home/sonvv/ros_control/Robots_6_axes_basic/build/ros2_control_demo_description
[0.068s] -- Install configuration: ""
[0.069s] -- Up-to-date: /home/sonvv/ros_control/Robots_6_axes_basic/install/ros2_control_demo_description/share/ros2_control_demo_description/rrbot/urdf
[0.069s] -- Up-to-date: /home/sonvv/ros_control/Robots_6_axes_basic/install/ros2_control_demo_description/share/ros2_control_demo_description/rrbot/urdf/rrbot.materials.xacro
[0.069s] -- Up-to-date: /home/sonvv/ros_control/Robots_6_axes_basic/install/ros2_control_demo_description/share/ros2_control_demo_description/rrbot/urdf/rrbot.materials.xacro:Zone.Identifier
[0.069s] -- Up-to-date: /home/sonvv/ros_control/Robots_6_axes_basic/install/ros2_control_demo_description/share/ros2_control_demo_description/rrbot/urdf/rrbot_description.urdf.xacro
[0.069s] -- Up-to-date: /home/sonvv/ros_control/Robots_6_axes_basic/install/ros2_control_demo_description/share/ros2_control_demo_description/rrbot/urdf/rrbot_description.urdf.xacro:Zone.Identifier
[0.069s] -- Up-to-date: /home/sonvv/ros_control/Robots_6_axes_basic/install/ros2_control_demo_description/share/ros2_control_demo_description/rrbot/rviz
[0.069s] -- Up-to-date: /home/sonvv/ros_control/Robots_6_axes_basic/install/ros2_control_demo_description/share/ros2_control_demo_description/rrbot/rviz/rrbot.rviz:Zone.Identifier
[0.069s] -- Up-to-date: /home/sonvv/ros_control/Robots_6_axes_basic/install/ros2_control_demo_description/share/ros2_control_demo_description/rrbot/rviz/rrbot.rviz
[0.069s] -- Up-to-date: /home/sonvv/ros_control/Robots_6_axes_basic/install/ros2_control_demo_description/share/ros2_control_demo_description/diffbot/urdf
[0.069s] -- Up-to-date: /home/sonvv/ros_control/Robots_6_axes_basic/install/ros2_control_demo_description/share/ros2_control_demo_description/diffbot/urdf/diffbot.materials.xacro
[0.069s] -- Up-to-date: /home/sonvv/ros_control/Robots_6_axes_basic/install/ros2_control_demo_description/share/ros2_control_demo_description/diffbot/urdf/diffbot_description.urdf.xacro:Zone.Identifier
[0.070s] -- Up-to-date: /home/sonvv/ros_control/Robots_6_axes_basic/install/ros2_control_demo_description/share/ros2_control_demo_description/diffbot/urdf/diffbot_description.urdf.xacro
[0.070s] -- Up-to-date: /home/sonvv/ros_control/Robots_6_axes_basic/install/ros2_control_demo_description/share/ros2_control_demo_description/diffbot/urdf/diffbot.materials.xacro:Zone.Identifier
[0.070s] -- Up-to-date: /home/sonvv/ros_control/Robots_6_axes_basic/install/ros2_control_demo_description/share/ros2_control_demo_description/diffbot/rviz
[0.070s] -- Up-to-date: /home/sonvv/ros_control/Robots_6_axes_basic/install/ros2_control_demo_description/share/ros2_control_demo_description/diffbot/rviz/diffbot_view.rviz
[0.070s] -- Up-to-date: /home/sonvv/ros_control/Robots_6_axes_basic/install/ros2_control_demo_description/share/ros2_control_demo_description/diffbot/rviz/diffbot.rviz
[0.070s] -- Up-to-date: /home/sonvv/ros_control/Robots_6_axes_basic/install/ros2_control_demo_description/share/ros2_control_demo_description/diffbot/rviz/diffbot_view.rviz:Zone.Identifier
[0.070s] -- Up-to-date: /home/sonvv/ros_control/Robots_6_axes_basic/install/ros2_control_demo_description/share/ros2_control_demo_description/diffbot/rviz/diffbot.rviz:Zone.Identifier
[0.071s] -- Up-to-date: /home/sonvv/ros_control/Robots_6_axes_basic/install/ros2_control_demo_description/share/ros2_control_demo_description/carlikebot/urdf
[0.071s] -- Up-to-date: /home/sonvv/ros_control/Robots_6_axes_basic/install/ros2_control_demo_description/share/ros2_control_demo_description/carlikebot/urdf/carlikebot_description.urdf.xacro:Zone.Identifier
[0.071s] -- Up-to-date: /home/sonvv/ros_control/Robots_6_axes_basic/install/ros2_control_demo_description/share/ros2_control_demo_description/carlikebot/urdf/carlikebot_description.urdf.xacro
[0.071s] -- Up-to-date: /home/sonvv/ros_control/Robots_6_axes_basic/install/ros2_control_demo_description/share/ros2_control_demo_description/carlikebot/urdf/carlikebot.materials.xacro:Zone.Identifier
[0.071s] -- Up-to-date: /home/sonvv/ros_control/Robots_6_axes_basic/install/ros2_control_demo_description/share/ros2_control_demo_description/carlikebot/urdf/carlikebot.materials.xacro
[0.071s] -- Up-to-date: /home/sonvv/ros_control/Robots_6_axes_basic/install/ros2_control_demo_description/share/ros2_control_demo_description/carlikebot/rviz
[0.071s] -- Up-to-date: /home/sonvv/ros_control/Robots_6_axes_basic/install/ros2_control_demo_description/share/ros2_control_demo_description/carlikebot/rviz/carlikebot_view.rviz:Zone.Identifier
[0.071s] -- Up-to-date: /home/sonvv/ros_control/Robots_6_axes_basic/install/ros2_control_demo_description/share/ros2_control_demo_description/carlikebot/rviz/carlikebot.rviz:Zone.Identifier
[0.071s] -- Up-to-date: /home/sonvv/ros_control/Robots_6_axes_basic/install/ros2_control_demo_description/share/ros2_control_demo_description/carlikebot/rviz/carlikebot.rviz
[0.071s] -- Up-to-date: /home/sonvv/ros_control/Robots_6_axes_basic/install/ros2_control_demo_description/share/ros2_control_demo_description/carlikebot/rviz/carlikebot_view.rviz
[0.072s] -- Up-to-date: /home/sonvv/ros_control/Robots_6_axes_basic/install/ros2_control_demo_description/share/ros2_control_demo_description/r3bot/urdf
[0.072s] -- Up-to-date: /home/sonvv/ros_control/Robots_6_axes_basic/install/ros2_control_demo_description/share/ros2_control_demo_description/r3bot/urdf/threedofbot_description.urdf.xacro:Zone.Identifier
[0.072s] -- Up-to-date: /home/sonvv/ros_control/Robots_6_axes_basic/install/ros2_control_demo_description/share/ros2_control_demo_description/r3bot/urdf/threedofbot_description.urdf.xacro
[0.072s] -- Up-to-date: /home/sonvv/ros_control/Robots_6_axes_basic/install/ros2_control_demo_description/share/ros2_control_demo_description/r6bot/meshes
[0.072s] -- Up-to-date: /home/sonvv/ros_control/Robots_6_axes_basic/install/ros2_control_demo_description/share/ros2_control_demo_description/r6bot/meshes/collision
[0.072s] -- Up-to-date: /home/sonvv/ros_control/Robots_6_axes_basic/install/ros2_control_demo_description/share/ros2_control_demo_description/r6bot/meshes/collision/link_5.stl
[0.072s] -- Up-to-date: /home/sonvv/ros_control/Robots_6_axes_basic/install/ros2_control_demo_description/share/ros2_control_demo_description/r6bot/meshes/collision/link_3.stl:Zone.Identifier
[0.072s] -- Up-to-date: /home/sonvv/ros_control/Robots_6_axes_basic/install/ros2_control_demo_description/share/ros2_control_demo_description/r6bot/meshes/collision/link_1.stl
[0.072s] -- Up-to-date: /home/sonvv/ros_control/Robots_6_axes_basic/install/ros2_control_demo_description/share/ros2_control_demo_description/r6bot/meshes/collision/link_2.stl:Zone.Identifier
[0.072s] -- Up-to-date: /home/sonvv/ros_control/Robots_6_axes_basic/install/ros2_control_demo_description/share/ros2_control_demo_description/r6bot/meshes/collision/link_5.stl:Zone.Identifier
[0.072s] -- Up-to-date: /home/sonvv/ros_control/Robots_6_axes_basic/install/ros2_control_demo_description/share/ros2_control_demo_description/r6bot/meshes/collision/link_4.stl:Zone.Identifier
[0.073s] -- Up-to-date: /home/sonvv/ros_control/Robots_6_axes_basic/install/ros2_control_demo_description/share/ros2_control_demo_description/r6bot/meshes/collision/link_2.stl
[0.073s] -- Up-to-date: /home/sonvv/ros_control/Robots_6_axes_basic/install/ros2_control_demo_description/share/ros2_control_demo_description/r6bot/meshes/collision/link_3.stl
[0.073s] -- Up-to-date: /home/sonvv/ros_control/Robots_6_axes_basic/install/ros2_control_demo_description/share/ros2_control_demo_description/r6bot/meshes/collision/link_0.stl
[0.073s] -- Up-to-date: /home/sonvv/ros_control/Robots_6_axes_basic/install/ros2_control_demo_description/share/ros2_control_demo_description/r6bot/meshes/collision/link_0.stl:Zone.Identifier
[0.073s] -- Up-to-date: /home/sonvv/ros_control/Robots_6_axes_basic/install/ros2_control_demo_description/share/ros2_control_demo_description/r6bot/meshes/collision/link_4.stl
[0.073s] -- Up-to-date: /home/sonvv/ros_control/Robots_6_axes_basic/install/ros2_control_demo_description/share/ros2_control_demo_description/r6bot/meshes/collision/link_6.stl
[0.073s] -- Up-to-date: /home/sonvv/ros_control/Robots_6_axes_basic/install/ros2_control_demo_description/share/ros2_control_demo_description/r6bot/meshes/collision/link_1.stl:Zone.Identifier
[0.073s] -- Up-to-date: /home/sonvv/ros_control/Robots_6_axes_basic/install/ros2_control_demo_description/share/ros2_control_demo_description/r6bot/meshes/collision/link_6.stl:Zone.Identifier
[0.073s] -- Up-to-date: /home/sonvv/ros_control/Robots_6_axes_basic/install/ros2_control_demo_description/share/ros2_control_demo_description/r6bot/meshes/visual
[0.073s] -- Up-to-date: /home/sonvv/ros_control/Robots_6_axes_basic/install/ros2_control_demo_description/share/ros2_control_demo_description/r6bot/meshes/visual/link_5.dae
[0.073s] -- Up-to-date: /home/sonvv/ros_control/Robots_6_axes_basic/install/ros2_control_demo_description/share/ros2_control_demo_description/r6bot/meshes/visual/link_4.dae
[0.074s] -- Up-to-date: /home/sonvv/ros_control/Robots_6_axes_basic/install/ros2_control_demo_description/share/ros2_control_demo_description/r6bot/meshes/visual/link_5.dae:Zone.Identifier
[0.074s] -- Up-to-date: /home/sonvv/ros_control/Robots_6_axes_basic/install/ros2_control_demo_description/share/ros2_control_demo_description/r6bot/meshes/visual/link_2.dae:Zone.Identifier
[0.074s] -- Up-to-date: /home/sonvv/ros_control/Robots_6_axes_basic/install/ros2_control_demo_description/share/ros2_control_demo_description/r6bot/meshes/visual/link_4.dae:Zone.Identifier
[0.074s] -- Up-to-date: /home/sonvv/ros_control/Robots_6_axes_basic/install/ros2_control_demo_description/share/ros2_control_demo_description/r6bot/meshes/visual/link_6.dae:Zone.Identifier
[0.074s] -- Up-to-date: /home/sonvv/ros_control/Robots_6_axes_basic/install/ros2_control_demo_description/share/ros2_control_demo_description/r6bot/meshes/visual/link_3.dae:Zone.Identifier
[0.074s] -- Up-to-date: /home/sonvv/ros_control/Robots_6_axes_basic/install/ros2_control_demo_description/share/ros2_control_demo_description/r6bot/meshes/visual/link_1.dae:Zone.Identifier
[0.075s] -- Up-to-date: /home/sonvv/ros_control/Robots_6_axes_basic/install/ros2_control_demo_description/share/ros2_control_demo_description/r6bot/meshes/visual/link_0.dae:Zone.Identifier
[0.075s] -- Up-to-date: /home/sonvv/ros_control/Robots_6_axes_basic/install/ros2_control_demo_description/share/ros2_control_demo_description/r6bot/meshes/visual/link_6.dae
[0.075s] -- Up-to-date: /home/sonvv/ros_control/Robots_6_axes_basic/install/ros2_control_demo_description/share/ros2_control_demo_description/r6bot/meshes/visual/link_3.dae
[0.075s] -- Up-to-date: /home/sonvv/ros_control/Robots_6_axes_basic/install/ros2_control_demo_description/share/ros2_control_demo_description/r6bot/meshes/visual/link_1.dae
[0.075s] -- Up-to-date: /home/sonvv/ros_control/Robots_6_axes_basic/install/ros2_control_demo_description/share/ros2_control_demo_description/r6bot/meshes/visual/link_2.dae
[0.075s] -- Up-to-date: /home/sonvv/ros_control/Robots_6_axes_basic/install/ros2_control_demo_description/share/ros2_control_demo_description/r6bot/meshes/visual/link_0.dae
[0.075s] -- Up-to-date: /home/sonvv/ros_control/Robots_6_axes_basic/install/ros2_control_demo_description/share/ros2_control_demo_description/r6bot/srdf
[0.075s] -- Up-to-date: /home/sonvv/ros_control/Robots_6_axes_basic/install/ros2_control_demo_description/share/ros2_control_demo_description/r6bot/srdf/r6bot.srdf
[0.076s] -- Up-to-date: /home/sonvv/ros_control/Robots_6_axes_basic/install/ros2_control_demo_description/share/ros2_control_demo_description/r6bot/srdf/r6bot.srdf:Zone.Identifier
[0.076s] -- Up-to-date: /home/sonvv/ros_control/Robots_6_axes_basic/install/ros2_control_demo_description/share/ros2_control_demo_description/r6bot/urdf
[0.076s] -- Up-to-date: /home/sonvv/ros_control/Robots_6_axes_basic/install/ros2_control_demo_description/share/ros2_control_demo_description/r6bot/urdf/inc
[0.076s] -- Up-to-date: /home/sonvv/ros_control/Robots_6_axes_basic/install/ros2_control_demo_description/share/ros2_control_demo_description/r6bot/urdf/inc/create_link.xacro
[0.076s] -- Up-to-date: /home/sonvv/ros_control/Robots_6_axes_basic/install/ros2_control_demo_description/share/ros2_control_demo_description/r6bot/urdf/inc/create_link.xacro:Zone.Identifier
[0.077s] -- Up-to-date: /home/sonvv/ros_control/Robots_6_axes_basic/install/ros2_control_demo_description/share/ros2_control_demo_description/r6bot/urdf/r6bot_description.urdf.xacro:Zone.Identifier
[0.077s] -- Up-to-date: /home/sonvv/ros_control/Robots_6_axes_basic/install/ros2_control_demo_description/share/ros2_control_demo_description/r6bot/urdf/r6bot_description.urdf.xacro
[0.077s] -- Up-to-date: /home/sonvv/ros_control/Robots_6_axes_basic/install/ros2_control_demo_description/share/ros2_control_demo_description/r6bot/rviz
[0.077s] -- Up-to-date: /home/sonvv/ros_control/Robots_6_axes_basic/install/ros2_control_demo_description/share/ros2_control_demo_description/r6bot/rviz/view_robot.rviz:Zone.Identifier
[0.077s] -- Up-to-date: /home/sonvv/ros_control/Robots_6_axes_basic/install/ros2_control_demo_description/share/ros2_control_demo_description/r6bot/rviz/view_robot.rviz
[0.077s] -- Up-to-date: /home/sonvv/ros_control/Robots_6_axes_basic/install/ros2_control_demo_description/share/ament_index/resource_index/package_run_dependencies/ros2_control_demo_description
[0.078s] -- Up-to-date: /home/sonvv/ros_control/Robots_6_axes_basic/install/ros2_control_demo_description/share/ament_index/resource_index/parent_prefix_path/ros2_control_demo_description
[0.078s] -- Up-to-date: /home/sonvv/ros_control/Robots_6_axes_basic/install/ros2_control_demo_description/share/ros2_control_demo_description/environment/ament_prefix_path.sh
[0.078s] -- Up-to-date: /home/sonvv/ros_control/Robots_6_axes_basic/install/ros2_control_demo_description/share/ros2_control_demo_description/environment/ament_prefix_path.dsv
[0.078s] -- Up-to-date: /home/sonvv/ros_control/Robots_6_axes_basic/install/ros2_control_demo_description/share/ros2_control_demo_description/environment/path.sh
[0.078s] -- Up-to-date: /home/sonvv/ros_control/Robots_6_axes_basic/install/ros2_control_demo_description/share/ros2_control_demo_description/environment/path.dsv
[0.078s] -- Up-to-date: /home/sonvv/ros_control/Robots_6_axes_basic/install/ros2_control_demo_description/share/ros2_control_demo_description/local_setup.bash
[0.078s] -- Up-to-date: /home/sonvv/ros_control/Robots_6_axes_basic/install/ros2_control_demo_description/share/ros2_control_demo_description/local_setup.sh
[0.078s] -- Up-to-date: /home/sonvv/ros_control/Robots_6_axes_basic/install/ros2_control_demo_description/share/ros2_control_demo_description/local_setup.zsh
[0.078s] -- Up-to-date: /home/sonvv/ros_control/Robots_6_axes_basic/install/ros2_control_demo_description/share/ros2_control_demo_description/local_setup.dsv
[0.078s] -- Up-to-date: /home/sonvv/ros_control/Robots_6_axes_basic/install/ros2_control_demo_description/share/ros2_control_demo_description/package.dsv
[0.079s] -- Up-to-date: /home/sonvv/ros_control/Robots_6_axes_basic/install/ros2_control_demo_description/share/ament_index/resource_index/packages/ros2_control_demo_description
[0.079s] -- Up-to-date: /home/sonvv/ros_control/Robots_6_axes_basic/install/ros2_control_demo_description/share/ros2_control_demo_description/cmake/ros2_control_demo_descriptionConfig.cmake
[0.079s] -- Up-to-date: /home/sonvv/ros_control/Robots_6_axes_basic/install/ros2_control_demo_description/share/ros2_control_demo_description/cmake/ros2_control_demo_descriptionConfig-version.cmake
[0.079s] -- Up-to-date: /home/sonvv/ros_control/Robots_6_axes_basic/install/ros2_control_demo_description/share/ros2_control_demo_description/package.xml
[0.079s] Invoked command in '/home/sonvv/ros_control/Robots_6_axes_basic/build/ros2_control_demo_description' returned '0': CMAKE_PREFIX_PATH=${CMAKE_PREFIX_PATH}:/home/sonvv/ros2_ws/install/rqt_joint_trajectory_controller:/home/sonvv/ros2_ws/install/rqt_controller_manager:/home/sonvv/ros2_ws/install/ros2controlcli:/home/sonvv/ros2_ws/install/ros2_controllers_test_nodes:/home/sonvv/ros2_ws/install/ros2_control_demo_testing:/home/sonvv/ros2_control_demo/install/ros2_control_demo_testing:/opt/ros/humble /usr/local/bin/cmake --install /home/sonvv/ros_control/Robots_6_axes_basic/build/ros2_control_demo_description
