[0.016s] Invoking command in '/home/sonvv/ros_control/Robots_6_axes_basic/build/ros2_control_demo_description': CMAKE_PREFIX_PATH=${CMAKE_PREFIX_PATH}:/home/sonvv/ros2_ws/install/rqt_joint_trajectory_controller:/home/sonvv/ros2_ws/install/rqt_controller_manager:/home/sonvv/ros2_ws/install/ros2controlcli:/home/sonvv/ros2_ws/install/ros2_controllers_test_nodes:/home/sonvv/ros2_ws/install/ros2_control_demo_testing:/home/sonvv/ros2_control_demo/install/ros2_control_demo_testing:/opt/ros/humble /usr/local/bin/cmake /home/sonvv/ros_control/Robots_6_axes_basic/src/ros2_control_demo_description -DCMAKE_INSTALL_PREFIX=/home/sonvv/ros_control/Robots_6_axes_basic/install/ros2_control_demo_description
[0.045s] [0mCMake Deprecation Warning at CMakeLists.txt:1 (cmake_minimum_required):
[0.046s]   Compatibility with CMake < 3.10 will be removed from a future version of
[0.046s]   CMake.
[0.046s] 
[0.046s]   Update the VERSION argument <min> value.  Or, use the <min>...<max> syntax
[0.046s]   to tell CMake that the project requires at least <min> but has been updated
[0.046s]   to work with policies introduced by <max> or earlier.
[0.046s] 
[0.046s] [0m
[0.182s] -- The C compiler identification is GNU 11.4.0
[0.475s] -- The CXX compiler identification is GNU 11.4.0
[0.658s] -- Detecting C compiler ABI info
[0.748s] -- Detecting C compiler ABI info - done
[0.757s] -- Check for working C compiler: /usr/bin/cc - skipped
[0.759s] -- Detecting C compile features
[0.760s] -- Detecting C compile features - done
[0.770s] -- Detecting CXX compiler ABI info
[0.870s] -- Detecting CXX compiler ABI info - done
[0.880s] -- Check for working CXX compiler: /usr/bin/c++ - skipped
[0.880s] -- Detecting CXX compile features
[0.881s] -- Detecting CXX compile features - done
[0.907s] -- Found ament_cmake: 1.3.10 (/opt/ros/humble/share/ament_cmake/cmake)
[1.003s] -- Found Python3: /usr/bin/python3 (found version "3.10.12") found components: Interpreter
[1.177s] -- Configuring done (1.1s)
[1.179s] -- Generating done (0.0s)
[1.180s] -- Build files have been written to: /home/sonvv/ros_control/Robots_6_axes_basic/build/ros2_control_demo_description
[1.183s] Invoked command in '/home/sonvv/ros_control/Robots_6_axes_basic/build/ros2_control_demo_description' returned '0': CMAKE_PREFIX_PATH=${CMAKE_PREFIX_PATH}:/home/sonvv/ros2_ws/install/rqt_joint_trajectory_controller:/home/sonvv/ros2_ws/install/rqt_controller_manager:/home/sonvv/ros2_ws/install/ros2controlcli:/home/sonvv/ros2_ws/install/ros2_controllers_test_nodes:/home/sonvv/ros2_ws/install/ros2_control_demo_testing:/home/sonvv/ros2_control_demo/install/ros2_control_demo_testing:/opt/ros/humble /usr/local/bin/cmake /home/sonvv/ros_control/Robots_6_axes_basic/src/ros2_control_demo_description -DCMAKE_INSTALL_PREFIX=/home/sonvv/ros_control/Robots_6_axes_basic/install/ros2_control_demo_description
[1.185s] Invoking command in '/home/sonvv/ros_control/Robots_6_axes_basic/build/ros2_control_demo_description': CMAKE_PREFIX_PATH=${CMAKE_PREFIX_PATH}:/home/sonvv/ros2_ws/install/rqt_joint_trajectory_controller:/home/sonvv/ros2_ws/install/rqt_controller_manager:/home/sonvv/ros2_ws/install/ros2controlcli:/home/sonvv/ros2_ws/install/ros2_controllers_test_nodes:/home/sonvv/ros2_ws/install/ros2_control_demo_testing:/home/sonvv/ros2_control_demo/install/ros2_control_demo_testing:/opt/ros/humble /usr/local/bin/cmake --build /home/sonvv/ros_control/Robots_6_axes_basic/build/ros2_control_demo_description -- -j20 -l20
[1.197s] Invoked command in '/home/sonvv/ros_control/Robots_6_axes_basic/build/ros2_control_demo_description' returned '0': CMAKE_PREFIX_PATH=${CMAKE_PREFIX_PATH}:/home/sonvv/ros2_ws/install/rqt_joint_trajectory_controller:/home/sonvv/ros2_ws/install/rqt_controller_manager:/home/sonvv/ros2_ws/install/ros2controlcli:/home/sonvv/ros2_ws/install/ros2_controllers_test_nodes:/home/sonvv/ros2_ws/install/ros2_control_demo_testing:/home/sonvv/ros2_control_demo/install/ros2_control_demo_testing:/opt/ros/humble /usr/local/bin/cmake --build /home/sonvv/ros_control/Robots_6_axes_basic/build/ros2_control_demo_description -- -j20 -l20
[1.201s] Invoking command in '/home/sonvv/ros_control/Robots_6_axes_basic/build/ros2_control_demo_description': CMAKE_PREFIX_PATH=${CMAKE_PREFIX_PATH}:/home/sonvv/ros2_ws/install/rqt_joint_trajectory_controller:/home/sonvv/ros2_ws/install/rqt_controller_manager:/home/sonvv/ros2_ws/install/ros2controlcli:/home/sonvv/ros2_ws/install/ros2_controllers_test_nodes:/home/sonvv/ros2_ws/install/ros2_control_demo_testing:/home/sonvv/ros2_control_demo/install/ros2_control_demo_testing:/opt/ros/humble /usr/local/bin/cmake --install /home/sonvv/ros_control/Robots_6_axes_basic/build/ros2_control_demo_description
[1.203s] -- Install configuration: ""
[1.203s] -- Installing: /home/sonvv/ros_control/Robots_6_axes_basic/install/ros2_control_demo_description/share/ros2_control_demo_description/rrbot/urdf
[1.204s] -- Installing: /home/sonvv/ros_control/Robots_6_axes_basic/install/ros2_control_demo_description/share/ros2_control_demo_description/rrbot/urdf/rrbot.materials.xacro
[1.204s] -- Installing: /home/sonvv/ros_control/Robots_6_axes_basic/install/ros2_control_demo_description/share/ros2_control_demo_description/rrbot/urdf/rrbot.materials.xacro:Zone.Identifier
[1.204s] -- Installing: /home/sonvv/ros_control/Robots_6_axes_basic/install/ros2_control_demo_description/share/ros2_control_demo_description/rrbot/urdf/rrbot_description.urdf.xacro
[1.205s] -- Installing: /home/sonvv/ros_control/Robots_6_axes_basic/install/ros2_control_demo_description/share/ros2_control_demo_description/rrbot/urdf/rrbot_description.urdf.xacro:Zone.Identifier
[1.205s] -- Installing: /home/sonvv/ros_control/Robots_6_axes_basic/install/ros2_control_demo_description/share/ros2_control_demo_description/rrbot/rviz
[1.205s] -- Installing: /home/sonvv/ros_control/Robots_6_axes_basic/install/ros2_control_demo_description/share/ros2_control_demo_description/rrbot/rviz/rrbot.rviz:Zone.Identifier
[1.205s] -- Installing: /home/sonvv/ros_control/Robots_6_axes_basic/install/ros2_control_demo_description/share/ros2_control_demo_description/rrbot/rviz/rrbot.rviz
[1.205s] -- Installing: /home/sonvv/ros_control/Robots_6_axes_basic/install/ros2_control_demo_description/share/ros2_control_demo_description/diffbot/urdf
[1.206s] -- Installing: /home/sonvv/ros_control/Robots_6_axes_basic/install/ros2_control_demo_description/share/ros2_control_demo_description/diffbot/urdf/diffbot.materials.xacro
[1.206s] -- Installing: /home/sonvv/ros_control/Robots_6_axes_basic/install/ros2_control_demo_description/share/ros2_control_demo_description/diffbot/urdf/diffbot_description.urdf.xacro:Zone.Identifier
[1.206s] -- Installing: /home/sonvv/ros_control/Robots_6_axes_basic/install/ros2_control_demo_description/share/ros2_control_demo_description/diffbot/urdf/diffbot_description.urdf.xacro
[1.206s] -- Installing: /home/sonvv/ros_control/Robots_6_axes_basic/install/ros2_control_demo_description/share/ros2_control_demo_description/diffbot/urdf/diffbot.materials.xacro:Zone.Identifier
[1.206s] -- Installing: /home/sonvv/ros_control/Robots_6_axes_basic/install/ros2_control_demo_description/share/ros2_control_demo_description/diffbot/rviz
[1.207s] -- Installing: /home/sonvv/ros_control/Robots_6_axes_basic/install/ros2_control_demo_description/share/ros2_control_demo_description/diffbot/rviz/diffbot_view.rviz
[1.207s] -- Installing: /home/sonvv/ros_control/Robots_6_axes_basic/install/ros2_control_demo_description/share/ros2_control_demo_description/diffbot/rviz/diffbot.rviz
[1.207s] -- Installing: /home/sonvv/ros_control/Robots_6_axes_basic/install/ros2_control_demo_description/share/ros2_control_demo_description/diffbot/rviz/diffbot_view.rviz:Zone.Identifier
[1.208s] -- Installing: /home/sonvv/ros_control/Robots_6_axes_basic/install/ros2_control_demo_description/share/ros2_control_demo_description/diffbot/rviz/diffbot.rviz:Zone.Identifier
[1.208s] -- Installing: /home/sonvv/ros_control/Robots_6_axes_basic/install/ros2_control_demo_description/share/ros2_control_demo_description/carlikebot/urdf
[1.208s] -- Installing: /home/sonvv/ros_control/Robots_6_axes_basic/install/ros2_control_demo_description/share/ros2_control_demo_description/carlikebot/urdf/carlikebot_description.urdf.xacro:Zone.Identifier
[1.208s] -- Installing: /home/sonvv/ros_control/Robots_6_axes_basic/install/ros2_control_demo_description/share/ros2_control_demo_description/carlikebot/urdf/carlikebot_description.urdf.xacro
[1.208s] -- Installing: /home/sonvv/ros_control/Robots_6_axes_basic/install/ros2_control_demo_description/share/ros2_control_demo_description/carlikebot/urdf/carlikebot.materials.xacro:Zone.Identifier
[1.208s] -- Installing: /home/sonvv/ros_control/Robots_6_axes_basic/install/ros2_control_demo_description/share/ros2_control_demo_description/carlikebot/urdf/carlikebot.materials.xacro
[1.209s] -- Installing: /home/sonvv/ros_control/Robots_6_axes_basic/install/ros2_control_demo_description/share/ros2_control_demo_description/carlikebot/rviz
[1.209s] -- Installing: /home/sonvv/ros_control/Robots_6_axes_basic/install/ros2_control_demo_description/share/ros2_control_demo_description/carlikebot/rviz/carlikebot_view.rviz:Zone.Identifier
[1.209s] -- Installing: /home/sonvv/ros_control/Robots_6_axes_basic/install/ros2_control_demo_description/share/ros2_control_demo_description/carlikebot/rviz/carlikebot.rviz:Zone.Identifier
[1.209s] -- Installing: /home/sonvv/ros_control/Robots_6_axes_basic/install/ros2_control_demo_description/share/ros2_control_demo_description/carlikebot/rviz/carlikebot.rviz
[1.209s] -- Installing: /home/sonvv/ros_control/Robots_6_axes_basic/install/ros2_control_demo_description/share/ros2_control_demo_description/carlikebot/rviz/carlikebot_view.rviz
[1.210s] -- Installing: /home/sonvv/ros_control/Robots_6_axes_basic/install/ros2_control_demo_description/share/ros2_control_demo_description/r3bot/urdf
[1.210s] -- Installing: /home/sonvv/ros_control/Robots_6_axes_basic/install/ros2_control_demo_description/share/ros2_control_demo_description/r3bot/urdf/threedofbot_description.urdf.xacro:Zone.Identifier
[1.210s] -- Installing: /home/sonvv/ros_control/Robots_6_axes_basic/install/ros2_control_demo_description/share/ros2_control_demo_description/r3bot/urdf/threedofbot_description.urdf.xacro
[1.210s] -- Installing: /home/sonvv/ros_control/Robots_6_axes_basic/install/ros2_control_demo_description/share/ros2_control_demo_description/r6bot/meshes
[1.211s] -- Installing: /home/sonvv/ros_control/Robots_6_axes_basic/install/ros2_control_demo_description/share/ros2_control_demo_description/r6bot/meshes/collision
[1.211s] -- Installing: /home/sonvv/ros_control/Robots_6_axes_basic/install/ros2_control_demo_description/share/ros2_control_demo_description/r6bot/meshes/collision/link_5.stl
[1.211s] -- Installing: /home/sonvv/ros_control/Robots_6_axes_basic/install/ros2_control_demo_description/share/ros2_control_demo_description/r6bot/meshes/collision/link_3.stl:Zone.Identifier
[1.212s] -- Installing: /home/sonvv/ros_control/Robots_6_axes_basic/install/ros2_control_demo_description/share/ros2_control_demo_description/r6bot/meshes/collision/link_1.stl
[1.212s] -- Installing: /home/sonvv/ros_control/Robots_6_axes_basic/install/ros2_control_demo_description/share/ros2_control_demo_description/r6bot/meshes/collision/link_2.stl:Zone.Identifier
[1.212s] -- Installing: /home/sonvv/ros_control/Robots_6_axes_basic/install/ros2_control_demo_description/share/ros2_control_demo_description/r6bot/meshes/collision/link_5.stl:Zone.Identifier
[1.212s] -- Installing: /home/sonvv/ros_control/Robots_6_axes_basic/install/ros2_control_demo_description/share/ros2_control_demo_description/r6bot/meshes/collision/link_4.stl:Zone.Identifier
[1.212s] -- Installing: /home/sonvv/ros_control/Robots_6_axes_basic/install/ros2_control_demo_description/share/ros2_control_demo_description/r6bot/meshes/collision/link_2.stl
[1.215s] -- Installing: /home/sonvv/ros_control/Robots_6_axes_basic/install/ros2_control_demo_description/share/ros2_control_demo_description/r6bot/meshes/collision/link_3.stl
[1.216s] -- Installing: /home/sonvv/ros_control/Robots_6_axes_basic/install/ros2_control_demo_description/share/ros2_control_demo_description/r6bot/meshes/collision/link_0.stl
[1.216s] -- Installing: /home/sonvv/ros_control/Robots_6_axes_basic/install/ros2_control_demo_description/share/ros2_control_demo_description/r6bot/meshes/collision/link_0.stl:Zone.Identifier
[1.216s] -- Installing: /home/sonvv/ros_control/Robots_6_axes_basic/install/ros2_control_demo_description/share/ros2_control_demo_description/r6bot/meshes/collision/link_4.stl
[1.217s] -- Installing: /home/sonvv/ros_control/Robots_6_axes_basic/install/ros2_control_demo_description/share/ros2_control_demo_description/r6bot/meshes/collision/link_6.stl
[1.217s] -- Installing: /home/sonvv/ros_control/Robots_6_axes_basic/install/ros2_control_demo_description/share/ros2_control_demo_description/r6bot/meshes/collision/link_1.stl:Zone.Identifier
[1.218s] -- Installing: /home/sonvv/ros_control/Robots_6_axes_basic/install/ros2_control_demo_description/share/ros2_control_demo_description/r6bot/meshes/collision/link_6.stl:Zone.Identifier
[1.218s] -- Installing: /home/sonvv/ros_control/Robots_6_axes_basic/install/ros2_control_demo_description/share/ros2_control_demo_description/r6bot/meshes/visual
[1.218s] -- Installing: /home/sonvv/ros_control/Robots_6_axes_basic/install/ros2_control_demo_description/share/ros2_control_demo_description/r6bot/meshes/visual/link_5.dae
[1.218s] -- Installing: /home/sonvv/ros_control/Robots_6_axes_basic/install/ros2_control_demo_description/share/ros2_control_demo_description/r6bot/meshes/visual/link_4.dae
[1.219s] -- Installing: /home/sonvv/ros_control/Robots_6_axes_basic/install/ros2_control_demo_description/share/ros2_control_demo_description/r6bot/meshes/visual/link_5.dae:Zone.Identifier
[1.219s] -- Installing: /home/sonvv/ros_control/Robots_6_axes_basic/install/ros2_control_demo_description/share/ros2_control_demo_description/r6bot/meshes/visual/link_2.dae:Zone.Identifier
[1.219s] -- Installing: /home/sonvv/ros_control/Robots_6_axes_basic/install/ros2_control_demo_description/share/ros2_control_demo_description/r6bot/meshes/visual/link_4.dae:Zone.Identifier
[1.219s] -- Installing: /home/sonvv/ros_control/Robots_6_axes_basic/install/ros2_control_demo_description/share/ros2_control_demo_description/r6bot/meshes/visual/link_6.dae:Zone.Identifier
[1.219s] -- Installing: /home/sonvv/ros_control/Robots_6_axes_basic/install/ros2_control_demo_description/share/ros2_control_demo_description/r6bot/meshes/visual/link_3.dae:Zone.Identifier
[1.220s] -- Installing: /home/sonvv/ros_control/Robots_6_axes_basic/install/ros2_control_demo_description/share/ros2_control_demo_description/r6bot/meshes/visual/link_1.dae:Zone.Identifier
[1.220s] -- Installing: /home/sonvv/ros_control/Robots_6_axes_basic/install/ros2_control_demo_description/share/ros2_control_demo_description/r6bot/meshes/visual/link_0.dae:Zone.Identifier
[1.220s] -- Installing: /home/sonvv/ros_control/Robots_6_axes_basic/install/ros2_control_demo_description/share/ros2_control_demo_description/r6bot/meshes/visual/link_6.dae
[1.220s] -- Installing: /home/sonvv/ros_control/Robots_6_axes_basic/install/ros2_control_demo_description/share/ros2_control_demo_description/r6bot/meshes/visual/link_3.dae
[1.222s] -- Installing: /home/sonvv/ros_control/Robots_6_axes_basic/install/ros2_control_demo_description/share/ros2_control_demo_description/r6bot/meshes/visual/link_1.dae
[1.222s] -- Installing: /home/sonvv/ros_control/Robots_6_axes_basic/install/ros2_control_demo_description/share/ros2_control_demo_description/r6bot/meshes/visual/link_2.dae
[1.225s] -- Installing: /home/sonvv/ros_control/Robots_6_axes_basic/install/ros2_control_demo_description/share/ros2_control_demo_description/r6bot/meshes/visual/link_0.dae
[1.225s] -- Installing: /home/sonvv/ros_control/Robots_6_axes_basic/install/ros2_control_demo_description/share/ros2_control_demo_description/r6bot/srdf
[1.225s] -- Installing: /home/sonvv/ros_control/Robots_6_axes_basic/install/ros2_control_demo_description/share/ros2_control_demo_description/r6bot/srdf/r6bot.srdf
[1.225s] -- Installing: /home/sonvv/ros_control/Robots_6_axes_basic/install/ros2_control_demo_description/share/ros2_control_demo_description/r6bot/srdf/r6bot.srdf:Zone.Identifier
[1.226s] -- Installing: /home/sonvv/ros_control/Robots_6_axes_basic/install/ros2_control_demo_description/share/ros2_control_demo_description/r6bot/urdf
[1.226s] -- Installing: /home/sonvv/ros_control/Robots_6_axes_basic/install/ros2_control_demo_description/share/ros2_control_demo_description/r6bot/urdf/inc
[1.226s] -- Installing: /home/sonvv/ros_control/Robots_6_axes_basic/install/ros2_control_demo_description/share/ros2_control_demo_description/r6bot/urdf/inc/create_link.xacro
[1.226s] -- Installing: /home/sonvv/ros_control/Robots_6_axes_basic/install/ros2_control_demo_description/share/ros2_control_demo_description/r6bot/urdf/inc/create_link.xacro:Zone.Identifier
[1.226s] -- Installing: /home/sonvv/ros_control/Robots_6_axes_basic/install/ros2_control_demo_description/share/ros2_control_demo_description/r6bot/urdf/r6bot_description.urdf.xacro:Zone.Identifier
[1.226s] -- Installing: /home/sonvv/ros_control/Robots_6_axes_basic/install/ros2_control_demo_description/share/ros2_control_demo_description/r6bot/urdf/r6bot_description.urdf.xacro
[1.226s] -- Installing: /home/sonvv/ros_control/Robots_6_axes_basic/install/ros2_control_demo_description/share/ros2_control_demo_description/r6bot/rviz
[1.227s] -- Installing: /home/sonvv/ros_control/Robots_6_axes_basic/install/ros2_control_demo_description/share/ros2_control_demo_description/r6bot/rviz/view_robot.rviz:Zone.Identifier
[1.227s] -- Installing: /home/sonvv/ros_control/Robots_6_axes_basic/install/ros2_control_demo_description/share/ros2_control_demo_description/r6bot/rviz/view_robot.rviz
[1.227s] -- Installing: /home/sonvv/ros_control/Robots_6_axes_basic/install/ros2_control_demo_description/share/ament_index/resource_index/package_run_dependencies/ros2_control_demo_description
[1.227s] -- Installing: /home/sonvv/ros_control/Robots_6_axes_basic/install/ros2_control_demo_description/share/ament_index/resource_index/parent_prefix_path/ros2_control_demo_description
[1.227s] -- Installing: /home/sonvv/ros_control/Robots_6_axes_basic/install/ros2_control_demo_description/share/ros2_control_demo_description/environment/ament_prefix_path.sh
[1.227s] -- Installing: /home/sonvv/ros_control/Robots_6_axes_basic/install/ros2_control_demo_description/share/ros2_control_demo_description/environment/ament_prefix_path.dsv
[1.227s] -- Installing: /home/sonvv/ros_control/Robots_6_axes_basic/install/ros2_control_demo_description/share/ros2_control_demo_description/environment/path.sh
[1.228s] -- Installing: /home/sonvv/ros_control/Robots_6_axes_basic/install/ros2_control_demo_description/share/ros2_control_demo_description/environment/path.dsv
[1.228s] -- Installing: /home/sonvv/ros_control/Robots_6_axes_basic/install/ros2_control_demo_description/share/ros2_control_demo_description/local_setup.bash
[1.228s] -- Installing: /home/sonvv/ros_control/Robots_6_axes_basic/install/ros2_control_demo_description/share/ros2_control_demo_description/local_setup.sh
[1.228s] -- Installing: /home/sonvv/ros_control/Robots_6_axes_basic/install/ros2_control_demo_description/share/ros2_control_demo_description/local_setup.zsh
[1.228s] -- Installing: /home/sonvv/ros_control/Robots_6_axes_basic/install/ros2_control_demo_description/share/ros2_control_demo_description/local_setup.dsv
[1.228s] -- Installing: /home/sonvv/ros_control/Robots_6_axes_basic/install/ros2_control_demo_description/share/ros2_control_demo_description/package.dsv
[1.228s] -- Installing: /home/sonvv/ros_control/Robots_6_axes_basic/install/ros2_control_demo_description/share/ament_index/resource_index/packages/ros2_control_demo_description
[1.228s] -- Installing: /home/sonvv/ros_control/Robots_6_axes_basic/install/ros2_control_demo_description/share/ros2_control_demo_description/cmake/ros2_control_demo_descriptionConfig.cmake
[1.228s] -- Installing: /home/sonvv/ros_control/Robots_6_axes_basic/install/ros2_control_demo_description/share/ros2_control_demo_description/cmake/ros2_control_demo_descriptionConfig-version.cmake
[1.228s] -- Installing: /home/sonvv/ros_control/Robots_6_axes_basic/install/ros2_control_demo_description/share/ros2_control_demo_description/package.xml
[1.229s] Invoked command in '/home/sonvv/ros_control/Robots_6_axes_basic/build/ros2_control_demo_description' returned '0': CMAKE_PREFIX_PATH=${CMAKE_PREFIX_PATH}:/home/sonvv/ros2_ws/install/rqt_joint_trajectory_controller:/home/sonvv/ros2_ws/install/rqt_controller_manager:/home/sonvv/ros2_ws/install/ros2controlcli:/home/sonvv/ros2_ws/install/ros2_controllers_test_nodes:/home/sonvv/ros2_ws/install/ros2_control_demo_testing:/home/sonvv/ros2_control_demo/install/ros2_control_demo_testing:/opt/ros/humble /usr/local/bin/cmake --install /home/sonvv/ros_control/Robots_6_axes_basic/build/ros2_control_demo_description
