[0.197s] DEBUG:colcon:Command line arguments: ['/usr/bin/colcon', 'build']
[0.197s] DEBUG:colcon:Parsed command line arguments: Namespace(log_base=None, log_level=None, verb_name='build', build_base='build', install_base='install', merge_install=False, symlink_install=False, test_result_base=None, continue_on_error=False, executor='parallel', parallel_workers=20, event_handlers=None, ignore_user_meta=False, metas=['./colcon.meta'], base_paths=['.'], packages_ignore=None, packages_ignore_regex=None, paths=None, packages_up_to=None, packages_up_to_regex=None, packages_above=None, packages_above_and_dependencies=None, packages_above_depth=None, packages_select_by_dep=None, packages_skip_by_dep=None, packages_skip_up_to=None, packages_select_build_failed=False, packages_skip_build_finished=False, packages_select_test_failures=False, packages_skip_test_passed=False, packages_select=None, packages_skip=None, packages_select_regex=None, packages_skip_regex=None, packages_start=None, packages_end=None, allow_overriding=[], cmake_args=None, cmake_target=None, cmake_target_skip_unavailable=False, cmake_clean_cache=False, cmake_clean_first=False, cmake_force_configure=False, ament_cmake_args=None, catkin_cmake_args=None, catkin_skip_building_tests=False, mixin_files=None, mixin=None, verb_parser=<colcon_mixin.mixin.mixin_argument.MixinArgumentDecorator object at 0x7fcd53d57c40>, verb_extension=<colcon_core.verb.build.BuildVerb object at 0x7fcd53f28b20>, main=<bound method BuildVerb.main of <colcon_core.verb.build.BuildVerb object at 0x7fcd53f28b20>>, mixin_verb=('build',))
[0.454s] Level 1:colcon.colcon_core.package_discovery:discover_packages(colcon_meta) check parameters
[0.454s] Level 1:colcon.colcon_core.package_discovery:discover_packages(recursive) check parameters
[0.454s] Level 1:colcon.colcon_core.package_discovery:discover_packages(ignore) check parameters
[0.454s] Level 1:colcon.colcon_core.package_discovery:discover_packages(path) check parameters
[0.454s] Level 1:colcon.colcon_core.package_discovery:discover_packages(colcon_meta) discover
[0.454s] Level 1:colcon.colcon_core.package_discovery:discover_packages(recursive) discover
[0.454s] INFO:colcon.colcon_core.package_discovery:Crawling recursively for packages in '/home/sonvv/ros_control/Robots_6_axes_basic'
[0.454s] Level 1:colcon.colcon_core.package_identification:_identify(.) by extensions ['ignore', 'ignore_ament_install']
[0.455s] Level 1:colcon.colcon_core.package_identification:_identify(.) by extension 'ignore'
[0.455s] Level 1:colcon.colcon_core.package_identification:_identify(.) by extension 'ignore_ament_install'
[0.455s] Level 1:colcon.colcon_core.package_identification:_identify(.) by extensions ['colcon_pkg']
[0.455s] Level 1:colcon.colcon_core.package_identification:_identify(.) by extension 'colcon_pkg'
[0.455s] Level 1:colcon.colcon_core.package_identification:_identify(.) by extensions ['colcon_meta']
[0.455s] Level 1:colcon.colcon_core.package_identification:_identify(.) by extension 'colcon_meta'
[0.455s] Level 1:colcon.colcon_core.package_identification:_identify(.) by extensions ['ros']
[0.455s] Level 1:colcon.colcon_core.package_identification:_identify(.) by extension 'ros'
[0.465s] Level 1:colcon.colcon_core.package_identification:_identify(.) by extensions ['cmake', 'python']
[0.465s] Level 1:colcon.colcon_core.package_identification:_identify(.) by extension 'cmake'
[0.465s] Level 1:colcon.colcon_core.package_identification:_identify(.) by extension 'python'
[0.465s] Level 1:colcon.colcon_core.package_identification:_identify(.) by extensions ['python_setup_py']
[0.465s] Level 1:colcon.colcon_core.package_identification:_identify(.) by extension 'python_setup_py'
[0.465s] Level 1:colcon.colcon_core.package_identification:_identify(build) by extensions ['ignore', 'ignore_ament_install']
[0.465s] Level 1:colcon.colcon_core.package_identification:_identify(build) by extension 'ignore'
[0.465s] Level 1:colcon.colcon_core.package_identification:_identify(build) ignored
[0.465s] Level 1:colcon.colcon_core.package_identification:_identify(install) by extensions ['ignore', 'ignore_ament_install']
[0.465s] Level 1:colcon.colcon_core.package_identification:_identify(install) by extension 'ignore'
[0.465s] Level 1:colcon.colcon_core.package_identification:_identify(install) ignored
[0.465s] Level 1:colcon.colcon_core.package_identification:_identify(log) by extensions ['ignore', 'ignore_ament_install']
[0.465s] Level 1:colcon.colcon_core.package_identification:_identify(log) by extension 'ignore'
[0.465s] Level 1:colcon.colcon_core.package_identification:_identify(log) ignored
[0.466s] Level 1:colcon.colcon_core.package_identification:_identify(src) by extensions ['ignore', 'ignore_ament_install']
[0.466s] Level 1:colcon.colcon_core.package_identification:_identify(src) by extension 'ignore'
[0.466s] Level 1:colcon.colcon_core.package_identification:_identify(src) by extension 'ignore_ament_install'
[0.466s] Level 1:colcon.colcon_core.package_identification:_identify(src) by extensions ['colcon_pkg']
[0.466s] Level 1:colcon.colcon_core.package_identification:_identify(src) by extension 'colcon_pkg'
[0.466s] Level 1:colcon.colcon_core.package_identification:_identify(src) by extensions ['colcon_meta']
[0.466s] Level 1:colcon.colcon_core.package_identification:_identify(src) by extension 'colcon_meta'
[0.466s] Level 1:colcon.colcon_core.package_identification:_identify(src) by extensions ['ros']
[0.466s] Level 1:colcon.colcon_core.package_identification:_identify(src) by extension 'ros'
[0.466s] Level 1:colcon.colcon_core.package_identification:_identify(src) by extensions ['cmake', 'python']
[0.466s] Level 1:colcon.colcon_core.package_identification:_identify(src) by extension 'cmake'
[0.466s] Level 1:colcon.colcon_core.package_identification:_identify(src) by extension 'python'
[0.466s] Level 1:colcon.colcon_core.package_identification:_identify(src) by extensions ['python_setup_py']
[0.466s] Level 1:colcon.colcon_core.package_identification:_identify(src) by extension 'python_setup_py'
[0.466s] Level 1:colcon.colcon_core.package_identification:_identify(src/core) by extensions ['ignore', 'ignore_ament_install']
[0.466s] Level 1:colcon.colcon_core.package_identification:_identify(src/core) by extension 'ignore'
[0.466s] Level 1:colcon.colcon_core.package_identification:_identify(src/core) by extension 'ignore_ament_install'
[0.466s] Level 1:colcon.colcon_core.package_identification:_identify(src/core) by extensions ['colcon_pkg']
[0.466s] Level 1:colcon.colcon_core.package_identification:_identify(src/core) by extension 'colcon_pkg'
[0.466s] Level 1:colcon.colcon_core.package_identification:_identify(src/core) by extensions ['colcon_meta']
[0.466s] Level 1:colcon.colcon_core.package_identification:_identify(src/core) by extension 'colcon_meta'
[0.466s] Level 1:colcon.colcon_core.package_identification:_identify(src/core) by extensions ['ros']
[0.466s] Level 1:colcon.colcon_core.package_identification:_identify(src/core) by extension 'ros'
[0.469s] DEBUG:colcon.colcon_core.package_identification:Package 'src/core' with type 'ros.ament_cmake' and name 'ros2_control_demo_example_7'
[0.470s] Level 1:colcon.colcon_core.package_identification:_identify(src/ros2_control_demo_description) by extensions ['ignore', 'ignore_ament_install']
[0.470s] Level 1:colcon.colcon_core.package_identification:_identify(src/ros2_control_demo_description) by extension 'ignore'
[0.470s] Level 1:colcon.colcon_core.package_identification:_identify(src/ros2_control_demo_description) by extension 'ignore_ament_install'
[0.470s] Level 1:colcon.colcon_core.package_identification:_identify(src/ros2_control_demo_description) by extensions ['colcon_pkg']
[0.470s] Level 1:colcon.colcon_core.package_identification:_identify(src/ros2_control_demo_description) by extension 'colcon_pkg'
[0.470s] Level 1:colcon.colcon_core.package_identification:_identify(src/ros2_control_demo_description) by extensions ['colcon_meta']
[0.470s] Level 1:colcon.colcon_core.package_identification:_identify(src/ros2_control_demo_description) by extension 'colcon_meta'
[0.470s] Level 1:colcon.colcon_core.package_identification:_identify(src/ros2_control_demo_description) by extensions ['ros']
[0.470s] Level 1:colcon.colcon_core.package_identification:_identify(src/ros2_control_demo_description) by extension 'ros'
[0.470s] DEBUG:colcon.colcon_core.package_identification:Package 'src/ros2_control_demo_description' with type 'ros.ament_cmake' and name 'ros2_control_demo_description'
[0.471s] Level 1:colcon.colcon_core.package_discovery:discover_packages(recursive) using defaults
[0.471s] Level 1:colcon.colcon_core.package_discovery:discover_packages(ignore) discover
[0.471s] Level 1:colcon.colcon_core.package_discovery:discover_packages(ignore) using defaults
[0.471s] Level 1:colcon.colcon_core.package_discovery:discover_packages(path) discover
[0.471s] Level 1:colcon.colcon_core.package_discovery:discover_packages(path) using defaults
[0.503s] Level 1:colcon.colcon_core.package_discovery:discover_packages(prefix_path) check parameters
[0.503s] Level 1:colcon.colcon_core.package_discovery:discover_packages(prefix_path) discover
[0.514s] DEBUG:colcon.colcon_installed_package_information.package_discovery:Found 61 installed packages in /home/sonvv/ros2_ws/install
[0.515s] DEBUG:colcon.colcon_installed_package_information.package_discovery:Found 18 installed packages in /home/sonvv/ros2_control_demo/install
[0.516s] DEBUG:colcon.colcon_installed_package_information.package_discovery:Found 322 installed packages in /opt/ros/humble
[0.518s] Level 1:colcon.colcon_core.package_discovery:discover_packages(prefix_path) using defaults
[0.633s] WARNING:colcon.colcon_core.package_selection:Some selected packages are already built in one or more underlay workspaces:
	'ros2_control_demo_example_7' is in: /home/sonvv/ros2_ws/install/ros2_control_demo_example_7, /home/sonvv/ros2_control_demo/install/ros2_control_demo_example_7
	'ros2_control_demo_description' is in: /home/sonvv/ros2_control_demo/install/ros2_control_demo_description, /home/sonvv/ros2_ws/install/ros2_control_demo_description
If a package in a merged underlay workspace is overridden and it installs headers, then all packages in the overlay must sort their include directories by workspace order. Failure to do so may result in build failures or undefined behavior at run time.
If the overridden package is used by another package in any underlay, then the overriding package in the overlay must be API and ABI compatible or undefined behavior at run time may occur.

If you understand the risks and want to override a package anyways, add the following to the command line:
	--allow-overriding ros2_control_demo_description ros2_control_demo_example_7

This may be promoted to an error in a future release of colcon-override-check.
[0.634s] Level 5:colcon.colcon_core.verb:set package 'ros2_control_demo_description' build argument 'cmake_args' from command line to 'None'
[0.634s] Level 5:colcon.colcon_core.verb:set package 'ros2_control_demo_description' build argument 'cmake_target' from command line to 'None'
[0.634s] Level 5:colcon.colcon_core.verb:set package 'ros2_control_demo_description' build argument 'cmake_target_skip_unavailable' from command line to 'False'
[0.634s] Level 5:colcon.colcon_core.verb:set package 'ros2_control_demo_description' build argument 'cmake_clean_cache' from command line to 'False'
[0.634s] Level 5:colcon.colcon_core.verb:set package 'ros2_control_demo_description' build argument 'cmake_clean_first' from command line to 'False'
[0.634s] Level 5:colcon.colcon_core.verb:set package 'ros2_control_demo_description' build argument 'cmake_force_configure' from command line to 'False'
[0.634s] Level 5:colcon.colcon_core.verb:set package 'ros2_control_demo_description' build argument 'ament_cmake_args' from command line to 'None'
[0.634s] Level 5:colcon.colcon_core.verb:set package 'ros2_control_demo_description' build argument 'catkin_cmake_args' from command line to 'None'
[0.634s] Level 5:colcon.colcon_core.verb:set package 'ros2_control_demo_description' build argument 'catkin_skip_building_tests' from command line to 'False'
[0.634s] DEBUG:colcon.colcon_core.verb:Building package 'ros2_control_demo_description' with the following arguments: {'ament_cmake_args': None, 'build_base': '/home/sonvv/ros_control/Robots_6_axes_basic/build/ros2_control_demo_description', 'catkin_cmake_args': None, 'catkin_skip_building_tests': False, 'cmake_args': None, 'cmake_clean_cache': False, 'cmake_clean_first': False, 'cmake_force_configure': False, 'cmake_target': None, 'cmake_target_skip_unavailable': False, 'install_base': '/home/sonvv/ros_control/Robots_6_axes_basic/install/ros2_control_demo_description', 'merge_install': False, 'path': '/home/sonvv/ros_control/Robots_6_axes_basic/src/ros2_control_demo_description', 'symlink_install': False, 'test_result_base': None}
[0.634s] Level 5:colcon.colcon_core.verb:set package 'ros2_control_demo_example_7' build argument 'cmake_args' from command line to 'None'
[0.634s] Level 5:colcon.colcon_core.verb:set package 'ros2_control_demo_example_7' build argument 'cmake_target' from command line to 'None'
[0.634s] Level 5:colcon.colcon_core.verb:set package 'ros2_control_demo_example_7' build argument 'cmake_target_skip_unavailable' from command line to 'False'
[0.634s] Level 5:colcon.colcon_core.verb:set package 'ros2_control_demo_example_7' build argument 'cmake_clean_cache' from command line to 'False'
[0.634s] Level 5:colcon.colcon_core.verb:set package 'ros2_control_demo_example_7' build argument 'cmake_clean_first' from command line to 'False'
[0.634s] Level 5:colcon.colcon_core.verb:set package 'ros2_control_demo_example_7' build argument 'cmake_force_configure' from command line to 'False'
[0.634s] Level 5:colcon.colcon_core.verb:set package 'ros2_control_demo_example_7' build argument 'ament_cmake_args' from command line to 'None'
[0.634s] Level 5:colcon.colcon_core.verb:set package 'ros2_control_demo_example_7' build argument 'catkin_cmake_args' from command line to 'None'
[0.634s] Level 5:colcon.colcon_core.verb:set package 'ros2_control_demo_example_7' build argument 'catkin_skip_building_tests' from command line to 'False'
[0.634s] DEBUG:colcon.colcon_core.verb:Building package 'ros2_control_demo_example_7' with the following arguments: {'ament_cmake_args': None, 'build_base': '/home/sonvv/ros_control/Robots_6_axes_basic/build/ros2_control_demo_example_7', 'catkin_cmake_args': None, 'catkin_skip_building_tests': False, 'cmake_args': None, 'cmake_clean_cache': False, 'cmake_clean_first': False, 'cmake_force_configure': False, 'cmake_target': None, 'cmake_target_skip_unavailable': False, 'install_base': '/home/sonvv/ros_control/Robots_6_axes_basic/install/ros2_control_demo_example_7', 'merge_install': False, 'path': '/home/sonvv/ros_control/Robots_6_axes_basic/src/core', 'symlink_install': False, 'test_result_base': None}
[0.634s] INFO:colcon.colcon_core.executor:Executing jobs using 'parallel' executor
[0.636s] DEBUG:colcon.colcon_parallel_executor.executor.parallel:run_until_complete
[0.636s] INFO:colcon.colcon_ros.task.ament_cmake.build:Building ROS package in '/home/sonvv/ros_control/Robots_6_axes_basic/src/ros2_control_demo_description' with build type 'ament_cmake'
[0.636s] INFO:colcon.colcon_cmake.task.cmake.build:Building CMake package in '/home/sonvv/ros_control/Robots_6_axes_basic/src/ros2_control_demo_description'
[0.643s] INFO:colcon.colcon_core.plugin_system:Skipping extension 'colcon_core.shell.bat': Not used on non-Windows systems
[0.644s] INFO:colcon.colcon_core.shell:Skip shell extension 'powershell' for command environment: Not usable outside of PowerShell
[0.644s] DEBUG:colcon.colcon_core.shell:Skip shell extension 'dsv' for command environment
[0.653s] DEBUG:colcon.colcon_core.event_handler.log_command:Invoking command in '/home/sonvv/ros_control/Robots_6_axes_basic/build/ros2_control_demo_description': CMAKE_PREFIX_PATH=${CMAKE_PREFIX_PATH}:/home/sonvv/ros2_ws/install/rqt_joint_trajectory_controller:/home/sonvv/ros2_ws/install/rqt_controller_manager:/home/sonvv/ros2_ws/install/ros2controlcli:/home/sonvv/ros2_ws/install/ros2_controllers_test_nodes:/home/sonvv/ros2_ws/install/ros2_control_demo_testing:/home/sonvv/ros2_control_demo/install/ros2_control_demo_testing:/opt/ros/humble /usr/local/bin/cmake /home/sonvv/ros_control/Robots_6_axes_basic/src/ros2_control_demo_description -DCMAKE_INSTALL_PREFIX=/home/sonvv/ros_control/Robots_6_axes_basic/install/ros2_control_demo_description
[1.820s] DEBUG:colcon.colcon_core.event_handler.log_command:Invoked command in '/home/sonvv/ros_control/Robots_6_axes_basic/build/ros2_control_demo_description' returned '0': CMAKE_PREFIX_PATH=${CMAKE_PREFIX_PATH}:/home/sonvv/ros2_ws/install/rqt_joint_trajectory_controller:/home/sonvv/ros2_ws/install/rqt_controller_manager:/home/sonvv/ros2_ws/install/ros2controlcli:/home/sonvv/ros2_ws/install/ros2_controllers_test_nodes:/home/sonvv/ros2_ws/install/ros2_control_demo_testing:/home/sonvv/ros2_control_demo/install/ros2_control_demo_testing:/opt/ros/humble /usr/local/bin/cmake /home/sonvv/ros_control/Robots_6_axes_basic/src/ros2_control_demo_description -DCMAKE_INSTALL_PREFIX=/home/sonvv/ros_control/Robots_6_axes_basic/install/ros2_control_demo_description
[1.821s] DEBUG:colcon.colcon_core.event_handler.log_command:Invoking command in '/home/sonvv/ros_control/Robots_6_axes_basic/build/ros2_control_demo_description': CMAKE_PREFIX_PATH=${CMAKE_PREFIX_PATH}:/home/sonvv/ros2_ws/install/rqt_joint_trajectory_controller:/home/sonvv/ros2_ws/install/rqt_controller_manager:/home/sonvv/ros2_ws/install/ros2controlcli:/home/sonvv/ros2_ws/install/ros2_controllers_test_nodes:/home/sonvv/ros2_ws/install/ros2_control_demo_testing:/home/sonvv/ros2_control_demo/install/ros2_control_demo_testing:/opt/ros/humble /usr/local/bin/cmake --build /home/sonvv/ros_control/Robots_6_axes_basic/build/ros2_control_demo_description -- -j20 -l20
[1.834s] DEBUG:colcon.colcon_core.event_handler.log_command:Invoked command in '/home/sonvv/ros_control/Robots_6_axes_basic/build/ros2_control_demo_description' returned '0': CMAKE_PREFIX_PATH=${CMAKE_PREFIX_PATH}:/home/sonvv/ros2_ws/install/rqt_joint_trajectory_controller:/home/sonvv/ros2_ws/install/rqt_controller_manager:/home/sonvv/ros2_ws/install/ros2controlcli:/home/sonvv/ros2_ws/install/ros2_controllers_test_nodes:/home/sonvv/ros2_ws/install/ros2_control_demo_testing:/home/sonvv/ros2_control_demo/install/ros2_control_demo_testing:/opt/ros/humble /usr/local/bin/cmake --build /home/sonvv/ros_control/Robots_6_axes_basic/build/ros2_control_demo_description -- -j20 -l20
[1.838s] DEBUG:colcon.colcon_core.event_handler.log_command:Invoking command in '/home/sonvv/ros_control/Robots_6_axes_basic/build/ros2_control_demo_description': CMAKE_PREFIX_PATH=${CMAKE_PREFIX_PATH}:/home/sonvv/ros2_ws/install/rqt_joint_trajectory_controller:/home/sonvv/ros2_ws/install/rqt_controller_manager:/home/sonvv/ros2_ws/install/ros2controlcli:/home/sonvv/ros2_ws/install/ros2_controllers_test_nodes:/home/sonvv/ros2_ws/install/ros2_control_demo_testing:/home/sonvv/ros2_control_demo/install/ros2_control_demo_testing:/opt/ros/humble /usr/local/bin/cmake --install /home/sonvv/ros_control/Robots_6_axes_basic/build/ros2_control_demo_description
[1.865s] Level 1:colcon.colcon_core.environment:create_environment_scripts_only(ros2_control_demo_description)
[1.865s] DEBUG:colcon.colcon_core.event_handler.log_command:Invoked command in '/home/sonvv/ros_control/Robots_6_axes_basic/build/ros2_control_demo_description' returned '0': CMAKE_PREFIX_PATH=${CMAKE_PREFIX_PATH}:/home/sonvv/ros2_ws/install/rqt_joint_trajectory_controller:/home/sonvv/ros2_ws/install/rqt_controller_manager:/home/sonvv/ros2_ws/install/ros2controlcli:/home/sonvv/ros2_ws/install/ros2_controllers_test_nodes:/home/sonvv/ros2_ws/install/ros2_control_demo_testing:/home/sonvv/ros2_control_demo/install/ros2_control_demo_testing:/opt/ros/humble /usr/local/bin/cmake --install /home/sonvv/ros_control/Robots_6_axes_basic/build/ros2_control_demo_description
[1.871s] Level 1:colcon.colcon_core.environment:checking '/home/sonvv/ros_control/Robots_6_axes_basic/install/ros2_control_demo_description' for CMake module files
[1.871s] Level 1:colcon.colcon_core.environment:checking '/home/sonvv/ros_control/Robots_6_axes_basic/install/ros2_control_demo_description' for CMake config files
[1.871s] Level 1:colcon.colcon_core.shell:create_environment_hook('ros2_control_demo_description', 'cmake_prefix_path')
[1.871s] INFO:colcon.colcon_core.shell:Creating environment hook '/home/sonvv/ros_control/Robots_6_axes_basic/install/ros2_control_demo_description/share/ros2_control_demo_description/hook/cmake_prefix_path.ps1'
[1.872s] INFO:colcon.colcon_core.shell:Creating environment descriptor '/home/sonvv/ros_control/Robots_6_axes_basic/install/ros2_control_demo_description/share/ros2_control_demo_description/hook/cmake_prefix_path.dsv'
[1.872s] INFO:colcon.colcon_core.shell:Creating environment hook '/home/sonvv/ros_control/Robots_6_axes_basic/install/ros2_control_demo_description/share/ros2_control_demo_description/hook/cmake_prefix_path.sh'
[1.873s] Level 1:colcon.colcon_core.environment:checking '/home/sonvv/ros_control/Robots_6_axes_basic/install/ros2_control_demo_description/bin'
[1.873s] Level 1:colcon.colcon_core.environment:checking '/home/sonvv/ros_control/Robots_6_axes_basic/install/ros2_control_demo_description/lib/pkgconfig/ros2_control_demo_description.pc'
[1.873s] Level 1:colcon.colcon_core.environment:checking '/home/sonvv/ros_control/Robots_6_axes_basic/install/ros2_control_demo_description/lib/python3.10/site-packages'
[1.873s] Level 1:colcon.colcon_core.environment:checking '/home/sonvv/ros_control/Robots_6_axes_basic/install/ros2_control_demo_description/bin'
[1.873s] INFO:colcon.colcon_core.shell:Creating package script '/home/sonvv/ros_control/Robots_6_axes_basic/install/ros2_control_demo_description/share/ros2_control_demo_description/package.ps1'
[1.874s] INFO:colcon.colcon_core.shell:Creating package descriptor '/home/sonvv/ros_control/Robots_6_axes_basic/install/ros2_control_demo_description/share/ros2_control_demo_description/package.dsv'
[1.875s] INFO:colcon.colcon_core.shell:Creating package script '/home/sonvv/ros_control/Robots_6_axes_basic/install/ros2_control_demo_description/share/ros2_control_demo_description/package.sh'
[1.875s] INFO:colcon.colcon_core.shell:Creating package script '/home/sonvv/ros_control/Robots_6_axes_basic/install/ros2_control_demo_description/share/ros2_control_demo_description/package.bash'
[1.876s] INFO:colcon.colcon_core.shell:Creating package script '/home/sonvv/ros_control/Robots_6_axes_basic/install/ros2_control_demo_description/share/ros2_control_demo_description/package.zsh'
[1.876s] Level 1:colcon.colcon_core.environment:create_file_with_runtime_dependencies(/home/sonvv/ros_control/Robots_6_axes_basic/install/ros2_control_demo_description/share/colcon-core/packages/ros2_control_demo_description)
[1.877s] Level 1:colcon.colcon_core.environment:create_environment_scripts_only(ros2_control_demo_description)
[1.877s] Level 1:colcon.colcon_core.environment:checking '/home/sonvv/ros_control/Robots_6_axes_basic/install/ros2_control_demo_description' for CMake module files
[1.877s] Level 1:colcon.colcon_core.environment:checking '/home/sonvv/ros_control/Robots_6_axes_basic/install/ros2_control_demo_description' for CMake config files
[1.877s] Level 1:colcon.colcon_core.shell:create_environment_hook('ros2_control_demo_description', 'cmake_prefix_path')
[1.877s] INFO:colcon.colcon_core.shell:Creating environment hook '/home/sonvv/ros_control/Robots_6_axes_basic/install/ros2_control_demo_description/share/ros2_control_demo_description/hook/cmake_prefix_path.ps1'
[1.878s] INFO:colcon.colcon_core.shell:Creating environment descriptor '/home/sonvv/ros_control/Robots_6_axes_basic/install/ros2_control_demo_description/share/ros2_control_demo_description/hook/cmake_prefix_path.dsv'
[1.878s] INFO:colcon.colcon_core.shell:Creating environment hook '/home/sonvv/ros_control/Robots_6_axes_basic/install/ros2_control_demo_description/share/ros2_control_demo_description/hook/cmake_prefix_path.sh'
[1.878s] Level 1:colcon.colcon_core.environment:checking '/home/sonvv/ros_control/Robots_6_axes_basic/install/ros2_control_demo_description/bin'
[1.878s] Level 1:colcon.colcon_core.environment:checking '/home/sonvv/ros_control/Robots_6_axes_basic/install/ros2_control_demo_description/lib/pkgconfig/ros2_control_demo_description.pc'
[1.878s] Level 1:colcon.colcon_core.environment:checking '/home/sonvv/ros_control/Robots_6_axes_basic/install/ros2_control_demo_description/lib/python3.10/site-packages'
[1.878s] Level 1:colcon.colcon_core.environment:checking '/home/sonvv/ros_control/Robots_6_axes_basic/install/ros2_control_demo_description/bin'
[1.879s] INFO:colcon.colcon_core.shell:Creating package script '/home/sonvv/ros_control/Robots_6_axes_basic/install/ros2_control_demo_description/share/ros2_control_demo_description/package.ps1'
[1.879s] INFO:colcon.colcon_core.shell:Creating package descriptor '/home/sonvv/ros_control/Robots_6_axes_basic/install/ros2_control_demo_description/share/ros2_control_demo_description/package.dsv'
[1.879s] INFO:colcon.colcon_core.shell:Creating package script '/home/sonvv/ros_control/Robots_6_axes_basic/install/ros2_control_demo_description/share/ros2_control_demo_description/package.sh'
[1.879s] INFO:colcon.colcon_core.shell:Creating package script '/home/sonvv/ros_control/Robots_6_axes_basic/install/ros2_control_demo_description/share/ros2_control_demo_description/package.bash'
[1.879s] INFO:colcon.colcon_core.shell:Creating package script '/home/sonvv/ros_control/Robots_6_axes_basic/install/ros2_control_demo_description/share/ros2_control_demo_description/package.zsh'
[1.880s] Level 1:colcon.colcon_core.environment:create_file_with_runtime_dependencies(/home/sonvv/ros_control/Robots_6_axes_basic/install/ros2_control_demo_description/share/colcon-core/packages/ros2_control_demo_description)
[1.880s] INFO:colcon.colcon_ros.task.ament_cmake.build:Building ROS package in '/home/sonvv/ros_control/Robots_6_axes_basic/src/core' with build type 'ament_cmake'
[1.880s] INFO:colcon.colcon_cmake.task.cmake.build:Building CMake package in '/home/sonvv/ros_control/Robots_6_axes_basic/src/core'
[1.880s] INFO:colcon.colcon_core.shell:Skip shell extension 'powershell' for command environment: Not usable outside of PowerShell
[1.880s] DEBUG:colcon.colcon_core.shell:Skip shell extension 'dsv' for command environment
[1.911s] DEBUG:colcon.colcon_core.event_handler.log_command:Invoking command in '/home/sonvv/ros_control/Robots_6_axes_basic/build/ros2_control_demo_example_7': AMENT_PREFIX_PATH=/home/sonvv/ros_control/Robots_6_axes_basic/install/ros2_control_demo_description:${AMENT_PREFIX_PATH} CMAKE_PREFIX_PATH=/home/sonvv/ros_control/Robots_6_axes_basic/install/ros2_control_demo_description:/home/sonvv/ros2_ws/install/ros2_controllers:/home/sonvv/ros2_ws/install/ros2_control_demos:/home/sonvv/ros2_ws/install/ros2_control_demo_example_3:/home/sonvv/ros2_ws/install/ign_ros2_control_demos:/home/sonvv/ros2_ws/install/gazebo_ros2_control_demos:/home/sonvv/ros2_ws/install/velocity_controllers:/home/sonvv/ros2_ws/install/tricycle_steering_controller:/home/sonvv/ros2_ws/install/tricycle_controller:/home/sonvv/ros2_ws/install/ros2_control_demo_example_8:/home/sonvv/ros2_ws/install/ros2_control:/home/sonvv/ros2_ws/install/transmission_interface:/home/sonvv/ros2_ws/install/ros2_control_demo_example_11:/home/sonvv/ros2_ws/install/bicycle_steering_controller:/home/sonvv/ros2_ws/install/ackermann_steering_controller:/home/sonvv/ros2_ws/install/steering_controllers_library:/home/sonvv/ros2_ws/install/ros2_control_demo_example_9:/home/sonvv/ros2_ws/install/ros2_control_demo_example_7:/home/sonvv/ros2_ws/install/ros2_control_demo_example_6:/home/sonvv/ros2_ws/install/ros2_control_demo_example_15:/home/sonvv/ros2_ws/install/ros2_control_demo_example_13:/home/sonvv/ros2_ws/install/ros2_control_demo_example_5:/home/sonvv/ros2_ws/install/ros2_control_demo_example_4:/home/sonvv/ros2_ws/install/ros2_control_demo_example_2:/home/sonvv/ros2_ws/install/ros2_control_demo_example_14:/home/sonvv/ros2_ws/install/ros2_control_demo_example_12:/home/sonvv/ros2_ws/install/ros2_control_demo_example_10:/home/sonvv/ros2_ws/install/ros2_control_demo_example_1:/home/sonvv/ros2_ws/install/gz_ros2_control_tests:/home/sonvv/ros2_ws/install/ign_ros2_control:/home/sonvv/ros2_ws/install/hardware_interface_testing:/home/sonvv/ros2_ws/install/gazebo_ros2_control:/home/sonvv/ros2_ws/install/controller_manager:/home/sonvv/ros2_ws/install/ros2_control_test_assets:/home/sonvv/ros2_ws/install/ros2_control_demo_description:/home/sonvv/ros2_ws/install/range_sensor_broadcaster:/home/sonvv/ros2_ws/install/position_controllers:/home/sonvv/ros2_ws/install/pose_broadcaster:/home/sonvv/ros2_ws/install/pid_controller:/home/sonvv/ros2_ws/install/admittance_controller:/home/sonvv/ros2_ws/install/joint_trajectory_controller:/home/sonvv/ros2_ws/install/joint_state_broadcaster:/home/sonvv/ros2_ws/install/imu_sensor_broadcaster:/home/sonvv/ros2_ws/install/gripper_controllers:/home/sonvv/ros2_ws/install/effort_controllers:/home/sonvv/ros2_ws/install/forward_command_controller:/home/sonvv/ros2_ws/install/force_torque_sensor_broadcaster:/home/sonvv/ros2_ws/install/diff_drive_controller:/home/sonvv/ros2_ws/install/control_toolbox:/home/sonvv/ros2_ws/install/realtime_tools:/home/sonvv/ros2_ws/install/kinematics_interface_kdl:/home/sonvv/ros2_ws/install/kinematics_interface:/home/sonvv/ros2_ws/install/joint_limits:/home/sonvv/ros2_ws/install/controller_interface:/home/sonvv/ros2_ws/install/hardware_interface:/home/sonvv/ros2_ws/install/controller_manager_msgs:/home/sonvv/ros2_ws/install/control_msgs:/home/sonvv/ros2_control_demo/install/ros2_control_demos:/home/sonvv/ros2_control_demo/install/ros2_control_demo_example_9:/home/sonvv/ros2_control_demo/install/ros2_control_demo_example_8:/home/sonvv/ros2_control_demo/install/ros2_control_demo_example_7:/home/sonvv/ros2_control_demo/install/ros2_control_demo_example_6:/home/sonvv/ros2_control_demo/install/ros2_control_demo_example_15:/home/sonvv/ros2_control_demo/install/ros2_control_demo_example_13:/home/sonvv/ros2_control_demo/install/ros2_control_demo_example_5:/home/sonvv/ros2_control_demo/install/ros2_control_demo_example_4:/home/sonvv/ros2_control_demo/install/ros2_control_demo_example_3:/home/sonvv/ros2_control_demo/install/ros2_control_demo_example_2:/home/sonvv/ros2_control_demo/install/ros2_control_demo_example_14:/home/sonvv/ros2_control_demo/install/ros2_control_demo_example_12:/home/sonvv/ros2_control_demo/install/ros2_control_demo_example_11:/home/sonvv/ros2_control_demo/install/ros2_control_demo_example_10:/home/sonvv/ros2_control_demo/install/ros2_control_demo_example_1:/home/sonvv/ros2_control_demo/install/ros2_control_demo_description:/home/sonvv/ros2_ws/install/rqt_joint_trajectory_controller:/home/sonvv/ros2_ws/install/rqt_controller_manager:/home/sonvv/ros2_ws/install/ros2controlcli:/home/sonvv/ros2_ws/install/ros2_controllers_test_nodes:/home/sonvv/ros2_ws/install/ros2_control_demo_testing:/home/sonvv/ros2_control_demo/install/ros2_control_demo_testing:/opt/ros/humble /usr/local/bin/cmake /home/sonvv/ros_control/Robots_6_axes_basic/src/core -DCMAKE_INSTALL_PREFIX=/home/sonvv/ros_control/Robots_6_axes_basic/install/ros2_control_demo_example_7
[4.923s] DEBUG:colcon.colcon_core.event_handler.log_command:Invoked command in '/home/sonvv/ros_control/Robots_6_axes_basic/build/ros2_control_demo_example_7' returned '0': AMENT_PREFIX_PATH=/home/sonvv/ros_control/Robots_6_axes_basic/install/ros2_control_demo_description:${AMENT_PREFIX_PATH} CMAKE_PREFIX_PATH=/home/sonvv/ros_control/Robots_6_axes_basic/install/ros2_control_demo_description:/home/sonvv/ros2_ws/install/ros2_controllers:/home/sonvv/ros2_ws/install/ros2_control_demos:/home/sonvv/ros2_ws/install/ros2_control_demo_example_3:/home/sonvv/ros2_ws/install/ign_ros2_control_demos:/home/sonvv/ros2_ws/install/gazebo_ros2_control_demos:/home/sonvv/ros2_ws/install/velocity_controllers:/home/sonvv/ros2_ws/install/tricycle_steering_controller:/home/sonvv/ros2_ws/install/tricycle_controller:/home/sonvv/ros2_ws/install/ros2_control_demo_example_8:/home/sonvv/ros2_ws/install/ros2_control:/home/sonvv/ros2_ws/install/transmission_interface:/home/sonvv/ros2_ws/install/ros2_control_demo_example_11:/home/sonvv/ros2_ws/install/bicycle_steering_controller:/home/sonvv/ros2_ws/install/ackermann_steering_controller:/home/sonvv/ros2_ws/install/steering_controllers_library:/home/sonvv/ros2_ws/install/ros2_control_demo_example_9:/home/sonvv/ros2_ws/install/ros2_control_demo_example_7:/home/sonvv/ros2_ws/install/ros2_control_demo_example_6:/home/sonvv/ros2_ws/install/ros2_control_demo_example_15:/home/sonvv/ros2_ws/install/ros2_control_demo_example_13:/home/sonvv/ros2_ws/install/ros2_control_demo_example_5:/home/sonvv/ros2_ws/install/ros2_control_demo_example_4:/home/sonvv/ros2_ws/install/ros2_control_demo_example_2:/home/sonvv/ros2_ws/install/ros2_control_demo_example_14:/home/sonvv/ros2_ws/install/ros2_control_demo_example_12:/home/sonvv/ros2_ws/install/ros2_control_demo_example_10:/home/sonvv/ros2_ws/install/ros2_control_demo_example_1:/home/sonvv/ros2_ws/install/gz_ros2_control_tests:/home/sonvv/ros2_ws/install/ign_ros2_control:/home/sonvv/ros2_ws/install/hardware_interface_testing:/home/sonvv/ros2_ws/install/gazebo_ros2_control:/home/sonvv/ros2_ws/install/controller_manager:/home/sonvv/ros2_ws/install/ros2_control_test_assets:/home/sonvv/ros2_ws/install/ros2_control_demo_description:/home/sonvv/ros2_ws/install/range_sensor_broadcaster:/home/sonvv/ros2_ws/install/position_controllers:/home/sonvv/ros2_ws/install/pose_broadcaster:/home/sonvv/ros2_ws/install/pid_controller:/home/sonvv/ros2_ws/install/admittance_controller:/home/sonvv/ros2_ws/install/joint_trajectory_controller:/home/sonvv/ros2_ws/install/joint_state_broadcaster:/home/sonvv/ros2_ws/install/imu_sensor_broadcaster:/home/sonvv/ros2_ws/install/gripper_controllers:/home/sonvv/ros2_ws/install/effort_controllers:/home/sonvv/ros2_ws/install/forward_command_controller:/home/sonvv/ros2_ws/install/force_torque_sensor_broadcaster:/home/sonvv/ros2_ws/install/diff_drive_controller:/home/sonvv/ros2_ws/install/control_toolbox:/home/sonvv/ros2_ws/install/realtime_tools:/home/sonvv/ros2_ws/install/kinematics_interface_kdl:/home/sonvv/ros2_ws/install/kinematics_interface:/home/sonvv/ros2_ws/install/joint_limits:/home/sonvv/ros2_ws/install/controller_interface:/home/sonvv/ros2_ws/install/hardware_interface:/home/sonvv/ros2_ws/install/controller_manager_msgs:/home/sonvv/ros2_ws/install/control_msgs:/home/sonvv/ros2_control_demo/install/ros2_control_demos:/home/sonvv/ros2_control_demo/install/ros2_control_demo_example_9:/home/sonvv/ros2_control_demo/install/ros2_control_demo_example_8:/home/sonvv/ros2_control_demo/install/ros2_control_demo_example_7:/home/sonvv/ros2_control_demo/install/ros2_control_demo_example_6:/home/sonvv/ros2_control_demo/install/ros2_control_demo_example_15:/home/sonvv/ros2_control_demo/install/ros2_control_demo_example_13:/home/sonvv/ros2_control_demo/install/ros2_control_demo_example_5:/home/sonvv/ros2_control_demo/install/ros2_control_demo_example_4:/home/sonvv/ros2_control_demo/install/ros2_control_demo_example_3:/home/sonvv/ros2_control_demo/install/ros2_control_demo_example_2:/home/sonvv/ros2_control_demo/install/ros2_control_demo_example_14:/home/sonvv/ros2_control_demo/install/ros2_control_demo_example_12:/home/sonvv/ros2_control_demo/install/ros2_control_demo_example_11:/home/sonvv/ros2_control_demo/install/ros2_control_demo_example_10:/home/sonvv/ros2_control_demo/install/ros2_control_demo_example_1:/home/sonvv/ros2_control_demo/install/ros2_control_demo_description:/home/sonvv/ros2_ws/install/rqt_joint_trajectory_controller:/home/sonvv/ros2_ws/install/rqt_controller_manager:/home/sonvv/ros2_ws/install/ros2controlcli:/home/sonvv/ros2_ws/install/ros2_controllers_test_nodes:/home/sonvv/ros2_ws/install/ros2_control_demo_testing:/home/sonvv/ros2_control_demo/install/ros2_control_demo_testing:/opt/ros/humble /usr/local/bin/cmake /home/sonvv/ros_control/Robots_6_axes_basic/src/core -DCMAKE_INSTALL_PREFIX=/home/sonvv/ros_control/Robots_6_axes_basic/install/ros2_control_demo_example_7
[4.924s] DEBUG:colcon.colcon_core.event_handler.log_command:Invoking command in '/home/sonvv/ros_control/Robots_6_axes_basic/build/ros2_control_demo_example_7': AMENT_PREFIX_PATH=/home/sonvv/ros_control/Robots_6_axes_basic/install/ros2_control_demo_description:${AMENT_PREFIX_PATH} CMAKE_PREFIX_PATH=/home/sonvv/ros_control/Robots_6_axes_basic/install/ros2_control_demo_description:/home/sonvv/ros2_ws/install/ros2_controllers:/home/sonvv/ros2_ws/install/ros2_control_demos:/home/sonvv/ros2_ws/install/ros2_control_demo_example_3:/home/sonvv/ros2_ws/install/ign_ros2_control_demos:/home/sonvv/ros2_ws/install/gazebo_ros2_control_demos:/home/sonvv/ros2_ws/install/velocity_controllers:/home/sonvv/ros2_ws/install/tricycle_steering_controller:/home/sonvv/ros2_ws/install/tricycle_controller:/home/sonvv/ros2_ws/install/ros2_control_demo_example_8:/home/sonvv/ros2_ws/install/ros2_control:/home/sonvv/ros2_ws/install/transmission_interface:/home/sonvv/ros2_ws/install/ros2_control_demo_example_11:/home/sonvv/ros2_ws/install/bicycle_steering_controller:/home/sonvv/ros2_ws/install/ackermann_steering_controller:/home/sonvv/ros2_ws/install/steering_controllers_library:/home/sonvv/ros2_ws/install/ros2_control_demo_example_9:/home/sonvv/ros2_ws/install/ros2_control_demo_example_7:/home/sonvv/ros2_ws/install/ros2_control_demo_example_6:/home/sonvv/ros2_ws/install/ros2_control_demo_example_15:/home/sonvv/ros2_ws/install/ros2_control_demo_example_13:/home/sonvv/ros2_ws/install/ros2_control_demo_example_5:/home/sonvv/ros2_ws/install/ros2_control_demo_example_4:/home/sonvv/ros2_ws/install/ros2_control_demo_example_2:/home/sonvv/ros2_ws/install/ros2_control_demo_example_14:/home/sonvv/ros2_ws/install/ros2_control_demo_example_12:/home/sonvv/ros2_ws/install/ros2_control_demo_example_10:/home/sonvv/ros2_ws/install/ros2_control_demo_example_1:/home/sonvv/ros2_ws/install/gz_ros2_control_tests:/home/sonvv/ros2_ws/install/ign_ros2_control:/home/sonvv/ros2_ws/install/hardware_interface_testing:/home/sonvv/ros2_ws/install/gazebo_ros2_control:/home/sonvv/ros2_ws/install/controller_manager:/home/sonvv/ros2_ws/install/ros2_control_test_assets:/home/sonvv/ros2_ws/install/ros2_control_demo_description:/home/sonvv/ros2_ws/install/range_sensor_broadcaster:/home/sonvv/ros2_ws/install/position_controllers:/home/sonvv/ros2_ws/install/pose_broadcaster:/home/sonvv/ros2_ws/install/pid_controller:/home/sonvv/ros2_ws/install/admittance_controller:/home/sonvv/ros2_ws/install/joint_trajectory_controller:/home/sonvv/ros2_ws/install/joint_state_broadcaster:/home/sonvv/ros2_ws/install/imu_sensor_broadcaster:/home/sonvv/ros2_ws/install/gripper_controllers:/home/sonvv/ros2_ws/install/effort_controllers:/home/sonvv/ros2_ws/install/forward_command_controller:/home/sonvv/ros2_ws/install/force_torque_sensor_broadcaster:/home/sonvv/ros2_ws/install/diff_drive_controller:/home/sonvv/ros2_ws/install/control_toolbox:/home/sonvv/ros2_ws/install/realtime_tools:/home/sonvv/ros2_ws/install/kinematics_interface_kdl:/home/sonvv/ros2_ws/install/kinematics_interface:/home/sonvv/ros2_ws/install/joint_limits:/home/sonvv/ros2_ws/install/controller_interface:/home/sonvv/ros2_ws/install/hardware_interface:/home/sonvv/ros2_ws/install/controller_manager_msgs:/home/sonvv/ros2_ws/install/control_msgs:/home/sonvv/ros2_control_demo/install/ros2_control_demos:/home/sonvv/ros2_control_demo/install/ros2_control_demo_example_9:/home/sonvv/ros2_control_demo/install/ros2_control_demo_example_8:/home/sonvv/ros2_control_demo/install/ros2_control_demo_example_7:/home/sonvv/ros2_control_demo/install/ros2_control_demo_example_6:/home/sonvv/ros2_control_demo/install/ros2_control_demo_example_15:/home/sonvv/ros2_control_demo/install/ros2_control_demo_example_13:/home/sonvv/ros2_control_demo/install/ros2_control_demo_example_5:/home/sonvv/ros2_control_demo/install/ros2_control_demo_example_4:/home/sonvv/ros2_control_demo/install/ros2_control_demo_example_3:/home/sonvv/ros2_control_demo/install/ros2_control_demo_example_2:/home/sonvv/ros2_control_demo/install/ros2_control_demo_example_14:/home/sonvv/ros2_control_demo/install/ros2_control_demo_example_12:/home/sonvv/ros2_control_demo/install/ros2_control_demo_example_11:/home/sonvv/ros2_control_demo/install/ros2_control_demo_example_10:/home/sonvv/ros2_control_demo/install/ros2_control_demo_example_1:/home/sonvv/ros2_control_demo/install/ros2_control_demo_description:/home/sonvv/ros2_ws/install/rqt_joint_trajectory_controller:/home/sonvv/ros2_ws/install/rqt_controller_manager:/home/sonvv/ros2_ws/install/ros2controlcli:/home/sonvv/ros2_ws/install/ros2_controllers_test_nodes:/home/sonvv/ros2_ws/install/ros2_control_demo_testing:/home/sonvv/ros2_control_demo/install/ros2_control_demo_testing:/opt/ros/humble /usr/local/bin/cmake --build /home/sonvv/ros_control/Robots_6_axes_basic/build/ros2_control_demo_example_7 -- -j20 -l20
[11.127s] DEBUG:colcon.colcon_core.event_handler.log_command:Invoked command in '/home/sonvv/ros_control/Robots_6_axes_basic/build/ros2_control_demo_example_7' returned '0': AMENT_PREFIX_PATH=/home/sonvv/ros_control/Robots_6_axes_basic/install/ros2_control_demo_description:${AMENT_PREFIX_PATH} CMAKE_PREFIX_PATH=/home/sonvv/ros_control/Robots_6_axes_basic/install/ros2_control_demo_description:/home/sonvv/ros2_ws/install/ros2_controllers:/home/sonvv/ros2_ws/install/ros2_control_demos:/home/sonvv/ros2_ws/install/ros2_control_demo_example_3:/home/sonvv/ros2_ws/install/ign_ros2_control_demos:/home/sonvv/ros2_ws/install/gazebo_ros2_control_demos:/home/sonvv/ros2_ws/install/velocity_controllers:/home/sonvv/ros2_ws/install/tricycle_steering_controller:/home/sonvv/ros2_ws/install/tricycle_controller:/home/sonvv/ros2_ws/install/ros2_control_demo_example_8:/home/sonvv/ros2_ws/install/ros2_control:/home/sonvv/ros2_ws/install/transmission_interface:/home/sonvv/ros2_ws/install/ros2_control_demo_example_11:/home/sonvv/ros2_ws/install/bicycle_steering_controller:/home/sonvv/ros2_ws/install/ackermann_steering_controller:/home/sonvv/ros2_ws/install/steering_controllers_library:/home/sonvv/ros2_ws/install/ros2_control_demo_example_9:/home/sonvv/ros2_ws/install/ros2_control_demo_example_7:/home/sonvv/ros2_ws/install/ros2_control_demo_example_6:/home/sonvv/ros2_ws/install/ros2_control_demo_example_15:/home/sonvv/ros2_ws/install/ros2_control_demo_example_13:/home/sonvv/ros2_ws/install/ros2_control_demo_example_5:/home/sonvv/ros2_ws/install/ros2_control_demo_example_4:/home/sonvv/ros2_ws/install/ros2_control_demo_example_2:/home/sonvv/ros2_ws/install/ros2_control_demo_example_14:/home/sonvv/ros2_ws/install/ros2_control_demo_example_12:/home/sonvv/ros2_ws/install/ros2_control_demo_example_10:/home/sonvv/ros2_ws/install/ros2_control_demo_example_1:/home/sonvv/ros2_ws/install/gz_ros2_control_tests:/home/sonvv/ros2_ws/install/ign_ros2_control:/home/sonvv/ros2_ws/install/hardware_interface_testing:/home/sonvv/ros2_ws/install/gazebo_ros2_control:/home/sonvv/ros2_ws/install/controller_manager:/home/sonvv/ros2_ws/install/ros2_control_test_assets:/home/sonvv/ros2_ws/install/ros2_control_demo_description:/home/sonvv/ros2_ws/install/range_sensor_broadcaster:/home/sonvv/ros2_ws/install/position_controllers:/home/sonvv/ros2_ws/install/pose_broadcaster:/home/sonvv/ros2_ws/install/pid_controller:/home/sonvv/ros2_ws/install/admittance_controller:/home/sonvv/ros2_ws/install/joint_trajectory_controller:/home/sonvv/ros2_ws/install/joint_state_broadcaster:/home/sonvv/ros2_ws/install/imu_sensor_broadcaster:/home/sonvv/ros2_ws/install/gripper_controllers:/home/sonvv/ros2_ws/install/effort_controllers:/home/sonvv/ros2_ws/install/forward_command_controller:/home/sonvv/ros2_ws/install/force_torque_sensor_broadcaster:/home/sonvv/ros2_ws/install/diff_drive_controller:/home/sonvv/ros2_ws/install/control_toolbox:/home/sonvv/ros2_ws/install/realtime_tools:/home/sonvv/ros2_ws/install/kinematics_interface_kdl:/home/sonvv/ros2_ws/install/kinematics_interface:/home/sonvv/ros2_ws/install/joint_limits:/home/sonvv/ros2_ws/install/controller_interface:/home/sonvv/ros2_ws/install/hardware_interface:/home/sonvv/ros2_ws/install/controller_manager_msgs:/home/sonvv/ros2_ws/install/control_msgs:/home/sonvv/ros2_control_demo/install/ros2_control_demos:/home/sonvv/ros2_control_demo/install/ros2_control_demo_example_9:/home/sonvv/ros2_control_demo/install/ros2_control_demo_example_8:/home/sonvv/ros2_control_demo/install/ros2_control_demo_example_7:/home/sonvv/ros2_control_demo/install/ros2_control_demo_example_6:/home/sonvv/ros2_control_demo/install/ros2_control_demo_example_15:/home/sonvv/ros2_control_demo/install/ros2_control_demo_example_13:/home/sonvv/ros2_control_demo/install/ros2_control_demo_example_5:/home/sonvv/ros2_control_demo/install/ros2_control_demo_example_4:/home/sonvv/ros2_control_demo/install/ros2_control_demo_example_3:/home/sonvv/ros2_control_demo/install/ros2_control_demo_example_2:/home/sonvv/ros2_control_demo/install/ros2_control_demo_example_14:/home/sonvv/ros2_control_demo/install/ros2_control_demo_example_12:/home/sonvv/ros2_control_demo/install/ros2_control_demo_example_11:/home/sonvv/ros2_control_demo/install/ros2_control_demo_example_10:/home/sonvv/ros2_control_demo/install/ros2_control_demo_example_1:/home/sonvv/ros2_control_demo/install/ros2_control_demo_description:/home/sonvv/ros2_ws/install/rqt_joint_trajectory_controller:/home/sonvv/ros2_ws/install/rqt_controller_manager:/home/sonvv/ros2_ws/install/ros2controlcli:/home/sonvv/ros2_ws/install/ros2_controllers_test_nodes:/home/sonvv/ros2_ws/install/ros2_control_demo_testing:/home/sonvv/ros2_control_demo/install/ros2_control_demo_testing:/opt/ros/humble /usr/local/bin/cmake --build /home/sonvv/ros_control/Robots_6_axes_basic/build/ros2_control_demo_example_7 -- -j20 -l20
[11.128s] DEBUG:colcon.colcon_core.event_handler.log_command:Invoking command in '/home/sonvv/ros_control/Robots_6_axes_basic/build/ros2_control_demo_example_7': AMENT_PREFIX_PATH=/home/sonvv/ros_control/Robots_6_axes_basic/install/ros2_control_demo_description:${AMENT_PREFIX_PATH} CMAKE_PREFIX_PATH=/home/sonvv/ros_control/Robots_6_axes_basic/install/ros2_control_demo_description:/home/sonvv/ros2_ws/install/ros2_controllers:/home/sonvv/ros2_ws/install/ros2_control_demos:/home/sonvv/ros2_ws/install/ros2_control_demo_example_3:/home/sonvv/ros2_ws/install/ign_ros2_control_demos:/home/sonvv/ros2_ws/install/gazebo_ros2_control_demos:/home/sonvv/ros2_ws/install/velocity_controllers:/home/sonvv/ros2_ws/install/tricycle_steering_controller:/home/sonvv/ros2_ws/install/tricycle_controller:/home/sonvv/ros2_ws/install/ros2_control_demo_example_8:/home/sonvv/ros2_ws/install/ros2_control:/home/sonvv/ros2_ws/install/transmission_interface:/home/sonvv/ros2_ws/install/ros2_control_demo_example_11:/home/sonvv/ros2_ws/install/bicycle_steering_controller:/home/sonvv/ros2_ws/install/ackermann_steering_controller:/home/sonvv/ros2_ws/install/steering_controllers_library:/home/sonvv/ros2_ws/install/ros2_control_demo_example_9:/home/sonvv/ros2_ws/install/ros2_control_demo_example_7:/home/sonvv/ros2_ws/install/ros2_control_demo_example_6:/home/sonvv/ros2_ws/install/ros2_control_demo_example_15:/home/sonvv/ros2_ws/install/ros2_control_demo_example_13:/home/sonvv/ros2_ws/install/ros2_control_demo_example_5:/home/sonvv/ros2_ws/install/ros2_control_demo_example_4:/home/sonvv/ros2_ws/install/ros2_control_demo_example_2:/home/sonvv/ros2_ws/install/ros2_control_demo_example_14:/home/sonvv/ros2_ws/install/ros2_control_demo_example_12:/home/sonvv/ros2_ws/install/ros2_control_demo_example_10:/home/sonvv/ros2_ws/install/ros2_control_demo_example_1:/home/sonvv/ros2_ws/install/gz_ros2_control_tests:/home/sonvv/ros2_ws/install/ign_ros2_control:/home/sonvv/ros2_ws/install/hardware_interface_testing:/home/sonvv/ros2_ws/install/gazebo_ros2_control:/home/sonvv/ros2_ws/install/controller_manager:/home/sonvv/ros2_ws/install/ros2_control_test_assets:/home/sonvv/ros2_ws/install/ros2_control_demo_description:/home/sonvv/ros2_ws/install/range_sensor_broadcaster:/home/sonvv/ros2_ws/install/position_controllers:/home/sonvv/ros2_ws/install/pose_broadcaster:/home/sonvv/ros2_ws/install/pid_controller:/home/sonvv/ros2_ws/install/admittance_controller:/home/sonvv/ros2_ws/install/joint_trajectory_controller:/home/sonvv/ros2_ws/install/joint_state_broadcaster:/home/sonvv/ros2_ws/install/imu_sensor_broadcaster:/home/sonvv/ros2_ws/install/gripper_controllers:/home/sonvv/ros2_ws/install/effort_controllers:/home/sonvv/ros2_ws/install/forward_command_controller:/home/sonvv/ros2_ws/install/force_torque_sensor_broadcaster:/home/sonvv/ros2_ws/install/diff_drive_controller:/home/sonvv/ros2_ws/install/control_toolbox:/home/sonvv/ros2_ws/install/realtime_tools:/home/sonvv/ros2_ws/install/kinematics_interface_kdl:/home/sonvv/ros2_ws/install/kinematics_interface:/home/sonvv/ros2_ws/install/joint_limits:/home/sonvv/ros2_ws/install/controller_interface:/home/sonvv/ros2_ws/install/hardware_interface:/home/sonvv/ros2_ws/install/controller_manager_msgs:/home/sonvv/ros2_ws/install/control_msgs:/home/sonvv/ros2_control_demo/install/ros2_control_demos:/home/sonvv/ros2_control_demo/install/ros2_control_demo_example_9:/home/sonvv/ros2_control_demo/install/ros2_control_demo_example_8:/home/sonvv/ros2_control_demo/install/ros2_control_demo_example_7:/home/sonvv/ros2_control_demo/install/ros2_control_demo_example_6:/home/sonvv/ros2_control_demo/install/ros2_control_demo_example_15:/home/sonvv/ros2_control_demo/install/ros2_control_demo_example_13:/home/sonvv/ros2_control_demo/install/ros2_control_demo_example_5:/home/sonvv/ros2_control_demo/install/ros2_control_demo_example_4:/home/sonvv/ros2_control_demo/install/ros2_control_demo_example_3:/home/sonvv/ros2_control_demo/install/ros2_control_demo_example_2:/home/sonvv/ros2_control_demo/install/ros2_control_demo_example_14:/home/sonvv/ros2_control_demo/install/ros2_control_demo_example_12:/home/sonvv/ros2_control_demo/install/ros2_control_demo_example_11:/home/sonvv/ros2_control_demo/install/ros2_control_demo_example_10:/home/sonvv/ros2_control_demo/install/ros2_control_demo_example_1:/home/sonvv/ros2_control_demo/install/ros2_control_demo_description:/home/sonvv/ros2_ws/install/rqt_joint_trajectory_controller:/home/sonvv/ros2_ws/install/rqt_controller_manager:/home/sonvv/ros2_ws/install/ros2controlcli:/home/sonvv/ros2_ws/install/ros2_controllers_test_nodes:/home/sonvv/ros2_ws/install/ros2_control_demo_testing:/home/sonvv/ros2_control_demo/install/ros2_control_demo_testing:/opt/ros/humble /usr/local/bin/cmake --install /home/sonvv/ros_control/Robots_6_axes_basic/build/ros2_control_demo_example_7
[11.141s] Level 1:colcon.colcon_core.environment:create_environment_scripts_only(ros2_control_demo_example_7)
[11.141s] Level 1:colcon.colcon_core.environment:checking '/home/sonvv/ros_control/Robots_6_axes_basic/install/ros2_control_demo_example_7' for CMake module files
[11.142s] DEBUG:colcon.colcon_core.event_handler.log_command:Invoked command in '/home/sonvv/ros_control/Robots_6_axes_basic/build/ros2_control_demo_example_7' returned '0': AMENT_PREFIX_PATH=/home/sonvv/ros_control/Robots_6_axes_basic/install/ros2_control_demo_description:${AMENT_PREFIX_PATH} CMAKE_PREFIX_PATH=/home/sonvv/ros_control/Robots_6_axes_basic/install/ros2_control_demo_description:/home/sonvv/ros2_ws/install/ros2_controllers:/home/sonvv/ros2_ws/install/ros2_control_demos:/home/sonvv/ros2_ws/install/ros2_control_demo_example_3:/home/sonvv/ros2_ws/install/ign_ros2_control_demos:/home/sonvv/ros2_ws/install/gazebo_ros2_control_demos:/home/sonvv/ros2_ws/install/velocity_controllers:/home/sonvv/ros2_ws/install/tricycle_steering_controller:/home/sonvv/ros2_ws/install/tricycle_controller:/home/sonvv/ros2_ws/install/ros2_control_demo_example_8:/home/sonvv/ros2_ws/install/ros2_control:/home/sonvv/ros2_ws/install/transmission_interface:/home/sonvv/ros2_ws/install/ros2_control_demo_example_11:/home/sonvv/ros2_ws/install/bicycle_steering_controller:/home/sonvv/ros2_ws/install/ackermann_steering_controller:/home/sonvv/ros2_ws/install/steering_controllers_library:/home/sonvv/ros2_ws/install/ros2_control_demo_example_9:/home/sonvv/ros2_ws/install/ros2_control_demo_example_7:/home/sonvv/ros2_ws/install/ros2_control_demo_example_6:/home/sonvv/ros2_ws/install/ros2_control_demo_example_15:/home/sonvv/ros2_ws/install/ros2_control_demo_example_13:/home/sonvv/ros2_ws/install/ros2_control_demo_example_5:/home/sonvv/ros2_ws/install/ros2_control_demo_example_4:/home/sonvv/ros2_ws/install/ros2_control_demo_example_2:/home/sonvv/ros2_ws/install/ros2_control_demo_example_14:/home/sonvv/ros2_ws/install/ros2_control_demo_example_12:/home/sonvv/ros2_ws/install/ros2_control_demo_example_10:/home/sonvv/ros2_ws/install/ros2_control_demo_example_1:/home/sonvv/ros2_ws/install/gz_ros2_control_tests:/home/sonvv/ros2_ws/install/ign_ros2_control:/home/sonvv/ros2_ws/install/hardware_interface_testing:/home/sonvv/ros2_ws/install/gazebo_ros2_control:/home/sonvv/ros2_ws/install/controller_manager:/home/sonvv/ros2_ws/install/ros2_control_test_assets:/home/sonvv/ros2_ws/install/ros2_control_demo_description:/home/sonvv/ros2_ws/install/range_sensor_broadcaster:/home/sonvv/ros2_ws/install/position_controllers:/home/sonvv/ros2_ws/install/pose_broadcaster:/home/sonvv/ros2_ws/install/pid_controller:/home/sonvv/ros2_ws/install/admittance_controller:/home/sonvv/ros2_ws/install/joint_trajectory_controller:/home/sonvv/ros2_ws/install/joint_state_broadcaster:/home/sonvv/ros2_ws/install/imu_sensor_broadcaster:/home/sonvv/ros2_ws/install/gripper_controllers:/home/sonvv/ros2_ws/install/effort_controllers:/home/sonvv/ros2_ws/install/forward_command_controller:/home/sonvv/ros2_ws/install/force_torque_sensor_broadcaster:/home/sonvv/ros2_ws/install/diff_drive_controller:/home/sonvv/ros2_ws/install/control_toolbox:/home/sonvv/ros2_ws/install/realtime_tools:/home/sonvv/ros2_ws/install/kinematics_interface_kdl:/home/sonvv/ros2_ws/install/kinematics_interface:/home/sonvv/ros2_ws/install/joint_limits:/home/sonvv/ros2_ws/install/controller_interface:/home/sonvv/ros2_ws/install/hardware_interface:/home/sonvv/ros2_ws/install/controller_manager_msgs:/home/sonvv/ros2_ws/install/control_msgs:/home/sonvv/ros2_control_demo/install/ros2_control_demos:/home/sonvv/ros2_control_demo/install/ros2_control_demo_example_9:/home/sonvv/ros2_control_demo/install/ros2_control_demo_example_8:/home/sonvv/ros2_control_demo/install/ros2_control_demo_example_7:/home/sonvv/ros2_control_demo/install/ros2_control_demo_example_6:/home/sonvv/ros2_control_demo/install/ros2_control_demo_example_15:/home/sonvv/ros2_control_demo/install/ros2_control_demo_example_13:/home/sonvv/ros2_control_demo/install/ros2_control_demo_example_5:/home/sonvv/ros2_control_demo/install/ros2_control_demo_example_4:/home/sonvv/ros2_control_demo/install/ros2_control_demo_example_3:/home/sonvv/ros2_control_demo/install/ros2_control_demo_example_2:/home/sonvv/ros2_control_demo/install/ros2_control_demo_example_14:/home/sonvv/ros2_control_demo/install/ros2_control_demo_example_12:/home/sonvv/ros2_control_demo/install/ros2_control_demo_example_11:/home/sonvv/ros2_control_demo/install/ros2_control_demo_example_10:/home/sonvv/ros2_control_demo/install/ros2_control_demo_example_1:/home/sonvv/ros2_control_demo/install/ros2_control_demo_description:/home/sonvv/ros2_ws/install/rqt_joint_trajectory_controller:/home/sonvv/ros2_ws/install/rqt_controller_manager:/home/sonvv/ros2_ws/install/ros2controlcli:/home/sonvv/ros2_ws/install/ros2_controllers_test_nodes:/home/sonvv/ros2_ws/install/ros2_control_demo_testing:/home/sonvv/ros2_control_demo/install/ros2_control_demo_testing:/opt/ros/humble /usr/local/bin/cmake --install /home/sonvv/ros_control/Robots_6_axes_basic/build/ros2_control_demo_example_7
[11.142s] Level 1:colcon.colcon_core.environment:checking '/home/sonvv/ros_control/Robots_6_axes_basic/install/ros2_control_demo_example_7' for CMake config files
[11.143s] Level 1:colcon.colcon_core.shell:create_environment_hook('ros2_control_demo_example_7', 'cmake_prefix_path')
[11.143s] INFO:colcon.colcon_core.shell:Creating environment hook '/home/sonvv/ros_control/Robots_6_axes_basic/install/ros2_control_demo_example_7/share/ros2_control_demo_example_7/hook/cmake_prefix_path.ps1'
[11.143s] INFO:colcon.colcon_core.shell:Creating environment descriptor '/home/sonvv/ros_control/Robots_6_axes_basic/install/ros2_control_demo_example_7/share/ros2_control_demo_example_7/hook/cmake_prefix_path.dsv'
[11.144s] INFO:colcon.colcon_core.shell:Creating environment hook '/home/sonvv/ros_control/Robots_6_axes_basic/install/ros2_control_demo_example_7/share/ros2_control_demo_example_7/hook/cmake_prefix_path.sh'
[11.144s] Level 1:colcon.colcon_core.environment:checking '/home/sonvv/ros_control/Robots_6_axes_basic/install/ros2_control_demo_example_7/lib'
[11.144s] Level 1:colcon.colcon_core.shell:create_environment_hook('ros2_control_demo_example_7', 'ld_library_path_lib')
[11.145s] INFO:colcon.colcon_core.shell:Creating environment hook '/home/sonvv/ros_control/Robots_6_axes_basic/install/ros2_control_demo_example_7/share/ros2_control_demo_example_7/hook/ld_library_path_lib.ps1'
[11.145s] INFO:colcon.colcon_core.shell:Creating environment descriptor '/home/sonvv/ros_control/Robots_6_axes_basic/install/ros2_control_demo_example_7/share/ros2_control_demo_example_7/hook/ld_library_path_lib.dsv'
[11.145s] INFO:colcon.colcon_core.shell:Creating environment hook '/home/sonvv/ros_control/Robots_6_axes_basic/install/ros2_control_demo_example_7/share/ros2_control_demo_example_7/hook/ld_library_path_lib.sh'
[11.145s] Level 1:colcon.colcon_core.environment:checking '/home/sonvv/ros_control/Robots_6_axes_basic/install/ros2_control_demo_example_7/bin'
[11.145s] Level 1:colcon.colcon_core.environment:checking '/home/sonvv/ros_control/Robots_6_axes_basic/install/ros2_control_demo_example_7/lib/pkgconfig/ros2_control_demo_example_7.pc'
[11.146s] Level 1:colcon.colcon_core.environment:checking '/home/sonvv/ros_control/Robots_6_axes_basic/install/ros2_control_demo_example_7/lib/python3.10/site-packages'
[11.146s] Level 1:colcon.colcon_core.environment:checking '/home/sonvv/ros_control/Robots_6_axes_basic/install/ros2_control_demo_example_7/bin'
[11.146s] INFO:colcon.colcon_core.shell:Creating package script '/home/sonvv/ros_control/Robots_6_axes_basic/install/ros2_control_demo_example_7/share/ros2_control_demo_example_7/package.ps1'
[11.147s] INFO:colcon.colcon_core.shell:Creating package descriptor '/home/sonvv/ros_control/Robots_6_axes_basic/install/ros2_control_demo_example_7/share/ros2_control_demo_example_7/package.dsv'
[11.147s] INFO:colcon.colcon_core.shell:Creating package script '/home/sonvv/ros_control/Robots_6_axes_basic/install/ros2_control_demo_example_7/share/ros2_control_demo_example_7/package.sh'
[11.147s] INFO:colcon.colcon_core.shell:Creating package script '/home/sonvv/ros_control/Robots_6_axes_basic/install/ros2_control_demo_example_7/share/ros2_control_demo_example_7/package.bash'
[11.147s] INFO:colcon.colcon_core.shell:Creating package script '/home/sonvv/ros_control/Robots_6_axes_basic/install/ros2_control_demo_example_7/share/ros2_control_demo_example_7/package.zsh'
[11.148s] Level 1:colcon.colcon_core.environment:create_file_with_runtime_dependencies(/home/sonvv/ros_control/Robots_6_axes_basic/install/ros2_control_demo_example_7/share/colcon-core/packages/ros2_control_demo_example_7)
[11.148s] Level 1:colcon.colcon_core.environment:create_environment_scripts_only(ros2_control_demo_example_7)
[11.148s] Level 1:colcon.colcon_core.environment:checking '/home/sonvv/ros_control/Robots_6_axes_basic/install/ros2_control_demo_example_7' for CMake module files
[11.149s] Level 1:colcon.colcon_core.environment:checking '/home/sonvv/ros_control/Robots_6_axes_basic/install/ros2_control_demo_example_7' for CMake config files
[11.149s] Level 1:colcon.colcon_core.shell:create_environment_hook('ros2_control_demo_example_7', 'cmake_prefix_path')
[11.149s] INFO:colcon.colcon_core.shell:Creating environment hook '/home/sonvv/ros_control/Robots_6_axes_basic/install/ros2_control_demo_example_7/share/ros2_control_demo_example_7/hook/cmake_prefix_path.ps1'
[11.149s] INFO:colcon.colcon_core.shell:Creating environment descriptor '/home/sonvv/ros_control/Robots_6_axes_basic/install/ros2_control_demo_example_7/share/ros2_control_demo_example_7/hook/cmake_prefix_path.dsv'
[11.149s] INFO:colcon.colcon_core.shell:Creating environment hook '/home/sonvv/ros_control/Robots_6_axes_basic/install/ros2_control_demo_example_7/share/ros2_control_demo_example_7/hook/cmake_prefix_path.sh'
[11.149s] Level 1:colcon.colcon_core.environment:checking '/home/sonvv/ros_control/Robots_6_axes_basic/install/ros2_control_demo_example_7/lib'
[11.150s] Level 1:colcon.colcon_core.shell:create_environment_hook('ros2_control_demo_example_7', 'ld_library_path_lib')
[11.150s] INFO:colcon.colcon_core.shell:Creating environment hook '/home/sonvv/ros_control/Robots_6_axes_basic/install/ros2_control_demo_example_7/share/ros2_control_demo_example_7/hook/ld_library_path_lib.ps1'
[11.150s] INFO:colcon.colcon_core.shell:Creating environment descriptor '/home/sonvv/ros_control/Robots_6_axes_basic/install/ros2_control_demo_example_7/share/ros2_control_demo_example_7/hook/ld_library_path_lib.dsv'
[11.150s] INFO:colcon.colcon_core.shell:Creating environment hook '/home/sonvv/ros_control/Robots_6_axes_basic/install/ros2_control_demo_example_7/share/ros2_control_demo_example_7/hook/ld_library_path_lib.sh'
[11.150s] Level 1:colcon.colcon_core.environment:checking '/home/sonvv/ros_control/Robots_6_axes_basic/install/ros2_control_demo_example_7/bin'
[11.150s] Level 1:colcon.colcon_core.environment:checking '/home/sonvv/ros_control/Robots_6_axes_basic/install/ros2_control_demo_example_7/lib/pkgconfig/ros2_control_demo_example_7.pc'
[11.151s] Level 1:colcon.colcon_core.environment:checking '/home/sonvv/ros_control/Robots_6_axes_basic/install/ros2_control_demo_example_7/lib/python3.10/site-packages'
[11.151s] Level 1:colcon.colcon_core.environment:checking '/home/sonvv/ros_control/Robots_6_axes_basic/install/ros2_control_demo_example_7/bin'
[11.151s] INFO:colcon.colcon_core.shell:Creating package script '/home/sonvv/ros_control/Robots_6_axes_basic/install/ros2_control_demo_example_7/share/ros2_control_demo_example_7/package.ps1'
[11.151s] INFO:colcon.colcon_core.shell:Creating package descriptor '/home/sonvv/ros_control/Robots_6_axes_basic/install/ros2_control_demo_example_7/share/ros2_control_demo_example_7/package.dsv'
[11.151s] INFO:colcon.colcon_core.shell:Creating package script '/home/sonvv/ros_control/Robots_6_axes_basic/install/ros2_control_demo_example_7/share/ros2_control_demo_example_7/package.sh'
[11.152s] INFO:colcon.colcon_core.shell:Creating package script '/home/sonvv/ros_control/Robots_6_axes_basic/install/ros2_control_demo_example_7/share/ros2_control_demo_example_7/package.bash'
[11.152s] INFO:colcon.colcon_core.shell:Creating package script '/home/sonvv/ros_control/Robots_6_axes_basic/install/ros2_control_demo_example_7/share/ros2_control_demo_example_7/package.zsh'
[11.152s] Level 1:colcon.colcon_core.environment:create_file_with_runtime_dependencies(/home/sonvv/ros_control/Robots_6_axes_basic/install/ros2_control_demo_example_7/share/colcon-core/packages/ros2_control_demo_example_7)
[11.152s] DEBUG:colcon.colcon_parallel_executor.executor.parallel:closing loop
[11.153s] DEBUG:colcon.colcon_parallel_executor.executor.parallel:loop closed
[11.153s] DEBUG:colcon.colcon_parallel_executor.executor.parallel:run_until_complete finished with '0'
[11.153s] DEBUG:colcon.colcon_core.event_reactor:joining thread
[11.195s] INFO:colcon.colcon_core.plugin_system:Skipping extension 'colcon_notification.desktop_notification.notify_send': Could not find 'notify-send'
[11.195s] INFO:colcon.colcon_core.plugin_system:Skipping extension 'colcon_notification.desktop_notification.terminal_notifier': Not used on non-Darwin systems
[11.196s] INFO:colcon.colcon_core.plugin_system:Skipping extension 'colcon_notification.desktop_notification.win32': Not used on non-Windows systems
[11.196s] INFO:colcon.colcon_notification.desktop_notification:Sending desktop notification using 'notify2'
[11.196s] DEBUG:colcon.colcon_notification.desktop_notification.notify2:Failed to initialize notify2: org.freedesktop.DBus.Error.FileNotFound: Failed to connect to socket /run/user/1000/bus: No such file or directory
[11.196s] DEBUG:colcon.colcon_core.event_reactor:joined thread
[11.196s] INFO:colcon.colcon_core.shell:Creating prefix script '/home/sonvv/ros_control/Robots_6_axes_basic/install/local_setup.ps1'
[11.197s] INFO:colcon.colcon_core.shell:Creating prefix util module '/home/sonvv/ros_control/Robots_6_axes_basic/install/_local_setup_util_ps1.py'
[11.198s] INFO:colcon.colcon_core.shell:Creating prefix chain script '/home/sonvv/ros_control/Robots_6_axes_basic/install/setup.ps1'
[11.200s] INFO:colcon.colcon_core.shell:Creating prefix script '/home/sonvv/ros_control/Robots_6_axes_basic/install/local_setup.sh'
[11.201s] INFO:colcon.colcon_core.shell:Creating prefix util module '/home/sonvv/ros_control/Robots_6_axes_basic/install/_local_setup_util_sh.py'
[11.201s] INFO:colcon.colcon_core.shell:Creating prefix chain script '/home/sonvv/ros_control/Robots_6_axes_basic/install/setup.sh'
[11.203s] INFO:colcon.colcon_core.shell:Creating prefix script '/home/sonvv/ros_control/Robots_6_axes_basic/install/local_setup.bash'
[11.204s] INFO:colcon.colcon_core.shell:Creating prefix chain script '/home/sonvv/ros_control/Robots_6_axes_basic/install/setup.bash'
[11.206s] INFO:colcon.colcon_core.shell:Creating prefix script '/home/sonvv/ros_control/Robots_6_axes_basic/install/local_setup.zsh'
[11.207s] INFO:colcon.colcon_core.shell:Creating prefix chain script '/home/sonvv/ros_control/Robots_6_axes_basic/install/setup.zsh'
