[0.028s] Invoking command in '/home/sonvv/ros_control/example3-runRviz/build/ros2_control_demo_example_2': AMENT_PREFIX_PATH=/home/sonvv/ros_control/example3-runRviz/install/ros2_control_demo_description:${AMENT_PREFIX_PATH} CMAKE_PREFIX_PATH=/home/sonvv/ros_control/example3-runRviz/install/ros2_control_demo_description:/opt/ros/humble /usr/local/bin/cmake /home/sonvv/ros_control/example3-runRviz/src/core -DCMAKE_INSTALL_PREFIX=/home/sonvv/ros_control/example3-runRviz/install/ros2_control_demo_example_2
[0.116s] -- The CXX compiler identification is GNU 11.4.0
[0.276s] -- Detecting CXX compiler ABI info
[0.347s] -- Detecting CXX compiler ABI info - done
[0.356s] -- Check for working CXX compiler: /usr/bin/c++ - skipped
[0.356s] -- Detecting CXX compile features
[0.356s] -- Detecting CXX compile features - done
[0.363s] -- Found ament_cmake: 1.3.10 (/opt/ros/humble/share/ament_cmake/cmake)
[0.435s] -- Found Python3: /usr/bin/python3 (found version "3.10.12") found components: Interpreter
[0.484s] -- Found hardware_interface: 2.43.1 (/opt/ros/humble/share/hardware_interface/cmake)
[0.629s] -- Found rosidl_generator_c: 3.1.5 (/opt/ros/humble/share/rosidl_generator_c/cmake)
[0.633s] -- Found rosidl_adapter: 3.1.5 (/opt/ros/humble/share/rosidl_adapter/cmake)
[0.642s] -- Found rosidl_generator_cpp: 3.1.5 (/opt/ros/humble/share/rosidl_generator_cpp/cmake)
[0.657s] -- Using all available rosidl_typesupport_c: rosidl_typesupport_fastrtps_c;rosidl_typesupport_introspection_c
[0.676s] -- Using all available rosidl_typesupport_cpp: rosidl_typesupport_fastrtps_cpp;rosidl_typesupport_introspection_cpp
[1.612s] -- Found rmw_implementation_cmake: 6.1.2 (/opt/ros/humble/share/rmw_implementation_cmake/cmake)
[1.615s] -- Found rmw_fastrtps_cpp: 6.2.7 (/opt/ros/humble/share/rmw_fastrtps_cpp/cmake)
[1.643s] -- Found TinyXML2 via Config file: TinyXML2_DIR-NOTFOUND
[1.671s] -- Found OpenSSL: /usr/lib/x86_64-linux-gnu/libcrypto.so (found version "3.0.2")
[1.674s] -- Found TinyXML2 via Config file: TinyXML2_DIR-NOTFOUND
[1.798s] -- Found FastRTPS: /opt/ros/humble/include
[1.802s] -- Found TinyXML2 via Config file: TinyXML2_DIR-NOTFOUND
[1.808s] -- Found TinyXML2 via Config file: TinyXML2_DIR-NOTFOUND
[1.899s] -- Using RMW implementation 'rmw_fastrtps_cpp' as default
[1.909s] -- Performing Test CMAKE_HAVE_LIBC_PTHREAD
[2.005s] -- Performing Test CMAKE_HAVE_LIBC_PTHREAD - Success
[2.006s] -- Found Threads: TRUE
[2.061s] -- Found ament_cmake_pytest: 1.3.10 (/opt/ros/humble/share/ament_cmake_pytest/cmake)
[2.757s] -- Configuring done (2.7s)
[2.813s] -- Generating done (0.1s)
[2.815s] -- Build files have been written to: /home/sonvv/ros_control/example3-runRviz/build/ros2_control_demo_example_2
[2.821s] Invoked command in '/home/sonvv/ros_control/example3-runRviz/build/ros2_control_demo_example_2' returned '0': AMENT_PREFIX_PATH=/home/sonvv/ros_control/example3-runRviz/install/ros2_control_demo_description:${AMENT_PREFIX_PATH} CMAKE_PREFIX_PATH=/home/sonvv/ros_control/example3-runRviz/install/ros2_control_demo_description:/opt/ros/humble /usr/local/bin/cmake /home/sonvv/ros_control/example3-runRviz/src/core -DCMAKE_INSTALL_PREFIX=/home/sonvv/ros_control/example3-runRviz/install/ros2_control_demo_example_2
[2.823s] Invoking command in '/home/sonvv/ros_control/example3-runRviz/build/ros2_control_demo_example_2': AMENT_PREFIX_PATH=/home/sonvv/ros_control/example3-runRviz/install/ros2_control_demo_description:${AMENT_PREFIX_PATH} CMAKE_PREFIX_PATH=/home/sonvv/ros_control/example3-runRviz/install/ros2_control_demo_description:/opt/ros/humble /usr/local/bin/cmake --build /home/sonvv/ros_control/example3-runRviz/build/ros2_control_demo_example_2 -- -j20 -l20
[2.838s] [ 50%] [32mBuilding CXX object CMakeFiles/ros2_control_demo_example_2.dir/hardware/diffbot_system.cpp.o[0m
[5.118s] [100%] [32m[1mLinking CXX shared library libros2_control_demo_example_2.so[0m
[5.303s] [100%] Built target ros2_control_demo_example_2
[5.307s] Invoked command in '/home/sonvv/ros_control/example3-runRviz/build/ros2_control_demo_example_2' returned '0': AMENT_PREFIX_PATH=/home/sonvv/ros_control/example3-runRviz/install/ros2_control_demo_description:${AMENT_PREFIX_PATH} CMAKE_PREFIX_PATH=/home/sonvv/ros_control/example3-runRviz/install/ros2_control_demo_description:/opt/ros/humble /usr/local/bin/cmake --build /home/sonvv/ros_control/example3-runRviz/build/ros2_control_demo_example_2 -- -j20 -l20
[5.309s] Invoking command in '/home/sonvv/ros_control/example3-runRviz/build/ros2_control_demo_example_2': AMENT_PREFIX_PATH=/home/sonvv/ros_control/example3-runRviz/install/ros2_control_demo_description:${AMENT_PREFIX_PATH} CMAKE_PREFIX_PATH=/home/sonvv/ros_control/example3-runRviz/install/ros2_control_demo_description:/opt/ros/humble /usr/local/bin/cmake --install /home/sonvv/ros_control/example3-runRviz/build/ros2_control_demo_example_2
[5.311s] -- Install configuration: ""
[5.311s] -- Installing: /home/sonvv/ros_control/example3-runRviz/install/ros2_control_demo_example_2/share/ros2_control_demo_example_2/ros2_control_demo_example_2.xml
[5.311s] -- Installing: /home/sonvv/ros_control/example3-runRviz/install/ros2_control_demo_example_2/include/ros2_control_demo_example_2
[5.311s] -- Installing: /home/sonvv/ros_control/example3-runRviz/install/ros2_control_demo_example_2/include/ros2_control_demo_example_2/ros2_control_demo_example_2
[5.311s] -- Installing: /home/sonvv/ros_control/example3-runRviz/install/ros2_control_demo_example_2/include/ros2_control_demo_example_2/ros2_control_demo_example_2/diffbot_system.hpp
[5.312s] -- Installing: /home/sonvv/ros_control/example3-runRviz/install/ros2_control_demo_example_2/include/ros2_control_demo_example_2/ros2_control_demo_example_2/diffbot_system.hpp:Zone.Identifier
[5.312s] -- Installing: /home/sonvv/ros_control/example3-runRviz/install/ros2_control_demo_example_2/share/ros2_control_demo_example_2/launch
[5.312s] -- Installing: /home/sonvv/ros_control/example3-runRviz/install/ros2_control_demo_example_2/share/ros2_control_demo_example_2/launch/view_robot.launch.py:Zone.Identifier
[5.312s] -- Installing: /home/sonvv/ros_control/example3-runRviz/install/ros2_control_demo_example_2/share/ros2_control_demo_example_2/launch/view_robot.launch.py
[5.312s] -- Installing: /home/sonvv/ros_control/example3-runRviz/install/ros2_control_demo_example_2/share/ros2_control_demo_example_2/ros2_control
[5.312s] -- Installing: /home/sonvv/ros_control/example3-runRviz/install/ros2_control_demo_example_2/share/ros2_control_demo_example_2/ros2_control/diffbot.ros2_control.xacro:Zone.Identifier
[5.312s] -- Installing: /home/sonvv/ros_control/example3-runRviz/install/ros2_control_demo_example_2/share/ros2_control_demo_example_2/ros2_control/diffbot.ros2_control.xacro
[5.312s] -- Installing: /home/sonvv/ros_control/example3-runRviz/install/ros2_control_demo_example_2/share/ros2_control_demo_example_2/urdf
[5.312s] -- Installing: /home/sonvv/ros_control/example3-runRviz/install/ros2_control_demo_example_2/share/ros2_control_demo_example_2/urdf/diffbot.urdf.xacro
[5.312s] -- Installing: /home/sonvv/ros_control/example3-runRviz/install/ros2_control_demo_example_2/share/ros2_control_demo_example_2/urdf/diffbot.urdf.xacro:Zone.Identifier
[5.312s] -- Up-to-date: /home/sonvv/ros_control/example3-runRviz/install/ros2_control_demo_example_2/share/ros2_control_demo_example_2/launch
[5.312s] -- Installing: /home/sonvv/ros_control/example3-runRviz/install/ros2_control_demo_example_2/share/ros2_control_demo_example_2/launch/diffbot.launch.py
[5.312s] -- Installing: /home/sonvv/ros_control/example3-runRviz/install/ros2_control_demo_example_2/share/ros2_control_demo_example_2/launch/diffbot.launch.py:Zone.Identifier
[5.313s] -- Installing: /home/sonvv/ros_control/example3-runRviz/install/ros2_control_demo_example_2/share/ros2_control_demo_example_2/config
[5.313s] -- Installing: /home/sonvv/ros_control/example3-runRviz/install/ros2_control_demo_example_2/share/ros2_control_demo_example_2/config/diffbot_controllers.yaml:Zone.Identifier
[5.313s] -- Installing: /home/sonvv/ros_control/example3-runRviz/install/ros2_control_demo_example_2/share/ros2_control_demo_example_2/config/diffbot_controllers.yaml
[5.313s] -- Installing: /home/sonvv/ros_control/example3-runRviz/install/ros2_control_demo_example_2/lib/libros2_control_demo_example_2.so
[5.313s] -- Set non-toolchain portion of runtime path of "/home/sonvv/ros_control/example3-runRviz/install/ros2_control_demo_example_2/lib/libros2_control_demo_example_2.so" to ""
[5.313s] -- Installing: /home/sonvv/ros_control/example3-runRviz/install/ros2_control_demo_example_2/share/ros2_control_demo_example_2/environment/library_path.sh
[5.314s] -- Installing: /home/sonvv/ros_control/example3-runRviz/install/ros2_control_demo_example_2/share/ros2_control_demo_example_2/environment/library_path.dsv
[5.314s] -- Installing: /home/sonvv/ros_control/example3-runRviz/install/ros2_control_demo_example_2/share/ament_index/resource_index/package_run_dependencies/ros2_control_demo_example_2
[5.314s] -- Installing: /home/sonvv/ros_control/example3-runRviz/install/ros2_control_demo_example_2/share/ament_index/resource_index/parent_prefix_path/ros2_control_demo_example_2
[5.314s] -- Installing: /home/sonvv/ros_control/example3-runRviz/install/ros2_control_demo_example_2/share/ros2_control_demo_example_2/environment/ament_prefix_path.sh
[5.314s] -- Installing: /home/sonvv/ros_control/example3-runRviz/install/ros2_control_demo_example_2/share/ros2_control_demo_example_2/environment/ament_prefix_path.dsv
[5.315s] -- Installing: /home/sonvv/ros_control/example3-runRviz/install/ros2_control_demo_example_2/share/ros2_control_demo_example_2/environment/path.sh
[5.315s] -- Installing: /home/sonvv/ros_control/example3-runRviz/install/ros2_control_demo_example_2/share/ros2_control_demo_example_2/environment/path.dsv
[5.315s] -- Installing: /home/sonvv/ros_control/example3-runRviz/install/ros2_control_demo_example_2/share/ros2_control_demo_example_2/local_setup.bash
[5.315s] -- Installing: /home/sonvv/ros_control/example3-runRviz/install/ros2_control_demo_example_2/share/ros2_control_demo_example_2/local_setup.sh
[5.315s] -- Installing: /home/sonvv/ros_control/example3-runRviz/install/ros2_control_demo_example_2/share/ros2_control_demo_example_2/local_setup.zsh
[5.315s] -- Installing: /home/sonvv/ros_control/example3-runRviz/install/ros2_control_demo_example_2/share/ros2_control_demo_example_2/local_setup.dsv
[5.315s] -- Installing: /home/sonvv/ros_control/example3-runRviz/install/ros2_control_demo_example_2/share/ros2_control_demo_example_2/package.dsv
[5.315s] -- Installing: /home/sonvv/ros_control/example3-runRviz/install/ros2_control_demo_example_2/share/ament_index/resource_index/packages/ros2_control_demo_example_2
[5.315s] -- Installing: /home/sonvv/ros_control/example3-runRviz/install/ros2_control_demo_example_2/share/ament_index/resource_index/hardware_interface__pluginlib__plugin/ros2_control_demo_example_2
[5.316s] -- Installing: /home/sonvv/ros_control/example3-runRviz/install/ros2_control_demo_example_2/share/ros2_control_demo_example_2/cmake/export_ros2_control_demo_example_2Export.cmake
[5.316s] -- Installing: /home/sonvv/ros_control/example3-runRviz/install/ros2_control_demo_example_2/share/ros2_control_demo_example_2/cmake/export_ros2_control_demo_example_2Export-noconfig.cmake
[5.316s] -- Installing: /home/sonvv/ros_control/example3-runRviz/install/ros2_control_demo_example_2/share/ros2_control_demo_example_2/cmake/ament_cmake_export_targets-extras.cmake
[5.316s] -- Installing: /home/sonvv/ros_control/example3-runRviz/install/ros2_control_demo_example_2/share/ros2_control_demo_example_2/cmake/ament_cmake_export_dependencies-extras.cmake
[5.316s] -- Installing: /home/sonvv/ros_control/example3-runRviz/install/ros2_control_demo_example_2/share/ros2_control_demo_example_2/cmake/ros2_control_demo_example_2Config.cmake
[5.316s] -- Installing: /home/sonvv/ros_control/example3-runRviz/install/ros2_control_demo_example_2/share/ros2_control_demo_example_2/cmake/ros2_control_demo_example_2Config-version.cmake
[5.316s] -- Installing: /home/sonvv/ros_control/example3-runRviz/install/ros2_control_demo_example_2/share/ros2_control_demo_example_2/package.xml
[5.317s] Invoked command in '/home/sonvv/ros_control/example3-runRviz/build/ros2_control_demo_example_2' returned '0': AMENT_PREFIX_PATH=/home/sonvv/ros_control/example3-runRviz/install/ros2_control_demo_description:${AMENT_PREFIX_PATH} CMAKE_PREFIX_PATH=/home/sonvv/ros_control/example3-runRviz/install/ros2_control_demo_description:/opt/ros/humble /usr/local/bin/cmake --install /home/sonvv/ros_control/example3-runRviz/build/ros2_control_demo_example_2
