[0.032s] Invoking command in '/home/sonvv/ros_control/example3-runRviz/build/ros2_control_demo_example_2': AMENT_PREFIX_PATH=/home/sonvv/ros_control/example3-runRviz/install/ros2_control_demo_description:${AMENT_PREFIX_PATH} CMAKE_PREFIX_PATH=/home/sonvv/ros_control/example3-runRviz/install/ros2_control_demo_description:/opt/ros/humble /usr/local/bin/cmake --build /home/sonvv/ros_control/example3-runRviz/build/ros2_control_demo_example_2 -- -j20 -l20
[0.057s] [ 50%] [32mBuilding CXX object CMakeFiles/ros2_control_demo_example_2.dir/hardware/diffbot_system.cpp.o[0m
[2.330s] [100%] [32m[1mLinking CXX shared library libros2_control_demo_example_2.so[0m
[2.604s] [100%] Built target ros2_control_demo_example_2
[2.608s] Invoked command in '/home/sonvv/ros_control/example3-runRviz/build/ros2_control_demo_example_2' returned '0': AMENT_PREFIX_PATH=/home/sonvv/ros_control/example3-runRviz/install/ros2_control_demo_description:${AMENT_PREFIX_PATH} CMAKE_PREFIX_PATH=/home/sonvv/ros_control/example3-runRviz/install/ros2_control_demo_description:/opt/ros/humble /usr/local/bin/cmake --build /home/sonvv/ros_control/example3-runRviz/build/ros2_control_demo_example_2 -- -j20 -l20
[2.610s] Invoking command in '/home/sonvv/ros_control/example3-runRviz/build/ros2_control_demo_example_2': AMENT_PREFIX_PATH=/home/sonvv/ros_control/example3-runRviz/install/ros2_control_demo_description:${AMENT_PREFIX_PATH} CMAKE_PREFIX_PATH=/home/sonvv/ros_control/example3-runRviz/install/ros2_control_demo_description:/opt/ros/humble /usr/local/bin/cmake --install /home/sonvv/ros_control/example3-runRviz/build/ros2_control_demo_example_2
[2.612s] -- Install configuration: ""
[2.612s] -- Up-to-date: /home/sonvv/ros_control/example3-runRviz/install/ros2_control_demo_example_2/share/ros2_control_demo_example_2/ros2_control_demo_example_2.xml
[2.612s] -- Up-to-date: /home/sonvv/ros_control/example3-runRviz/install/ros2_control_demo_example_2/include/ros2_control_demo_example_2
[2.612s] -- Up-to-date: /home/sonvv/ros_control/example3-runRviz/install/ros2_control_demo_example_2/include/ros2_control_demo_example_2/ros2_control_demo_example_2
[2.613s] -- Up-to-date: /home/sonvv/ros_control/example3-runRviz/install/ros2_control_demo_example_2/include/ros2_control_demo_example_2/ros2_control_demo_example_2/diffbot_system.hpp
[2.613s] -- Up-to-date: /home/sonvv/ros_control/example3-runRviz/install/ros2_control_demo_example_2/share/ros2_control_demo_example_2/launch
[2.613s] -- Up-to-date: /home/sonvv/ros_control/example3-runRviz/install/ros2_control_demo_example_2/share/ros2_control_demo_example_2/launch/view_robot.launch.py
[2.613s] -- Up-to-date: /home/sonvv/ros_control/example3-runRviz/install/ros2_control_demo_example_2/share/ros2_control_demo_example_2/ros2_control
[2.613s] -- Up-to-date: /home/sonvv/ros_control/example3-runRviz/install/ros2_control_demo_example_2/share/ros2_control_demo_example_2/ros2_control/diffbot.ros2_control.xacro
[2.613s] -- Up-to-date: /home/sonvv/ros_control/example3-runRviz/install/ros2_control_demo_example_2/share/ros2_control_demo_example_2/urdf
[2.613s] -- Up-to-date: /home/sonvv/ros_control/example3-runRviz/install/ros2_control_demo_example_2/share/ros2_control_demo_example_2/urdf/diffbot.urdf.xacro
[2.613s] -- Up-to-date: /home/sonvv/ros_control/example3-runRviz/install/ros2_control_demo_example_2/share/ros2_control_demo_example_2/launch
[2.613s] -- Up-to-date: /home/sonvv/ros_control/example3-runRviz/install/ros2_control_demo_example_2/share/ros2_control_demo_example_2/launch/diffbot.launch.py
[2.613s] -- Up-to-date: /home/sonvv/ros_control/example3-runRviz/install/ros2_control_demo_example_2/share/ros2_control_demo_example_2/config
[2.613s] -- Up-to-date: /home/sonvv/ros_control/example3-runRviz/install/ros2_control_demo_example_2/share/ros2_control_demo_example_2/config/diffbot_controllers.yaml
[2.614s] -- Installing: /home/sonvv/ros_control/example3-runRviz/install/ros2_control_demo_example_2/lib/libros2_control_demo_example_2.so
[2.614s] -- Set non-toolchain portion of runtime path of "/home/sonvv/ros_control/example3-runRviz/install/ros2_control_demo_example_2/lib/libros2_control_demo_example_2.so" to ""
[2.615s] -- Up-to-date: /home/sonvv/ros_control/example3-runRviz/install/ros2_control_demo_example_2/share/ros2_control_demo_example_2/environment/library_path.sh
[2.615s] -- Up-to-date: /home/sonvv/ros_control/example3-runRviz/install/ros2_control_demo_example_2/share/ros2_control_demo_example_2/environment/library_path.dsv
[2.615s] -- Up-to-date: /home/sonvv/ros_control/example3-runRviz/install/ros2_control_demo_example_2/share/ament_index/resource_index/package_run_dependencies/ros2_control_demo_example_2
[2.615s] -- Up-to-date: /home/sonvv/ros_control/example3-runRviz/install/ros2_control_demo_example_2/share/ament_index/resource_index/parent_prefix_path/ros2_control_demo_example_2
[2.615s] -- Up-to-date: /home/sonvv/ros_control/example3-runRviz/install/ros2_control_demo_example_2/share/ros2_control_demo_example_2/environment/ament_prefix_path.sh
[2.615s] -- Up-to-date: /home/sonvv/ros_control/example3-runRviz/install/ros2_control_demo_example_2/share/ros2_control_demo_example_2/environment/ament_prefix_path.dsv
[2.615s] -- Up-to-date: /home/sonvv/ros_control/example3-runRviz/install/ros2_control_demo_example_2/share/ros2_control_demo_example_2/environment/path.sh
[2.615s] -- Up-to-date: /home/sonvv/ros_control/example3-runRviz/install/ros2_control_demo_example_2/share/ros2_control_demo_example_2/environment/path.dsv
[2.615s] -- Up-to-date: /home/sonvv/ros_control/example3-runRviz/install/ros2_control_demo_example_2/share/ros2_control_demo_example_2/local_setup.bash
[2.615s] -- Up-to-date: /home/sonvv/ros_control/example3-runRviz/install/ros2_control_demo_example_2/share/ros2_control_demo_example_2/local_setup.sh
[2.616s] -- Up-to-date: /home/sonvv/ros_control/example3-runRviz/install/ros2_control_demo_example_2/share/ros2_control_demo_example_2/local_setup.zsh
[2.616s] -- Up-to-date: /home/sonvv/ros_control/example3-runRviz/install/ros2_control_demo_example_2/share/ros2_control_demo_example_2/local_setup.dsv
[2.616s] -- Installing: /home/sonvv/ros_control/example3-runRviz/install/ros2_control_demo_example_2/share/ros2_control_demo_example_2/package.dsv
[2.616s] -- Up-to-date: /home/sonvv/ros_control/example3-runRviz/install/ros2_control_demo_example_2/share/ament_index/resource_index/packages/ros2_control_demo_example_2
[2.616s] -- Up-to-date: /home/sonvv/ros_control/example3-runRviz/install/ros2_control_demo_example_2/share/ament_index/resource_index/hardware_interface__pluginlib__plugin/ros2_control_demo_example_2
[2.616s] -- Up-to-date: /home/sonvv/ros_control/example3-runRviz/install/ros2_control_demo_example_2/share/ros2_control_demo_example_2/cmake/export_ros2_control_demo_example_2Export.cmake
[2.616s] -- Up-to-date: /home/sonvv/ros_control/example3-runRviz/install/ros2_control_demo_example_2/share/ros2_control_demo_example_2/cmake/export_ros2_control_demo_example_2Export-noconfig.cmake
[2.616s] -- Up-to-date: /home/sonvv/ros_control/example3-runRviz/install/ros2_control_demo_example_2/share/ros2_control_demo_example_2/cmake/ament_cmake_export_targets-extras.cmake
[2.617s] -- Up-to-date: /home/sonvv/ros_control/example3-runRviz/install/ros2_control_demo_example_2/share/ros2_control_demo_example_2/cmake/ament_cmake_export_dependencies-extras.cmake
[2.617s] -- Up-to-date: /home/sonvv/ros_control/example3-runRviz/install/ros2_control_demo_example_2/share/ros2_control_demo_example_2/cmake/ros2_control_demo_example_2Config.cmake
[2.617s] -- Up-to-date: /home/sonvv/ros_control/example3-runRviz/install/ros2_control_demo_example_2/share/ros2_control_demo_example_2/cmake/ros2_control_demo_example_2Config-version.cmake
[2.617s] -- Up-to-date: /home/sonvv/ros_control/example3-runRviz/install/ros2_control_demo_example_2/share/ros2_control_demo_example_2/package.xml
[2.618s] Invoked command in '/home/sonvv/ros_control/example3-runRviz/build/ros2_control_demo_example_2' returned '0': AMENT_PREFIX_PATH=/home/sonvv/ros_control/example3-runRviz/install/ros2_control_demo_description:${AMENT_PREFIX_PATH} CMAKE_PREFIX_PATH=/home/sonvv/ros_control/example3-runRviz/install/ros2_control_demo_description:/opt/ros/humble /usr/local/bin/cmake --install /home/sonvv/ros_control/example3-runRviz/build/ros2_control_demo_example_2
